<html>
<head>
<title>TestNG:  Command line test</title>
<link href="../testng.css" rel="stylesheet" type="text/css" />
<link href="../my-testng.css" rel="stylesheet" type="text/css" />

<style type="text/css">
.log { display: none;} 
.stack-trace { display: none;} 
</style>
<script type="text/javascript">
<!--
function flip(e) {
  current = e.style.display;
  if (current == 'block') {
    e.style.display = 'none';
    return 0;
  }
  else {
    e.style.display = 'block';
    return 1;
  }
}

function toggleBox(szDivId, elem, msg1, msg2)
{
  var res = -1;  if (document.getElementById) {
    res = flip(document.getElementById(szDivId));
  }
  else if (document.all) {
    // this is the way old msie versions work
    res = flip(document.all[szDivId]);
  }
  if(elem) {
    if(res == 0) elem.innerHTML = msg1; else elem.innerHTML = msg2;
  }

}

function toggleAllBoxes() {
  if (document.getElementsByTagName) {
    d = document.getElementsByTagName('div');
    for (i = 0; i < d.length; i++) {
      if (d[i].className == 'log') {
        flip(d[i]);
      }
    }
  }
}

// -->
</script>

</head>
<body>
<h2 align='center'>Command line test</h2><table border='1' align="center">
<tr>
<td>Tests passed/Failed/Skipped:</td><td>45/4/0</td>
</tr><tr>
<td>Started on:</td><td>Sat Dec 18 11:27:07 EST 2021</td>
</tr>
<tr><td>Total time:</td><td>353 seconds (353797 ms)</td>
</tr><tr>
<td>Included groups:</td><td></td>
</tr><tr>
<td>Excluded groups:</td><td></td>
</tr>
</table><p/>
<small><i>(Hover the method name to see the test class name)</i></small><p/>
<table width='100%' border='1' class='invocation-failed'>
<tr><td colspan='4' align='center'><b>FAILED TESTS</b></td></tr>
<tr><td><b>Test method</b></td>
<td width="30%"><b>Exception</b></td>
<td width="10%"><b>Time (seconds)</b></td>
<td><b>Instance</b></td>
</tr>
<tr>
<td title='com.cybertek.tests.day17_upload_js_executer.ScrollToElementTest.scrollTest()'><b>scrollTest</b><br>Test class: com.cybertek.tests.day17_upload_js_executer.ScrollToElementTest</td>
<td><div><pre>org.openqa.selenium.InvalidSelectorException: invalid selector: Unable to locate an element with the xpath expression //a[@href=&apos;/contact] because of the following error:
SyntaxError: Failed to execute &apos;evaluate&apos; on &apos;Document&apos;: The string &apos;//a[@href=&apos;/contact]&apos; is not a valid XPath expression.
  (Session info: chrome=96.0.4664.110)
For documentation on this error, please visit: https://www.seleniumhq.org/exceptions/invalid_selector_exception.html
Build info: version: &apos;3.141.59&apos;, revision: &apos;e82be7d358&apos;, time: &apos;2018-11-14T08:17:03&apos;
System info: host: &apos;Juans-MBP.fios-router.home&apos;, ip: &apos;fe80:0:0:0:14b3:ad2e:936a:44fd%en0&apos;, os.name: &apos;Mac OS X&apos;, os.arch: &apos;x86_64&apos;, os.version: &apos;10.16&apos;, java.version: &apos;1.8.0_231&apos;
Driver info: org.openqa.selenium.chrome.ChromeDriver
Capabilities {acceptInsecureCerts: false, browserName: chrome, browserVersion: 96.0.4664.110, chrome: {chromedriverVersion: 96.0.4664.45 (76e4c1bb2ab46..., userDataDir: /var/folders/6p/tpncg1t9257...}, goog:chromeOptions: {debuggerAddress: localhost:49559}, javascriptEnabled: true, networkConnectionEnabled: false, pageLoadStrategy: normal, platform: MAC, platformName: MAC, proxy: Proxy(), setWindowRect: true, strictFileInteractability: false, timeouts: {implicit: 0, pageLoad: 300000, script: 30000}, unhandledPromptBehavior: dismiss and notify, webauthn:extension:credBlob: true, webauthn:extension:largeBlob: true, webauthn:virtualAuthenticators: true}
Session ID: 28170ee26e20fbe796730cb6ba4f4d17
*** Element info: {Using=xpath, value=//a[@href=&apos;/contact]}
	at org.openqa.selenium.remote.http.W3CHttpResponseCodec.createException(W3CHttpResponseCodec.java:187)
	at org.openqa.selenium.remote.http.W3CHttpResponseCodec.decode(W3CHttpResponseCodec.java:122)
	at org.openqa.selenium.remote.http.W3CHttpResponseCodec.decode(W3CHttpResponseCodec.java:49)
	at org.openqa.selenium.remote.HttpCommandExecutor.execute(HttpCommandExecutor.java:158)
	at org.openqa.selenium.remote.service.DriverCommandExecutor.execute(DriverCommandExecutor.java:83)
	at org.openqa.selenium.remote.RemoteWebDriver.execute(RemoteWebDriver.java:552)
	at org.openqa.selenium.remote.RemoteWebDriver.findElement(RemoteWebDriver.java:323)
	at org.openqa.selenium.remote.RemoteWebDriver.findElementByXPath(RemoteWebDriver.java:428)
	at org.openqa.selenium.By$ByXPath.findElement(By.java:353)
	at org.openqa.selenium.remote.RemoteWebDriver.findElement(RemoteWebDriver.java:315)
	at com.cybertek.tests.day17_upload_js_executer.ScrollToElementTest.scrollTest(ScrollToElementTest.java:23)
	at java.util.ArrayList.forEach(ArrayList.java:1257)
... Removed 41 stack frames</pre></div><a href='#' onClick='toggleBox("stack-trace402207819", this, "Click to show all stack frames", "Click to hide stack frames")'>Click to show all stack frames</a>
<div class='stack-trace' id='stack-trace402207819'><pre>org.openqa.selenium.InvalidSelectorException: invalid selector: Unable to locate an element with the xpath expression //a[@href=&apos;/contact] because of the following error:
SyntaxError: Failed to execute &apos;evaluate&apos; on &apos;Document&apos;: The string &apos;//a[@href=&apos;/contact]&apos; is not a valid XPath expression.
  (Session info: chrome=96.0.4664.110)
For documentation on this error, please visit: https://www.seleniumhq.org/exceptions/invalid_selector_exception.html
Build info: version: &apos;3.141.59&apos;, revision: &apos;e82be7d358&apos;, time: &apos;2018-11-14T08:17:03&apos;
System info: host: &apos;Juans-MBP.fios-router.home&apos;, ip: &apos;fe80:0:0:0:14b3:ad2e:936a:44fd%en0&apos;, os.name: &apos;Mac OS X&apos;, os.arch: &apos;x86_64&apos;, os.version: &apos;10.16&apos;, java.version: &apos;1.8.0_231&apos;
Driver info: org.openqa.selenium.chrome.ChromeDriver
Capabilities {acceptInsecureCerts: false, browserName: chrome, browserVersion: 96.0.4664.110, chrome: {chromedriverVersion: 96.0.4664.45 (76e4c1bb2ab46..., userDataDir: /var/folders/6p/tpncg1t9257...}, goog:chromeOptions: {debuggerAddress: localhost:49559}, javascriptEnabled: true, networkConnectionEnabled: false, pageLoadStrategy: normal, platform: MAC, platformName: MAC, proxy: Proxy(), setWindowRect: true, strictFileInteractability: false, timeouts: {implicit: 0, pageLoad: 300000, script: 30000}, unhandledPromptBehavior: dismiss and notify, webauthn:extension:credBlob: true, webauthn:extension:largeBlob: true, webauthn:virtualAuthenticators: true}
Session ID: 28170ee26e20fbe796730cb6ba4f4d17
*** Element info: {Using=xpath, value=//a[@href=&apos;/contact]}
	at sun.reflect.NativeConstructorAccessorImpl.newInstance0(Native Method)
	at sun.reflect.NativeConstructorAccessorImpl.newInstance(NativeConstructorAccessorImpl.java:62)
	at sun.reflect.DelegatingConstructorAccessorImpl.newInstance(DelegatingConstructorAccessorImpl.java:45)
	at java.lang.reflect.Constructor.newInstance(Constructor.java:423)
	at org.openqa.selenium.remote.http.W3CHttpResponseCodec.createException(W3CHttpResponseCodec.java:187)
	at org.openqa.selenium.remote.http.W3CHttpResponseCodec.decode(W3CHttpResponseCodec.java:122)
	at org.openqa.selenium.remote.http.W3CHttpResponseCodec.decode(W3CHttpResponseCodec.java:49)
	at org.openqa.selenium.remote.HttpCommandExecutor.execute(HttpCommandExecutor.java:158)
	at org.openqa.selenium.remote.service.DriverCommandExecutor.execute(DriverCommandExecutor.java:83)
	at org.openqa.selenium.remote.RemoteWebDriver.execute(RemoteWebDriver.java:552)
	at org.openqa.selenium.remote.RemoteWebDriver.findElement(RemoteWebDriver.java:323)
	at org.openqa.selenium.remote.RemoteWebDriver.findElementByXPath(RemoteWebDriver.java:428)
	at org.openqa.selenium.By$ByXPath.findElement(By.java:353)
	at org.openqa.selenium.remote.RemoteWebDriver.findElement(RemoteWebDriver.java:315)
	at com.cybertek.tests.day17_upload_js_executer.ScrollToElementTest.scrollTest(ScrollToElementTest.java:23)
	at sun.reflect.NativeMethodAccessorImpl.invoke0(Native Method)
	at sun.reflect.NativeMethodAccessorImpl.invoke(NativeMethodAccessorImpl.java:62)
	at sun.reflect.DelegatingMethodAccessorImpl.invoke(DelegatingMethodAccessorImpl.java:43)
	at java.lang.reflect.Method.invoke(Method.java:498)
	at org.testng.internal.MethodInvocationHelper.invokeMethod(MethodInvocationHelper.java:133)
	at org.testng.internal.TestInvoker.invokeMethod(TestInvoker.java:598)
	at org.testng.internal.TestInvoker.invokeTestMethod(TestInvoker.java:173)
	at org.testng.internal.MethodRunner.runInSequence(MethodRunner.java:46)
	at org.testng.internal.TestInvoker$MethodInvocationAgent.invoke(TestInvoker.java:824)
	at org.testng.internal.TestInvoker.invokeTestMethods(TestInvoker.java:146)
	at org.testng.internal.TestMethodWorker.invokeTestMethods(TestMethodWorker.java:146)
	at org.testng.internal.TestMethodWorker.run(TestMethodWorker.java:128)
	at java.util.ArrayList.forEach(ArrayList.java:1257)
	at org.testng.TestRunner.privateRun(TestRunner.java:794)
	at org.testng.TestRunner.run(TestRunner.java:596)
	at org.testng.SuiteRunner.runTest(SuiteRunner.java:377)
	at org.testng.SuiteRunner.runSequentially(SuiteRunner.java:371)
	at org.testng.SuiteRunner.privateRun(SuiteRunner.java:332)
	at org.testng.SuiteRunner.run(SuiteRunner.java:276)
	at org.testng.SuiteRunnerWorker.runSuite(SuiteRunnerWorker.java:53)
	at org.testng.SuiteRunnerWorker.run(SuiteRunnerWorker.java:96)
	at org.testng.TestNG.runSuitesSequentially(TestNG.java:1212)
	at org.testng.TestNG.runSuitesLocally(TestNG.java:1134)
	at org.testng.TestNG.runSuites(TestNG.java:1063)
	at org.testng.TestNG.run(TestNG.java:1031)
	at org.apache.maven.surefire.testng.TestNGExecutor.run(TestNGExecutor.java:77)
	at org.apache.maven.surefire.testng.TestNGDirectoryTestSuite.executeMulti(TestNGDirectoryTestSuite.java:159)
	at org.apache.maven.surefire.testng.TestNGDirectoryTestSuite.execute(TestNGDirectoryTestSuite.java:99)
	at org.apache.maven.surefire.testng.TestNGProvider.invoke(TestNGProvider.java:106)
	at sun.reflect.NativeMethodAccessorImpl.invoke0(Native Method)
	at sun.reflect.NativeMethodAccessorImpl.invoke(NativeMethodAccessorImpl.java:62)
	at sun.reflect.DelegatingMethodAccessorImpl.invoke(DelegatingMethodAccessorImpl.java:43)
	at java.lang.reflect.Method.invoke(Method.java:498)
	at org.apache.maven.surefire.util.ReflectionUtils.invokeMethodWithArray(ReflectionUtils.java:189)
	at org.apache.maven.surefire.booter.ProviderFactory$ProviderProxy.invoke(ProviderFactory.java:165)
	at org.apache.maven.surefire.booter.ProviderFactory.invokeProvider(ProviderFactory.java:85)
	at org.apache.maven.surefire.booter.ForkedBooter.runSuitesInProcess(ForkedBooter.java:115)
	at org.apache.maven.surefire.booter.ForkedBooter.main(ForkedBooter.java:75)
</pre></div></td>
<td>4</td>
<td>com.cybertek.tests.day17_upload_js_executer.ScrollToElementTest@a38d7a3</td></tr>
<tr>
<td title='com.cybertek.tests.day13_faker_practice_browserutil_properties.RegistrationFormNegativeTest.invalidFirstNameTest()'><b>invalidFirstNameTest</b><br>Test class: com.cybertek.tests.day13_faker_practice_browserutil_properties.RegistrationFormNegativeTest</td>
<td><div><pre>org.openqa.selenium.NoSuchElementException: no such element: Unable to locate element: {&quot;method&quot;:&quot;css selector&quot;,&quot;selector&quot;:&quot;#Wooden_spoon&quot;}
  (Session info: chrome=96.0.4664.110)
For documentation on this error, please visit: https://www.seleniumhq.org/exceptions/no_such_element.html
Build info: version: &apos;3.141.59&apos;, revision: &apos;e82be7d358&apos;, time: &apos;2018-11-14T08:17:03&apos;
System info: host: &apos;Juans-MBP.fios-router.home&apos;, ip: &apos;fe80:0:0:0:14b3:ad2e:936a:44fd%en0&apos;, os.name: &apos;Mac OS X&apos;, os.arch: &apos;x86_64&apos;, os.version: &apos;10.16&apos;, java.version: &apos;1.8.0_231&apos;
Driver info: org.openqa.selenium.chrome.ChromeDriver
Capabilities {acceptInsecureCerts: false, browserName: chrome, browserVersion: 96.0.4664.110, chrome: {chromedriverVersion: 96.0.4664.45 (76e4c1bb2ab46..., userDataDir: /var/folders/6p/tpncg1t9257...}, goog:chromeOptions: {debuggerAddress: localhost:49854}, javascriptEnabled: true, networkConnectionEnabled: false, pageLoadStrategy: normal, platform: MAC, platformName: MAC, proxy: Proxy(), setWindowRect: true, strictFileInteractability: false, timeouts: {implicit: 0, pageLoad: 300000, script: 30000}, unhandledPromptBehavior: dismiss and notify, webauthn:extension:credBlob: true, webauthn:extension:largeBlob: true, webauthn:virtualAuthenticators: true}
Session ID: 9c406efcc7c75e2ce62c9d8671f8c4ed
*** Element info: {Using=id, value=Wooden_spoon}
	at org.openqa.selenium.remote.http.W3CHttpResponseCodec.createException(W3CHttpResponseCodec.java:187)
	at org.openqa.selenium.remote.http.W3CHttpResponseCodec.decode(W3CHttpResponseCodec.java:122)
	at org.openqa.selenium.remote.http.W3CHttpResponseCodec.decode(W3CHttpResponseCodec.java:49)
	at org.openqa.selenium.remote.HttpCommandExecutor.execute(HttpCommandExecutor.java:158)
	at org.openqa.selenium.remote.service.DriverCommandExecutor.execute(DriverCommandExecutor.java:83)
	at org.openqa.selenium.remote.RemoteWebDriver.execute(RemoteWebDriver.java:552)
	at org.openqa.selenium.remote.RemoteWebDriver.findElement(RemoteWebDriver.java:323)
	at org.openqa.selenium.remote.RemoteWebDriver.findElementById(RemoteWebDriver.java:372)
	at org.openqa.selenium.By$ById.findElement(By.java:188)
	at org.openqa.selenium.remote.RemoteWebDriver.findElement(RemoteWebDriver.java:315)
	at com.cybertek.tests.day13_faker_practice_browserutil_properties.RegistrationFormNegativeTest.invalidFirstNameTest(RegistrationFormNegativeTest.java:15)
	at java.util.ArrayList.forEach(ArrayList.java:1257)
... Removed 41 stack frames</pre></div><a href='#' onClick='toggleBox("stack-trace848409667", this, "Click to show all stack frames", "Click to hide stack frames")'>Click to show all stack frames</a>
<div class='stack-trace' id='stack-trace848409667'><pre>org.openqa.selenium.NoSuchElementException: no such element: Unable to locate element: {&quot;method&quot;:&quot;css selector&quot;,&quot;selector&quot;:&quot;#Wooden_spoon&quot;}
  (Session info: chrome=96.0.4664.110)
For documentation on this error, please visit: https://www.seleniumhq.org/exceptions/no_such_element.html
Build info: version: &apos;3.141.59&apos;, revision: &apos;e82be7d358&apos;, time: &apos;2018-11-14T08:17:03&apos;
System info: host: &apos;Juans-MBP.fios-router.home&apos;, ip: &apos;fe80:0:0:0:14b3:ad2e:936a:44fd%en0&apos;, os.name: &apos;Mac OS X&apos;, os.arch: &apos;x86_64&apos;, os.version: &apos;10.16&apos;, java.version: &apos;1.8.0_231&apos;
Driver info: org.openqa.selenium.chrome.ChromeDriver
Capabilities {acceptInsecureCerts: false, browserName: chrome, browserVersion: 96.0.4664.110, chrome: {chromedriverVersion: 96.0.4664.45 (76e4c1bb2ab46..., userDataDir: /var/folders/6p/tpncg1t9257...}, goog:chromeOptions: {debuggerAddress: localhost:49854}, javascriptEnabled: true, networkConnectionEnabled: false, pageLoadStrategy: normal, platform: MAC, platformName: MAC, proxy: Proxy(), setWindowRect: true, strictFileInteractability: false, timeouts: {implicit: 0, pageLoad: 300000, script: 30000}, unhandledPromptBehavior: dismiss and notify, webauthn:extension:credBlob: true, webauthn:extension:largeBlob: true, webauthn:virtualAuthenticators: true}
Session ID: 9c406efcc7c75e2ce62c9d8671f8c4ed
*** Element info: {Using=id, value=Wooden_spoon}
	at sun.reflect.NativeConstructorAccessorImpl.newInstance0(Native Method)
	at sun.reflect.NativeConstructorAccessorImpl.newInstance(NativeConstructorAccessorImpl.java:62)
	at sun.reflect.DelegatingConstructorAccessorImpl.newInstance(DelegatingConstructorAccessorImpl.java:45)
	at java.lang.reflect.Constructor.newInstance(Constructor.java:423)
	at org.openqa.selenium.remote.http.W3CHttpResponseCodec.createException(W3CHttpResponseCodec.java:187)
	at org.openqa.selenium.remote.http.W3CHttpResponseCodec.decode(W3CHttpResponseCodec.java:122)
	at org.openqa.selenium.remote.http.W3CHttpResponseCodec.decode(W3CHttpResponseCodec.java:49)
	at org.openqa.selenium.remote.HttpCommandExecutor.execute(HttpCommandExecutor.java:158)
	at org.openqa.selenium.remote.service.DriverCommandExecutor.execute(DriverCommandExecutor.java:83)
	at org.openqa.selenium.remote.RemoteWebDriver.execute(RemoteWebDriver.java:552)
	at org.openqa.selenium.remote.RemoteWebDriver.findElement(RemoteWebDriver.java:323)
	at org.openqa.selenium.remote.RemoteWebDriver.findElementById(RemoteWebDriver.java:372)
	at org.openqa.selenium.By$ById.findElement(By.java:188)
	at org.openqa.selenium.remote.RemoteWebDriver.findElement(RemoteWebDriver.java:315)
	at com.cybertek.tests.day13_faker_practice_browserutil_properties.RegistrationFormNegativeTest.invalidFirstNameTest(RegistrationFormNegativeTest.java:15)
	at sun.reflect.NativeMethodAccessorImpl.invoke0(Native Method)
	at sun.reflect.NativeMethodAccessorImpl.invoke(NativeMethodAccessorImpl.java:62)
	at sun.reflect.DelegatingMethodAccessorImpl.invoke(DelegatingMethodAccessorImpl.java:43)
	at java.lang.reflect.Method.invoke(Method.java:498)
	at org.testng.internal.MethodInvocationHelper.invokeMethod(MethodInvocationHelper.java:133)
	at org.testng.internal.TestInvoker.invokeMethod(TestInvoker.java:598)
	at org.testng.internal.TestInvoker.invokeTestMethod(TestInvoker.java:173)
	at org.testng.internal.MethodRunner.runInSequence(MethodRunner.java:46)
	at org.testng.internal.TestInvoker$MethodInvocationAgent.invoke(TestInvoker.java:824)
	at org.testng.internal.TestInvoker.invokeTestMethods(TestInvoker.java:146)
	at org.testng.internal.TestMethodWorker.invokeTestMethods(TestMethodWorker.java:146)
	at org.testng.internal.TestMethodWorker.run(TestMethodWorker.java:128)
	at java.util.ArrayList.forEach(ArrayList.java:1257)
	at org.testng.TestRunner.privateRun(TestRunner.java:794)
	at org.testng.TestRunner.run(TestRunner.java:596)
	at org.testng.SuiteRunner.runTest(SuiteRunner.java:377)
	at org.testng.SuiteRunner.runSequentially(SuiteRunner.java:371)
	at org.testng.SuiteRunner.privateRun(SuiteRunner.java:332)
	at org.testng.SuiteRunner.run(SuiteRunner.java:276)
	at org.testng.SuiteRunnerWorker.runSuite(SuiteRunnerWorker.java:53)
	at org.testng.SuiteRunnerWorker.run(SuiteRunnerWorker.java:96)
	at org.testng.TestNG.runSuitesSequentially(TestNG.java:1212)
	at org.testng.TestNG.runSuitesLocally(TestNG.java:1134)
	at org.testng.TestNG.runSuites(TestNG.java:1063)
	at org.testng.TestNG.run(TestNG.java:1031)
	at org.apache.maven.surefire.testng.TestNGExecutor.run(TestNGExecutor.java:77)
	at org.apache.maven.surefire.testng.TestNGDirectoryTestSuite.executeMulti(TestNGDirectoryTestSuite.java:159)
	at org.apache.maven.surefire.testng.TestNGDirectoryTestSuite.execute(TestNGDirectoryTestSuite.java:99)
	at org.apache.maven.surefire.testng.TestNGProvider.invoke(TestNGProvider.java:106)
	at sun.reflect.NativeMethodAccessorImpl.invoke0(Native Method)
	at sun.reflect.NativeMethodAccessorImpl.invoke(NativeMethodAccessorImpl.java:62)
	at sun.reflect.DelegatingMethodAccessorImpl.invoke(DelegatingMethodAccessorImpl.java:43)
	at java.lang.reflect.Method.invoke(Method.java:498)
	at org.apache.maven.surefire.util.ReflectionUtils.invokeMethodWithArray(ReflectionUtils.java:189)
	at org.apache.maven.surefire.booter.ProviderFactory$ProviderProxy.invoke(ProviderFactory.java:165)
	at org.apache.maven.surefire.booter.ProviderFactory.invokeProvider(ProviderFactory.java:85)
	at org.apache.maven.surefire.booter.ForkedBooter.runSuitesInProcess(ForkedBooter.java:115)
	at org.apache.maven.surefire.booter.ForkedBooter.main(ForkedBooter.java:75)
</pre></div></td>
<td>5</td>
<td>com.cybertek.tests.day13_faker_practice_browserutil_properties.RegistrationFormNegativeTest@ed9d034</td></tr>
<tr>
<td title='com.cybertek.tests.day08_implicitwait_checkbox_radio_testing.TestNgIntro.test2()'><b>test2</b><br>Test class: com.cybertek.tests.day08_implicitwait_checkbox_radio_testing.TestNgIntro</td>
<td><div><pre>java.lang.ArithmeticException: / by zero
	at com.cybertek.tests.day08_implicitwait_checkbox_radio_testing.TestNgIntro.test2(TestNgIntro.java:14)
	at java.util.ArrayList.forEach(ArrayList.java:1257)
... Removed 37 stack frames</pre></div><a href='#' onClick='toggleBox("stack-trace1881129850", this, "Click to show all stack frames", "Click to hide stack frames")'>Click to show all stack frames</a>
<div class='stack-trace' id='stack-trace1881129850'><pre>java.lang.ArithmeticException: / by zero
	at com.cybertek.tests.day08_implicitwait_checkbox_radio_testing.TestNgIntro.test2(TestNgIntro.java:14)
	at sun.reflect.NativeMethodAccessorImpl.invoke0(Native Method)
	at sun.reflect.NativeMethodAccessorImpl.invoke(NativeMethodAccessorImpl.java:62)
	at sun.reflect.DelegatingMethodAccessorImpl.invoke(DelegatingMethodAccessorImpl.java:43)
	at java.lang.reflect.Method.invoke(Method.java:498)
	at org.testng.internal.MethodInvocationHelper.invokeMethod(MethodInvocationHelper.java:133)
	at org.testng.internal.TestInvoker.invokeMethod(TestInvoker.java:598)
	at org.testng.internal.TestInvoker.invokeTestMethod(TestInvoker.java:173)
	at org.testng.internal.MethodRunner.runInSequence(MethodRunner.java:46)
	at org.testng.internal.TestInvoker$MethodInvocationAgent.invoke(TestInvoker.java:824)
	at org.testng.internal.TestInvoker.invokeTestMethods(TestInvoker.java:146)
	at org.testng.internal.TestMethodWorker.invokeTestMethods(TestMethodWorker.java:146)
	at org.testng.internal.TestMethodWorker.run(TestMethodWorker.java:128)
	at java.util.ArrayList.forEach(ArrayList.java:1257)
	at org.testng.TestRunner.privateRun(TestRunner.java:794)
	at org.testng.TestRunner.run(TestRunner.java:596)
	at org.testng.SuiteRunner.runTest(SuiteRunner.java:377)
	at org.testng.SuiteRunner.runSequentially(SuiteRunner.java:371)
	at org.testng.SuiteRunner.privateRun(SuiteRunner.java:332)
	at org.testng.SuiteRunner.run(SuiteRunner.java:276)
	at org.testng.SuiteRunnerWorker.runSuite(SuiteRunnerWorker.java:53)
	at org.testng.SuiteRunnerWorker.run(SuiteRunnerWorker.java:96)
	at org.testng.TestNG.runSuitesSequentially(TestNG.java:1212)
	at org.testng.TestNG.runSuitesLocally(TestNG.java:1134)
	at org.testng.TestNG.runSuites(TestNG.java:1063)
	at org.testng.TestNG.run(TestNG.java:1031)
	at org.apache.maven.surefire.testng.TestNGExecutor.run(TestNGExecutor.java:77)
	at org.apache.maven.surefire.testng.TestNGDirectoryTestSuite.executeMulti(TestNGDirectoryTestSuite.java:159)
	at org.apache.maven.surefire.testng.TestNGDirectoryTestSuite.execute(TestNGDirectoryTestSuite.java:99)
	at org.apache.maven.surefire.testng.TestNGProvider.invoke(TestNGProvider.java:106)
	at sun.reflect.NativeMethodAccessorImpl.invoke0(Native Method)
	at sun.reflect.NativeMethodAccessorImpl.invoke(NativeMethodAccessorImpl.java:62)
	at sun.reflect.DelegatingMethodAccessorImpl.invoke(DelegatingMethodAccessorImpl.java:43)
	at java.lang.reflect.Method.invoke(Method.java:498)
	at org.apache.maven.surefire.util.ReflectionUtils.invokeMethodWithArray(ReflectionUtils.java:189)
	at org.apache.maven.surefire.booter.ProviderFactory$ProviderProxy.invoke(ProviderFactory.java:165)
	at org.apache.maven.surefire.booter.ProviderFactory.invokeProvider(ProviderFactory.java:85)
	at org.apache.maven.surefire.booter.ForkedBooter.runSuitesInProcess(ForkedBooter.java:115)
	at org.apache.maven.surefire.booter.ForkedBooter.main(ForkedBooter.java:75)
</pre></div></td>
<td>0</td>
<td>com.cybertek.tests.day08_implicitwait_checkbox_radio_testing.TestNgIntro@6ddf90b0</td></tr>
<tr>
<td title='com.cybertek.tests.day19_page_object_model.DragAndDropTest.cargurusPriceSliderTest()'><b>cargurusPriceSliderTest</b><br>Test class: com.cybertek.tests.day19_page_object_model.DragAndDropTest</td>
<td><div><pre>org.openqa.selenium.NoSuchElementException: no such element: Unable to locate element: {&quot;method&quot;:&quot;xpath&quot;,&quot;selector&quot;:&quot;(//button[@aria-valuemin=&apos;3000&apos;])[1]&quot;}
  (Session info: chrome=96.0.4664.110)
For documentation on this error, please visit: https://www.seleniumhq.org/exceptions/no_such_element.html
Build info: version: &apos;3.141.59&apos;, revision: &apos;e82be7d358&apos;, time: &apos;2018-11-14T08:17:03&apos;
System info: host: &apos;Juans-MBP.fios-router.home&apos;, ip: &apos;fe80:0:0:0:14b3:ad2e:936a:44fd%en0&apos;, os.name: &apos;Mac OS X&apos;, os.arch: &apos;x86_64&apos;, os.version: &apos;10.16&apos;, java.version: &apos;1.8.0_231&apos;
Driver info: org.openqa.selenium.chrome.ChromeDriver
Capabilities {acceptInsecureCerts: false, browserName: chrome, browserVersion: 96.0.4664.110, chrome: {chromedriverVersion: 96.0.4664.45 (76e4c1bb2ab46..., userDataDir: /var/folders/6p/tpncg1t9257...}, goog:chromeOptions: {debuggerAddress: localhost:51137}, javascriptEnabled: true, networkConnectionEnabled: false, pageLoadStrategy: normal, platform: MAC, platformName: MAC, proxy: Proxy(), setWindowRect: true, strictFileInteractability: false, timeouts: {implicit: 0, pageLoad: 300000, script: 30000}, unhandledPromptBehavior: dismiss and notify, webauthn:extension:credBlob: true, webauthn:extension:largeBlob: true, webauthn:virtualAuthenticators: true}
Session ID: 468b7080eb17f6d0b2160275aee0a6f5
*** Element info: {Using=xpath, value=(//button[@aria-valuemin=&apos;3000&apos;])[1]}
	at org.openqa.selenium.remote.http.W3CHttpResponseCodec.createException(W3CHttpResponseCodec.java:187)
	at org.openqa.selenium.remote.http.W3CHttpResponseCodec.decode(W3CHttpResponseCodec.java:122)
	at org.openqa.selenium.remote.http.W3CHttpResponseCodec.decode(W3CHttpResponseCodec.java:49)
	at org.openqa.selenium.remote.HttpCommandExecutor.execute(HttpCommandExecutor.java:158)
	at org.openqa.selenium.remote.service.DriverCommandExecutor.execute(DriverCommandExecutor.java:83)
	at org.openqa.selenium.remote.RemoteWebDriver.execute(RemoteWebDriver.java:552)
	at org.openqa.selenium.remote.RemoteWebDriver.findElement(RemoteWebDriver.java:323)
	at org.openqa.selenium.remote.RemoteWebDriver.findElementByXPath(RemoteWebDriver.java:428)
	at org.openqa.selenium.By$ByXPath.findElement(By.java:353)
	at org.openqa.selenium.remote.RemoteWebDriver.findElement(RemoteWebDriver.java:315)
	at com.cybertek.tests.day19_page_object_model.DragAndDropTest.cargurusPriceSliderTest(DragAndDropTest.java:29)
	at java.util.ArrayList.forEach(ArrayList.java:1257)
... Removed 41 stack frames</pre></div><a href='#' onClick='toggleBox("stack-trace1687037426", this, "Click to show all stack frames", "Click to hide stack frames")'>Click to show all stack frames</a>
<div class='stack-trace' id='stack-trace1687037426'><pre>org.openqa.selenium.NoSuchElementException: no such element: Unable to locate element: {&quot;method&quot;:&quot;xpath&quot;,&quot;selector&quot;:&quot;(//button[@aria-valuemin=&apos;3000&apos;])[1]&quot;}
  (Session info: chrome=96.0.4664.110)
For documentation on this error, please visit: https://www.seleniumhq.org/exceptions/no_such_element.html
Build info: version: &apos;3.141.59&apos;, revision: &apos;e82be7d358&apos;, time: &apos;2018-11-14T08:17:03&apos;
System info: host: &apos;Juans-MBP.fios-router.home&apos;, ip: &apos;fe80:0:0:0:14b3:ad2e:936a:44fd%en0&apos;, os.name: &apos;Mac OS X&apos;, os.arch: &apos;x86_64&apos;, os.version: &apos;10.16&apos;, java.version: &apos;1.8.0_231&apos;
Driver info: org.openqa.selenium.chrome.ChromeDriver
Capabilities {acceptInsecureCerts: false, browserName: chrome, browserVersion: 96.0.4664.110, chrome: {chromedriverVersion: 96.0.4664.45 (76e4c1bb2ab46..., userDataDir: /var/folders/6p/tpncg1t9257...}, goog:chromeOptions: {debuggerAddress: localhost:51137}, javascriptEnabled: true, networkConnectionEnabled: false, pageLoadStrategy: normal, platform: MAC, platformName: MAC, proxy: Proxy(), setWindowRect: true, strictFileInteractability: false, timeouts: {implicit: 0, pageLoad: 300000, script: 30000}, unhandledPromptBehavior: dismiss and notify, webauthn:extension:credBlob: true, webauthn:extension:largeBlob: true, webauthn:virtualAuthenticators: true}
Session ID: 468b7080eb17f6d0b2160275aee0a6f5
*** Element info: {Using=xpath, value=(//button[@aria-valuemin=&apos;3000&apos;])[1]}
	at sun.reflect.NativeConstructorAccessorImpl.newInstance0(Native Method)
	at sun.reflect.NativeConstructorAccessorImpl.newInstance(NativeConstructorAccessorImpl.java:62)
	at sun.reflect.DelegatingConstructorAccessorImpl.newInstance(DelegatingConstructorAccessorImpl.java:45)
	at java.lang.reflect.Constructor.newInstance(Constructor.java:423)
	at org.openqa.selenium.remote.http.W3CHttpResponseCodec.createException(W3CHttpResponseCodec.java:187)
	at org.openqa.selenium.remote.http.W3CHttpResponseCodec.decode(W3CHttpResponseCodec.java:122)
	at org.openqa.selenium.remote.http.W3CHttpResponseCodec.decode(W3CHttpResponseCodec.java:49)
	at org.openqa.selenium.remote.HttpCommandExecutor.execute(HttpCommandExecutor.java:158)
	at org.openqa.selenium.remote.service.DriverCommandExecutor.execute(DriverCommandExecutor.java:83)
	at org.openqa.selenium.remote.RemoteWebDriver.execute(RemoteWebDriver.java:552)
	at org.openqa.selenium.remote.RemoteWebDriver.findElement(RemoteWebDriver.java:323)
	at org.openqa.selenium.remote.RemoteWebDriver.findElementByXPath(RemoteWebDriver.java:428)
	at org.openqa.selenium.By$ByXPath.findElement(By.java:353)
	at org.openqa.selenium.remote.RemoteWebDriver.findElement(RemoteWebDriver.java:315)
	at com.cybertek.tests.day19_page_object_model.DragAndDropTest.cargurusPriceSliderTest(DragAndDropTest.java:29)
	at sun.reflect.NativeMethodAccessorImpl.invoke0(Native Method)
	at sun.reflect.NativeMethodAccessorImpl.invoke(NativeMethodAccessorImpl.java:62)
	at sun.reflect.DelegatingMethodAccessorImpl.invoke(DelegatingMethodAccessorImpl.java:43)
	at java.lang.reflect.Method.invoke(Method.java:498)
	at org.testng.internal.MethodInvocationHelper.invokeMethod(MethodInvocationHelper.java:133)
	at org.testng.internal.TestInvoker.invokeMethod(TestInvoker.java:598)
	at org.testng.internal.TestInvoker.invokeTestMethod(TestInvoker.java:173)
	at org.testng.internal.MethodRunner.runInSequence(MethodRunner.java:46)
	at org.testng.internal.TestInvoker$MethodInvocationAgent.invoke(TestInvoker.java:824)
	at org.testng.internal.TestInvoker.invokeTestMethods(TestInvoker.java:146)
	at org.testng.internal.TestMethodWorker.invokeTestMethods(TestMethodWorker.java:146)
	at org.testng.internal.TestMethodWorker.run(TestMethodWorker.java:128)
	at java.util.ArrayList.forEach(ArrayList.java:1257)
	at org.testng.TestRunner.privateRun(TestRunner.java:794)
	at org.testng.TestRunner.run(TestRunner.java:596)
	at org.testng.SuiteRunner.runTest(SuiteRunner.java:377)
	at org.testng.SuiteRunner.runSequentially(SuiteRunner.java:371)
	at org.testng.SuiteRunner.privateRun(SuiteRunner.java:332)
	at org.testng.SuiteRunner.run(SuiteRunner.java:276)
	at org.testng.SuiteRunnerWorker.runSuite(SuiteRunnerWorker.java:53)
	at org.testng.SuiteRunnerWorker.run(SuiteRunnerWorker.java:96)
	at org.testng.TestNG.runSuitesSequentially(TestNG.java:1212)
	at org.testng.TestNG.runSuitesLocally(TestNG.java:1134)
	at org.testng.TestNG.runSuites(TestNG.java:1063)
	at org.testng.TestNG.run(TestNG.java:1031)
	at org.apache.maven.surefire.testng.TestNGExecutor.run(TestNGExecutor.java:77)
	at org.apache.maven.surefire.testng.TestNGDirectoryTestSuite.executeMulti(TestNGDirectoryTestSuite.java:159)
	at org.apache.maven.surefire.testng.TestNGDirectoryTestSuite.execute(TestNGDirectoryTestSuite.java:99)
	at org.apache.maven.surefire.testng.TestNGProvider.invoke(TestNGProvider.java:106)
	at sun.reflect.NativeMethodAccessorImpl.invoke0(Native Method)
	at sun.reflect.NativeMethodAccessorImpl.invoke(NativeMethodAccessorImpl.java:62)
	at sun.reflect.DelegatingMethodAccessorImpl.invoke(DelegatingMethodAccessorImpl.java:43)
	at java.lang.reflect.Method.invoke(Method.java:498)
	at org.apache.maven.surefire.util.ReflectionUtils.invokeMethodWithArray(ReflectionUtils.java:189)
	at org.apache.maven.surefire.booter.ProviderFactory$ProviderProxy.invoke(ProviderFactory.java:165)
	at org.apache.maven.surefire.booter.ProviderFactory.invokeProvider(ProviderFactory.java:85)
	at org.apache.maven.surefire.booter.ForkedBooter.runSuitesInProcess(ForkedBooter.java:115)
	at org.apache.maven.surefire.booter.ForkedBooter.main(ForkedBooter.java:75)
</pre></div></td>
<td>25</td>
<td>com.cybertek.tests.day19_page_object_model.DragAndDropTest@37374a5e</td></tr>
</table><p>
<table width='100%' border='1' class='invocation-passed'>
<tr><td colspan='4' align='center'><b>PASSED TESTS</b></td></tr>
<tr><td><b>Test method</b></td>
<td width="30%"><b>Exception</b></td>
<td width="10%"><b>Time (seconds)</b></td>
<td><b>Instance</b></td>
</tr>
<tr>
<td title='com.cybertek.tests.day11_alerts_iframe_windows.IFramesExampleTest.multipleFramesTest()'><b>multipleFramesTest</b><br>Test class: com.cybertek.tests.day11_alerts_iframe_windows.IFramesExampleTest</td>
<td></td>
<td>0</td>
<td>com.cybertek.tests.day11_alerts_iframe_windows.IFramesExampleTest@3aeaafa6</td></tr>
<tr>
<td title='com.cybertek.tests.day19_page_object_model.LibraryLoginPOMTest.positiveLoginPage()'><b>positiveLoginPage</b><br>Test class: com.cybertek.tests.day19_page_object_model.LibraryLoginPOMTest</td>
<td></td>
<td>2</td>
<td>com.cybertek.tests.day19_page_object_model.LibraryLoginPOMTest@8646db9</td></tr>
<tr>
<td title='com.cybertek.tests.day11_alerts_iframe_windows.AlertExampleTest.jSPrompt()'><b>jSPrompt</b><br>Test class: com.cybertek.tests.day11_alerts_iframe_windows.AlertExampleTest</td>
<td></td>
<td>2</td>
<td>com.cybertek.tests.day11_alerts_iframe_windows.AlertExampleTest@76a3e297</td></tr>
<tr>
<td title='com.cybertek.tests.day19_page_object_model.DragAndDropTest.guru99DragAndDropTest()'><b>guru99DragAndDropTest</b><br>Test class: com.cybertek.tests.day19_page_object_model.DragAndDropTest</td>
<td></td>
<td>3</td>
<td>com.cybertek.tests.day19_page_object_model.DragAndDropTest@37374a5e</td></tr>
<tr>
<td title='com.cybertek.tests.day11_alerts_iframe_windows.AlertExampleTest.jSAlert()'><b>jSAlert</b><br>Test class: com.cybertek.tests.day11_alerts_iframe_windows.AlertExampleTest</td>
<td></td>
<td>2</td>
<td>com.cybertek.tests.day11_alerts_iframe_windows.AlertExampleTest@76a3e297</td></tr>
<tr>
<td title='com.cybertek.tests.day08_implicitwait_checkbox_radio_testing.TestNgIntro.test1()'><b>test1</b><br>Test class: com.cybertek.tests.day08_implicitwait_checkbox_radio_testing.TestNgIntro</td>
<td></td>
<td>0</td>
<td>com.cybertek.tests.day08_implicitwait_checkbox_radio_testing.TestNgIntro@6ddf90b0</td></tr>
<tr>
<td title='com.cybertek.tests.day11_alerts_iframe_windows.MultipleWindowsExampleTest.demoQAMultipleWindows()'><b>demoQAMultipleWindows</b><br>Test class: com.cybertek.tests.day11_alerts_iframe_windows.MultipleWindowsExampleTest</td>
<td></td>
<td>5</td>
<td>com.cybertek.tests.day11_alerts_iframe_windows.MultipleWindowsExampleTest@4d3167f4</td></tr>
<tr>
<td title='com.cybertek.tests.day10_dropdown_alerts_iframes_windows.AmazonDepartmentsNamesListTest.runMethod()'><b>runMethod</b><br>Test class: com.cybertek.tests.day10_dropdown_alerts_iframes_windows.AmazonDepartmentsNamesListTest</td>
<td></td>
<td>0</td>
<td>com.cybertek.tests.day10_dropdown_alerts_iframes_windows.AmazonDepartmentsNamesListTest@6121c9d6</td></tr>
<tr>
<td title='com.cybertek.tests.day10_dropdown_alerts_iframes_windows.HandlingAlertTest.jSAlertTest()'><b>jSAlertTest</b><br>Test class: com.cybertek.tests.day10_dropdown_alerts_iframes_windows.HandlingAlertTest</td>
<td></td>
<td>1</td>
<td>com.cybertek.tests.day10_dropdown_alerts_iframes_windows.HandlingAlertTest@87f383f</td></tr>
<tr>
<td title='com.cybertek.tests.day11_alerts_iframe_windows.AlertExampleTest.jSPromptMessageRequest()'><b>jSPromptMessageRequest</b><br>Test class: com.cybertek.tests.day11_alerts_iframe_windows.AlertExampleTest</td>
<td></td>
<td>0</td>
<td>com.cybertek.tests.day11_alerts_iframe_windows.AlertExampleTest@76a3e297</td></tr>
<tr>
<td title='com.cybertek.tests.day18_actions_pom_intro.ActionsDragAndDropTest.dragAndDropTest()'><b>dragAndDropTest</b><br>Test class: com.cybertek.tests.day18_actions_pom_intro.ActionsDragAndDropTest</td>
<td></td>
<td>2</td>
<td>com.cybertek.tests.day18_actions_pom_intro.ActionsDragAndDropTest@462d5aee</td></tr>
<tr>
<td title='com.cybertek.tests.day10_dropdown_alerts_iframes_windows.HandlingAlertTest.confirmAlertTest()'><b>confirmAlertTest</b><br>Test class: com.cybertek.tests.day10_dropdown_alerts_iframes_windows.HandlingAlertTest</td>
<td></td>
<td>1</td>
<td>com.cybertek.tests.day10_dropdown_alerts_iframes_windows.HandlingAlertTest@87f383f</td></tr>
<tr>
<td title='com.cybertek.tests.day16_download_upload_js_executor.FileDownLoadTest.fileDownLoadTest()'><b>fileDownLoadTest</b><br>Test class: com.cybertek.tests.day16_download_upload_js_executor.FileDownLoadTest</td>
<td></td>
<td>3</td>
<td>com.cybertek.tests.day16_download_upload_js_executor.FileDownLoadTest@58c1670b</td></tr>
<tr>
<td title='com.cybertek.tests.day14_webtables_properties.SmartBearProductTest.smartBearTest()'><b>smartBearTest</b><br>Test class: com.cybertek.tests.day14_webtables_properties.SmartBearProductTest</td>
<td></td>
<td>2</td>
<td>com.cybertek.tests.day14_webtables_properties.SmartBearProductTest@612fc6eb</td></tr>
<tr>
<td title='com.cybertek.tests.day09_testing_dropdowns.TestNGIntro.myTest2()'><b>myTest2</b><br>Test class: com.cybertek.tests.day09_testing_dropdowns.TestNGIntro</td>
<td></td>
<td>0</td>
<td>com.cybertek.tests.day09_testing_dropdowns.TestNGIntro@1b26f7b2</td></tr>
<tr>
<td title='com.cybertek.tests.day18_actions_pom_intro.ActionsDemoTest.hoverElementTest()'><b>hoverElementTest</b><br>Test class: com.cybertek.tests.day18_actions_pom_intro.ActionsDemoTest</td>
<td></td>
<td>2</td>
<td>com.cybertek.tests.day18_actions_pom_intro.ActionsDemoTest@491cc5c9</td></tr>
<tr>
<td title='com.cybertek.tests.day10_dropdown_alerts_iframes_windows.AmazonDepartmentsNamesListTest.amazonDepartmentTest()'><b>amazonDepartmentTest</b><br>Test class: com.cybertek.tests.day10_dropdown_alerts_iframes_windows.AmazonDepartmentsNamesListTest</td>
<td></td>
<td>44</td>
<td>com.cybertek.tests.day10_dropdown_alerts_iframes_windows.AmazonDepartmentsNamesListTest@6121c9d6</td></tr>
<tr>
<td title='com.cybertek.tests.day11_alerts_iframe_windows.AlertExampleTest.jsConfirmCancelTest()'><b>jsConfirmCancelTest</b><br>Test class: com.cybertek.tests.day11_alerts_iframe_windows.AlertExampleTest</td>
<td></td>
<td>0</td>
<td>com.cybertek.tests.day11_alerts_iframe_windows.AlertExampleTest@76a3e297</td></tr>
<tr>
<td title='com.cybertek.tests.day14_webtables_properties.WebTableDemoTest.readFromTableTest()'><b>readFromTableTest</b><br>Test class: com.cybertek.tests.day14_webtables_properties.WebTableDemoTest</td>
<td></td>
<td>0</td>
<td>com.cybertek.tests.day14_webtables_properties.WebTableDemoTest@eafc191</td></tr>
<tr>
<td title='com.cybertek.tests.day18_actions_pom_intro.ActionsDemoTest.hoverOverGroupOfElm()'><b>hoverOverGroupOfElm</b><br>Test class: com.cybertek.tests.day18_actions_pom_intro.ActionsDemoTest</td>
<td></td>
<td>2</td>
<td>com.cybertek.tests.day18_actions_pom_intro.ActionsDemoTest@491cc5c9</td></tr>
<tr>
<td title='com.cybertek.tests.day15_properites_driverutil_testbase.PropertiesFileTest.configurationReaderUnitTest()'><b>configurationReaderUnitTest</b><br>Test class: com.cybertek.tests.day15_properites_driverutil_testbase.PropertiesFileTest</td>
<td></td>
<td>0</td>
<td>com.cybertek.tests.day15_properites_driverutil_testbase.PropertiesFileTest@1060b431</td></tr>
<tr>
<td title='com.cybertek.tests.day18_actions_pom_intro.EtsySubscribeTest.EtsySubTest()'><b>EtsySubTest</b><br>Test class: com.cybertek.tests.day18_actions_pom_intro.EtsySubscribeTest</td>
<td></td>
<td>13</td>
<td>com.cybertek.tests.day18_actions_pom_intro.EtsySubscribeTest@6a1aab78</td></tr>
<tr>
<td title='com.cybertek.tests.day10_dropdown_alerts_iframes_windows.CarGurusUsedCarSearchTest.searchForMinivanTest()'><b>searchForMinivanTest</b><br>Test class: com.cybertek.tests.day10_dropdown_alerts_iframes_windows.CarGurusUsedCarSearchTest</td>
<td></td>
<td>15</td>
<td>com.cybertek.tests.day10_dropdown_alerts_iframes_windows.CarGurusUsedCarSearchTest@4eb7f003</td></tr>
<tr>
<td title='com.cybertek.tests.day15_properites_driverutil_testbase.SystemPropertiesTest.readingSystemProperties()'><b>readingSystemProperties</b><br>Test class: com.cybertek.tests.day15_properites_driverutil_testbase.SystemPropertiesTest</td>
<td></td>
<td>0</td>
<td>com.cybertek.tests.day15_properites_driverutil_testbase.SystemPropertiesTest@11758f2a</td></tr>
<tr>
<td title='com.cybertek.tests.day14_webtables_properties.WebTableDemoTest.readNextCell()'><b>readNextCell</b><br>Test class: com.cybertek.tests.day14_webtables_properties.WebTableDemoTest</td>
<td></td>
<td>0</td>
<td>com.cybertek.tests.day14_webtables_properties.WebTableDemoTest@eafc191</td></tr>
<tr>
<td title='com.cybertek.tests.day16_download_upload_js_executor.FileUpLoadTest.upLoadFileTest()'><b>upLoadFileTest</b><br>Test class: com.cybertek.tests.day16_download_upload_js_executor.FileUpLoadTest</td>
<td></td>
<td>1</td>
<td>com.cybertek.tests.day16_download_upload_js_executor.FileUpLoadTest@77ec78b9</td></tr>
<tr>
<td title='com.cybertek.tests.day18_actions_pom_intro.ActionsDemoTest.googleFeelingLuckyHoverBtnTest()'><b>googleFeelingLuckyHoverBtnTest</b><br>Test class: com.cybertek.tests.day18_actions_pom_intro.ActionsDemoTest</td>
<td></td>
<td>10</td>
<td>com.cybertek.tests.day18_actions_pom_intro.ActionsDemoTest@491cc5c9</td></tr>
<tr>
<td title='com.cybertek.tests.day18_actions_pom_intro.ActionsSendKeysTest.scrollWithKeysTest()'><b>scrollWithKeysTest</b><br>Test class: com.cybertek.tests.day18_actions_pom_intro.ActionsSendKeysTest</td>
<td></td>
<td>3</td>
<td>com.cybertek.tests.day18_actions_pom_intro.ActionsSendKeysTest@69b0fd6f</td></tr>
<tr>
<td title='com.cybertek.tests.day18_actions_pom_intro.ActionsDoubleClickTest.doubleClickTest()'><b>doubleClickTest</b><br>Test class: com.cybertek.tests.day18_actions_pom_intro.ActionsDoubleClickTest</td>
<td></td>
<td>4</td>
<td>com.cybertek.tests.day18_actions_pom_intro.ActionsDoubleClickTest@74ad1f1f</td></tr>
<tr>
<td title='com.cybertek.tests.day15_properites_driverutil_testbase.DriverUtilTest.driverClassTest()'><b>driverClassTest</b><br>Test class: com.cybertek.tests.day15_properites_driverutil_testbase.DriverUtilTest</td>
<td></td>
<td>9</td>
<td>com.cybertek.tests.day15_properites_driverutil_testbase.DriverUtilTest@612679d6</td></tr>
<tr>
<td title='com.cybertek.tests.day15_properites_driverutil_testbase.TechlisticWebTableTest.tallBuildingsTableTest()'><b>tallBuildingsTableTest</b><br>Test class: com.cybertek.tests.day15_properites_driverutil_testbase.TechlisticWebTableTest</td>
<td></td>
<td>13</td>
<td>com.cybertek.tests.day15_properites_driverutil_testbase.TechlisticWebTableTest@e720b71</td></tr>
<tr>
<td title='com.cybertek.tests.day09_testing_dropdowns.TestNGIntro.test1()'><b>test1</b><br>Test class: com.cybertek.tests.day09_testing_dropdowns.TestNGIntro</td>
<td></td>
<td>0</td>
<td>com.cybertek.tests.day09_testing_dropdowns.TestNGIntro@1b26f7b2</td></tr>
<tr>
<td title='com.cybertek.tests.day19_page_object_model.LibraryLoginPOMTest.invalidCredentialsTest()'><b>invalidCredentialsTest</b><br>Test class: com.cybertek.tests.day19_page_object_model.LibraryLoginPOMTest</td>
<td></td>
<td>1</td>
<td>com.cybertek.tests.day19_page_object_model.LibraryLoginPOMTest@8646db9</td></tr>
<tr>
<td title='com.cybertek.tests.day11_alerts_iframe_windows.AlertExampleTest.jSConfirm()'><b>jSConfirm</b><br>Test class: com.cybertek.tests.day11_alerts_iframe_windows.AlertExampleTest</td>
<td></td>
<td>2</td>
<td>com.cybertek.tests.day11_alerts_iframe_windows.AlertExampleTest@76a3e297</td></tr>
<tr>
<td title='com.cybertek.tests.day14_webtables_properties.WebTableDemoTest.printAllTableData()'><b>printAllTableData</b><br>Test class: com.cybertek.tests.day14_webtables_properties.WebTableDemoTest</td>
<td></td>
<td>0</td>
<td>com.cybertek.tests.day14_webtables_properties.WebTableDemoTest@eafc191</td></tr>
<tr>
<td title='com.cybertek.tests.day17_upload_js_executer.Guru99UploadTest.guruUpLoadTest()'><b>guruUpLoadTest</b><br>Test class: com.cybertek.tests.day17_upload_js_executer.Guru99UploadTest</td>
<td></td>
<td>5</td>
<td>com.cybertek.tests.day17_upload_js_executer.Guru99UploadTest@1a3869f4</td></tr>
<tr>
<td title='com.cybertek.tests.day14_webtables_properties.WebTableDemoTest.getAllColumnData()'><b>getAllColumnData</b><br>Test class: com.cybertek.tests.day14_webtables_properties.WebTableDemoTest</td>
<td></td>
<td>0</td>
<td>com.cybertek.tests.day14_webtables_properties.WebTableDemoTest@eafc191</td></tr>
<tr>
<td title='com.cybertek.tests.day19_page_object_model.ContextClickTest.contextClickTest()'><b>contextClickTest</b><br>Test class: com.cybertek.tests.day19_page_object_model.ContextClickTest</td>
<td></td>
<td>3</td>
<td>com.cybertek.tests.day19_page_object_model.ContextClickTest@66d1af89</td></tr>
<tr>
<td title='com.cybertek.tests.day17_upload_js_executer.JavaScriptExecutorTest.alertExampleTest()'><b>alertExampleTest</b><br>Test class: com.cybertek.tests.day17_upload_js_executer.JavaScriptExecutorTest</td>
<td></td>
<td>3</td>
<td>com.cybertek.tests.day17_upload_js_executer.JavaScriptExecutorTest@63440df3</td></tr>
<tr>
<td title='com.cybertek.tests.day12_windows_practice_faker.DemoQAMultipleWindowTest.newWindowTest()'><b>newWindowTest</b><br>Test class: com.cybertek.tests.day12_windows_practice_faker.DemoQAMultipleWindowTest</td>
<td></td>
<td>0</td>
<td>com.cybertek.tests.day12_windows_practice_faker.DemoQAMultipleWindowTest@4a87761d</td></tr>
<tr>
<td title='com.cybertek.tests.day11_alerts_iframe_windows.MultipleWindowsExampleTest.windowsTest()'><b>windowsTest</b><br>Test class: com.cybertek.tests.day11_alerts_iframe_windows.MultipleWindowsExampleTest</td>
<td></td>
<td>0</td>
<td>com.cybertek.tests.day11_alerts_iframe_windows.MultipleWindowsExampleTest@4d3167f4</td></tr>
<tr>
<td title='com.cybertek.tests.day20_review_wait.IframeActionsTest.test()'><b>test</b><br>Test class: com.cybertek.tests.day20_review_wait.IframeActionsTest</td>
<td></td>
<td>7</td>
<td>com.cybertek.tests.day20_review_wait.IframeActionsTest@757942a1</td></tr>
<tr>
<td title='com.cybertek.tests.day17_upload_js_executer.JavaScriptExecutorTest.scrollTest()'><b>scrollTest</b><br>Test class: com.cybertek.tests.day17_upload_js_executer.JavaScriptExecutorTest</td>
<td></td>
<td>21</td>
<td>com.cybertek.tests.day17_upload_js_executer.JavaScriptExecutorTest@63440df3</td></tr>
<tr>
<td title='com.cybertek.tests.day18_actions_pom_intro.ActionsSendKeysTest.rightClickTest()'><b>rightClickTest</b><br>Test class: com.cybertek.tests.day18_actions_pom_intro.ActionsSendKeysTest</td>
<td></td>
<td>4</td>
<td>com.cybertek.tests.day18_actions_pom_intro.ActionsSendKeysTest@69b0fd6f</td></tr>
<tr>
<td title='com.cybertek.tests.day15_properites_driverutil_testbase.PropertiesFileTest.readValuesFromPropertiesFile()'><b>readValuesFromPropertiesFile</b><br>Test class: com.cybertek.tests.day15_properites_driverutil_testbase.PropertiesFileTest</td>
<td></td>
<td>0</td>
<td>com.cybertek.tests.day15_properites_driverutil_testbase.PropertiesFileTest@1060b431</td></tr>
</table><p>
</body>
</html>