<?xml version="1.0" encoding="UTF-8"?>
<!-- Generated by org.testng.reporters.JUnitXMLReporter -->
<testsuite hostname="Juans-MBP.fios-router.home" ignored="0" name="Command line test" tests="49" failures="4" timestamp="2021-12-18T11:33:01 EST" time="353.797" errors="0">
  <testcase name="test1" time="0.006" classname="com.cybertek.tests.day08_implicitwait_checkbox_radio_testing.TestNgIntro"/>
  <testcase name="test2" time="0.001" classname="com.cybertek.tests.day08_implicitwait_checkbox_radio_testing.TestNgIntro">
    <failure type="java.lang.ArithmeticException" message="/ by zero">
      <![CDATA[java.lang.ArithmeticException: / by zero
at com.cybertek.tests.day08_implicitwait_checkbox_radio_testing.TestNgIntro.test2(TestNgIntro.java:14)
at java.util.ArrayList.forEach(ArrayList.java:1257)
... Removed 37 stack frames]]>
    </failure>
  </testcase> <!-- test2 -->
  <testcase name="fileDownLoadTest" time="3.124" classname="com.cybertek.tests.day16_download_upload_js_executor.FileDownLoadTest"/>
  <testcase name="upLoadFileTest" time="1.33" classname="com.cybertek.tests.day16_download_upload_js_executor.FileUpLoadTest"/>
  <testcase name="guruUpLoadTest" time="5.552" classname="com.cybertek.tests.day17_upload_js_executer.Guru99UploadTest"/>
  <testcase name="scrollTest" time="4.27" classname="com.cybertek.tests.day17_upload_js_executer.ScrollToElementTest">
    <failure type="org.openqa.selenium.InvalidSelectorException" message="invalid selector: Unable to locate an element with the xpath expression //a[@href=&amp;apos;/contact] because of the following error:
SyntaxError: Failed to execute &amp;apos;evaluate&amp;apos; on &amp;apos;Document&amp;apos;: The string &amp;apos;//a[@href=&amp;apos;/contact]&amp;apos; is not a valid XPath expression.
  (Session info: chrome=96.0.4664.110)
For documentation on this error, please visit: https://www.seleniumhq.org/exceptions/invalid_selector_exception.html
Build info: version: &amp;apos;3.141.59&amp;apos;, revision: &amp;apos;e82be7d358&amp;apos;, time: &amp;apos;2018-11-14T08:17:03&amp;apos;
System info: host: &amp;apos;Juans-MBP.fios-router.home&amp;apos;, ip: &amp;apos;fe80:0:0:0:14b3:ad2e:936a:44fd%en0&amp;apos;, os.name: &amp;apos;Mac OS X&amp;apos;, os.arch: &amp;apos;x86_64&amp;apos;, os.version: &amp;apos;10.16&amp;apos;, java.version: &amp;apos;1.8.0_231&amp;apos;
Driver info: org.openqa.selenium.chrome.ChromeDriver
Capabilities {acceptInsecureCerts: false, browserName: chrome, browserVersion: 96.0.4664.110, chrome: {chromedriverVersion: 96.0.4664.45 (76e4c1bb2ab46..., userDataDir: /var/folders/6p/tpncg1t9257...}, goog:chromeOptions: {debuggerAddress: localhost:49559}, javascriptEnabled: true, networkConnectionEnabled: false, pageLoadStrategy: normal, platform: MAC, platformName: MAC, proxy: Proxy(), setWindowRect: true, strictFileInteractability: false, timeouts: {implicit: 0, pageLoad: 300000, script: 30000}, unhandledPromptBehavior: dismiss and notify, webauthn:extension:credBlob: true, webauthn:extension:largeBlob: true, webauthn:virtualAuthenticators: true}
Session ID: 28170ee26e20fbe796730cb6ba4f4d17
*** Element info: {Using=xpath, value=//a[@href=&amp;apos;/contact]}">
      <![CDATA[org.openqa.selenium.InvalidSelectorException: invalid selector: Unable to locate an element with the xpath expression //a[@href='/contact] because of the following error:
SyntaxError: Failed to execute 'evaluate' on 'Document': The string '//a[@href='/contact]' is not a valid XPath expression.
  (Session info: chrome=96.0.4664.110)
For documentation on this error, please visit: https://www.seleniumhq.org/exceptions/invalid_selector_exception.html
Build info: version: '3.141.59', revision: 'e82be7d358', time: '2018-11-14T08:17:03'
System info: host: 'Juans-MBP.fios-router.home', ip: 'fe80:0:0:0:14b3:ad2e:936a:44fd%en0', os.name: 'Mac OS X', os.arch: 'x86_64', os.version: '10.16', java.version: '1.8.0_231'
Driver info: org.openqa.selenium.chrome.ChromeDriver
Capabilities {acceptInsecureCerts: false, browserName: chrome, browserVersion: 96.0.4664.110, chrome: {chromedriverVersion: 96.0.4664.45 (76e4c1bb2ab46..., userDataDir: /var/folders/6p/tpncg1t9257...}, goog:chromeOptions: {debuggerAddress: localhost:49559}, javascriptEnabled: true, networkConnectionEnabled: false, pageLoadStrategy: normal, platform: MAC, platformName: MAC, proxy: Proxy(), setWindowRect: true, strictFileInteractability: false, timeouts: {implicit: 0, pageLoad: 300000, script: 30000}, unhandledPromptBehavior: dismiss and notify, webauthn:extension:credBlob: true, webauthn:extension:largeBlob: true, webauthn:virtualAuthenticators: true}
Session ID: 28170ee26e20fbe796730cb6ba4f4d17
*** Element info: {Using=xpath, value=//a[@href='/contact]}
at org.openqa.selenium.remote.http.W3CHttpResponseCodec.createException(W3CHttpResponseCodec.java:187)
at org.openqa.selenium.remote.http.W3CHttpResponseCodec.decode(W3CHttpResponseCodec.java:122)
at org.openqa.selenium.remote.http.W3CHttpResponseCodec.decode(W3CHttpResponseCodec.java:49)
at org.openqa.selenium.remote.HttpCommandExecutor.execute(HttpCommandExecutor.java:158)
at org.openqa.selenium.remote.service.DriverCommandExecutor.execute(DriverCommandExecutor.java:83)
at org.openqa.selenium.remote.RemoteWebDriver.execute(RemoteWebDriver.java:552)
at org.openqa.selenium.remote.RemoteWebDriver.findElement(RemoteWebDriver.java:323)
at org.openqa.selenium.remote.RemoteWebDriver.findElementByXPath(RemoteWebDriver.java:428)
at org.openqa.selenium.By$ByXPath.findElement(By.java:353)
at org.openqa.selenium.remote.RemoteWebDriver.findElement(RemoteWebDriver.java:315)
at com.cybertek.tests.day17_upload_js_executer.ScrollToElementTest.scrollTest(ScrollToElementTest.java:23)
at java.util.ArrayList.forEach(ArrayList.java:1257)
... Removed 41 stack frames]]>
    </failure>
  </testcase> <!-- scrollTest -->
  <testcase name="alertExampleTest" time="3.111" classname="com.cybertek.tests.day17_upload_js_executer.JavaScriptExecutorTest"/>
  <testcase name="scrollTest" time="21.176" classname="com.cybertek.tests.day17_upload_js_executer.JavaScriptExecutorTest"/>
  <testcase name="multipleFramesTest" time="0.323" classname="com.cybertek.tests.day11_alerts_iframe_windows.IFramesExampleTest"/>
  <testcase name="jSAlert" time="2.254" classname="com.cybertek.tests.day11_alerts_iframe_windows.AlertExampleTest"/>
  <testcase name="jSConfirm" time="2.265" classname="com.cybertek.tests.day11_alerts_iframe_windows.AlertExampleTest"/>
  <testcase name="jSPrompt" time="2.33" classname="com.cybertek.tests.day11_alerts_iframe_windows.AlertExampleTest"/>
  <testcase name="jSPromptMessageRequest" time="0.434" classname="com.cybertek.tests.day11_alerts_iframe_windows.AlertExampleTest"/>
  <testcase name="jsConfirmCancelTest" time="0.446" classname="com.cybertek.tests.day11_alerts_iframe_windows.AlertExampleTest"/>
  <testcase name="demoQAMultipleWindows" time="5.298" classname="com.cybertek.tests.day11_alerts_iframe_windows.MultipleWindowsExampleTest"/>
  <testcase name="windowsTest" time="0.647" classname="com.cybertek.tests.day11_alerts_iframe_windows.MultipleWindowsExampleTest"/>
  <testcase name="invalidFirstNameTest" time="5.043" classname="com.cybertek.tests.day13_faker_practice_browserutil_properties.RegistrationFormNegativeTest">
    <failure type="org.openqa.selenium.NoSuchElementException" message="no such element: Unable to locate element: {&amp;quot;method&amp;quot;:&amp;quot;css selector&amp;quot;,&amp;quot;selector&amp;quot;:&amp;quot;#Wooden_spoon&amp;quot;}
  (Session info: chrome=96.0.4664.110)
For documentation on this error, please visit: https://www.seleniumhq.org/exceptions/no_such_element.html
Build info: version: &amp;apos;3.141.59&amp;apos;, revision: &amp;apos;e82be7d358&amp;apos;, time: &amp;apos;2018-11-14T08:17:03&amp;apos;
System info: host: &amp;apos;Juans-MBP.fios-router.home&amp;apos;, ip: &amp;apos;fe80:0:0:0:14b3:ad2e:936a:44fd%en0&amp;apos;, os.name: &amp;apos;Mac OS X&amp;apos;, os.arch: &amp;apos;x86_64&amp;apos;, os.version: &amp;apos;10.16&amp;apos;, java.version: &amp;apos;1.8.0_231&amp;apos;
Driver info: org.openqa.selenium.chrome.ChromeDriver
Capabilities {acceptInsecureCerts: false, browserName: chrome, browserVersion: 96.0.4664.110, chrome: {chromedriverVersion: 96.0.4664.45 (76e4c1bb2ab46..., userDataDir: /var/folders/6p/tpncg1t9257...}, goog:chromeOptions: {debuggerAddress: localhost:49854}, javascriptEnabled: true, networkConnectionEnabled: false, pageLoadStrategy: normal, platform: MAC, platformName: MAC, proxy: Proxy(), setWindowRect: true, strictFileInteractability: false, timeouts: {implicit: 0, pageLoad: 300000, script: 30000}, unhandledPromptBehavior: dismiss and notify, webauthn:extension:credBlob: true, webauthn:extension:largeBlob: true, webauthn:virtualAuthenticators: true}
Session ID: 9c406efcc7c75e2ce62c9d8671f8c4ed
*** Element info: {Using=id, value=Wooden_spoon}">
      <![CDATA[org.openqa.selenium.NoSuchElementException: no such element: Unable to locate element: {"method":"css selector","selector":"#Wooden_spoon"}
  (Session info: chrome=96.0.4664.110)
For documentation on this error, please visit: https://www.seleniumhq.org/exceptions/no_such_element.html
Build info: version: '3.141.59', revision: 'e82be7d358', time: '2018-11-14T08:17:03'
System info: host: 'Juans-MBP.fios-router.home', ip: 'fe80:0:0:0:14b3:ad2e:936a:44fd%en0', os.name: 'Mac OS X', os.arch: 'x86_64', os.version: '10.16', java.version: '1.8.0_231'
Driver info: org.openqa.selenium.chrome.ChromeDriver
Capabilities {acceptInsecureCerts: false, browserName: chrome, browserVersion: 96.0.4664.110, chrome: {chromedriverVersion: 96.0.4664.45 (76e4c1bb2ab46..., userDataDir: /var/folders/6p/tpncg1t9257...}, goog:chromeOptions: {debuggerAddress: localhost:49854}, javascriptEnabled: true, networkConnectionEnabled: false, pageLoadStrategy: normal, platform: MAC, platformName: MAC, proxy: Proxy(), setWindowRect: true, strictFileInteractability: false, timeouts: {implicit: 0, pageLoad: 300000, script: 30000}, unhandledPromptBehavior: dismiss and notify, webauthn:extension:credBlob: true, webauthn:extension:largeBlob: true, webauthn:virtualAuthenticators: true}
Session ID: 9c406efcc7c75e2ce62c9d8671f8c4ed
*** Element info: {Using=id, value=Wooden_spoon}
at org.openqa.selenium.remote.http.W3CHttpResponseCodec.createException(W3CHttpResponseCodec.java:187)
at org.openqa.selenium.remote.http.W3CHttpResponseCodec.decode(W3CHttpResponseCodec.java:122)
at org.openqa.selenium.remote.http.W3CHttpResponseCodec.decode(W3CHttpResponseCodec.java:49)
at org.openqa.selenium.remote.HttpCommandExecutor.execute(HttpCommandExecutor.java:158)
at org.openqa.selenium.remote.service.DriverCommandExecutor.execute(DriverCommandExecutor.java:83)
at org.openqa.selenium.remote.RemoteWebDriver.execute(RemoteWebDriver.java:552)
at org.openqa.selenium.remote.RemoteWebDriver.findElement(RemoteWebDriver.java:323)
at org.openqa.selenium.remote.RemoteWebDriver.findElementById(RemoteWebDriver.java:372)
at org.openqa.selenium.By$ById.findElement(By.java:188)
at org.openqa.selenium.remote.RemoteWebDriver.findElement(RemoteWebDriver.java:315)
at com.cybertek.tests.day13_faker_practice_browserutil_properties.RegistrationFormNegativeTest.invalidFirstNameTest(RegistrationFormNegativeTest.java:15)
at java.util.ArrayList.forEach(ArrayList.java:1257)
... Removed 41 stack frames]]>
    </failure>
  </testcase> <!-- invalidFirstNameTest -->
  <testcase name="amazonDepartmentTest" time="44.898" classname="com.cybertek.tests.day10_dropdown_alerts_iframes_windows.AmazonDepartmentsNamesListTest"/>
  <testcase name="runMethod" time="0.002" classname="com.cybertek.tests.day10_dropdown_alerts_iframes_windows.AmazonDepartmentsNamesListTest"/>
  <testcase name="confirmAlertTest" time="1.457" classname="com.cybertek.tests.day10_dropdown_alerts_iframes_windows.HandlingAlertTest"/>
  <testcase name="jSAlertTest" time="1.405" classname="com.cybertek.tests.day10_dropdown_alerts_iframes_windows.HandlingAlertTest"/>
  <testcase name="searchForMinivanTest" time="15.625" classname="com.cybertek.tests.day10_dropdown_alerts_iframes_windows.CarGurusUsedCarSearchTest"/>
  <testcase name="getAllColumnData" time="0.223" classname="com.cybertek.tests.day14_webtables_properties.WebTableDemoTest"/>
  <testcase name="printAllTableData" time="0.561" classname="com.cybertek.tests.day14_webtables_properties.WebTableDemoTest"/>
  <testcase name="readFromTableTest" time="0.495" classname="com.cybertek.tests.day14_webtables_properties.WebTableDemoTest"/>
  <testcase name="readNextCell" time="0.005" classname="com.cybertek.tests.day14_webtables_properties.WebTableDemoTest"/>
  <testcase name="smartBearTest" time="2.241" classname="com.cybertek.tests.day14_webtables_properties.SmartBearProductTest"/>
  <testcase name="configurationReaderUnitTest" time="0.0" classname="com.cybertek.tests.day15_properites_driverutil_testbase.PropertiesFileTest"/>
  <testcase name="readValuesFromPropertiesFile" time="0.004" classname="com.cybertek.tests.day15_properites_driverutil_testbase.PropertiesFileTest"/>
  <testcase name="driverClassTest" time="9.559" classname="com.cybertek.tests.day15_properites_driverutil_testbase.DriverUtilTest"/>
  <testcase name="readingSystemProperties" time="0.001" classname="com.cybertek.tests.day15_properites_driverutil_testbase.SystemPropertiesTest"/>
  <testcase name="tallBuildingsTableTest" time="13.342" classname="com.cybertek.tests.day15_properites_driverutil_testbase.TechlisticWebTableTest"/>
  <testcase name="test1" time="0.0" classname="com.cybertek.tests.day09_testing_dropdowns.TestNGIntro"/>
  <testcase name="myTest2" time="0.0" classname="com.cybertek.tests.day09_testing_dropdowns.TestNGIntro"/>
  <testcase name="googleFeelingLuckyHoverBtnTest" time="10.988" classname="com.cybertek.tests.day18_actions_pom_intro.ActionsDemoTest"/>
  <testcase name="hoverElementTest" time="2.027" classname="com.cybertek.tests.day18_actions_pom_intro.ActionsDemoTest"/>
  <testcase name="hoverOverGroupOfElm" time="2.245" classname="com.cybertek.tests.day18_actions_pom_intro.ActionsDemoTest"/>
  <testcase name="doubleClickTest" time="4.049" classname="com.cybertek.tests.day18_actions_pom_intro.ActionsDoubleClickTest"/>
  <testcase name="EtsySubTest" time="13.294" classname="com.cybertek.tests.day18_actions_pom_intro.EtsySubscribeTest"/>
  <testcase name="dragAndDropTest" time="2.228" classname="com.cybertek.tests.day18_actions_pom_intro.ActionsDragAndDropTest"/>
  <testcase name="rightClickTest" time="4.37" classname="com.cybertek.tests.day18_actions_pom_intro.ActionsSendKeysTest"/>
  <testcase name="scrollWithKeysTest" time="3.295" classname="com.cybertek.tests.day18_actions_pom_intro.ActionsSendKeysTest"/>
  <testcase name="test" time="7.075" classname="com.cybertek.tests.day20_review_wait.IframeActionsTest"/>
  <testcase name="newWindowTest" time="0.772" classname="com.cybertek.tests.day12_windows_practice_faker.DemoQAMultipleWindowTest"/>
  <testcase name="contextClickTest" time="3.973" classname="com.cybertek.tests.day19_page_object_model.ContextClickTest"/>
  <testcase name="invalidCredentialsTest" time="1.458" classname="com.cybertek.tests.day19_page_object_model.LibraryLoginPOMTest"/>
  <testcase name="positiveLoginPage" time="2.567" classname="com.cybertek.tests.day19_page_object_model.LibraryLoginPOMTest"/>
  <testcase name="cargurusPriceSliderTest" time="25.286" classname="com.cybertek.tests.day19_page_object_model.DragAndDropTest">
    <failure type="org.openqa.selenium.NoSuchElementException" message="no such element: Unable to locate element: {&amp;quot;method&amp;quot;:&amp;quot;xpath&amp;quot;,&amp;quot;selector&amp;quot;:&amp;quot;(//button[@aria-valuemin=&amp;apos;3000&amp;apos;])[1]&amp;quot;}
  (Session info: chrome=96.0.4664.110)
For documentation on this error, please visit: https://www.seleniumhq.org/exceptions/no_such_element.html
Build info: version: &amp;apos;3.141.59&amp;apos;, revision: &amp;apos;e82be7d358&amp;apos;, time: &amp;apos;2018-11-14T08:17:03&amp;apos;
System info: host: &amp;apos;Juans-MBP.fios-router.home&amp;apos;, ip: &amp;apos;fe80:0:0:0:14b3:ad2e:936a:44fd%en0&amp;apos;, os.name: &amp;apos;Mac OS X&amp;apos;, os.arch: &amp;apos;x86_64&amp;apos;, os.version: &amp;apos;10.16&amp;apos;, java.version: &amp;apos;1.8.0_231&amp;apos;
Driver info: org.openqa.selenium.chrome.ChromeDriver
Capabilities {acceptInsecureCerts: false, browserName: chrome, browserVersion: 96.0.4664.110, chrome: {chromedriverVersion: 96.0.4664.45 (76e4c1bb2ab46..., userDataDir: /var/folders/6p/tpncg1t9257...}, goog:chromeOptions: {debuggerAddress: localhost:51137}, javascriptEnabled: true, networkConnectionEnabled: false, pageLoadStrategy: normal, platform: MAC, platformName: MAC, proxy: Proxy(), setWindowRect: true, strictFileInteractability: false, timeouts: {implicit: 0, pageLoad: 300000, script: 30000}, unhandledPromptBehavior: dismiss and notify, webauthn:extension:credBlob: true, webauthn:extension:largeBlob: true, webauthn:virtualAuthenticators: true}
Session ID: 468b7080eb17f6d0b2160275aee0a6f5
*** Element info: {Using=xpath, value=(//button[@aria-valuemin=&amp;apos;3000&amp;apos;])[1]}">
      <![CDATA[org.openqa.selenium.NoSuchElementException: no such element: Unable to locate element: {"method":"xpath","selector":"(//button[@aria-valuemin='3000'])[1]"}
  (Session info: chrome=96.0.4664.110)
For documentation on this error, please visit: https://www.seleniumhq.org/exceptions/no_such_element.html
Build info: version: '3.141.59', revision: 'e82be7d358', time: '2018-11-14T08:17:03'
System info: host: 'Juans-MBP.fios-router.home', ip: 'fe80:0:0:0:14b3:ad2e:936a:44fd%en0', os.name: 'Mac OS X', os.arch: 'x86_64', os.version: '10.16', java.version: '1.8.0_231'
Driver info: org.openqa.selenium.chrome.ChromeDriver
Capabilities {acceptInsecureCerts: false, browserName: chrome, browserVersion: 96.0.4664.110, chrome: {chromedriverVersion: 96.0.4664.45 (76e4c1bb2ab46..., userDataDir: /var/folders/6p/tpncg1t9257...}, goog:chromeOptions: {debuggerAddress: localhost:51137}, javascriptEnabled: true, networkConnectionEnabled: false, pageLoadStrategy: normal, platform: MAC, platformName: MAC, proxy: Proxy(), setWindowRect: true, strictFileInteractability: false, timeouts: {implicit: 0, pageLoad: 300000, script: 30000}, unhandledPromptBehavior: dismiss and notify, webauthn:extension:credBlob: true, webauthn:extension:largeBlob: true, webauthn:virtualAuthenticators: true}
Session ID: 468b7080eb17f6d0b2160275aee0a6f5
*** Element info: {Using=xpath, value=(//button[@aria-valuemin='3000'])[1]}
at org.openqa.selenium.remote.http.W3CHttpResponseCodec.createException(W3CHttpResponseCodec.java:187)
at org.openqa.selenium.remote.http.W3CHttpResponseCodec.decode(W3CHttpResponseCodec.java:122)
at org.openqa.selenium.remote.http.W3CHttpResponseCodec.decode(W3CHttpResponseCodec.java:49)
at org.openqa.selenium.remote.HttpCommandExecutor.execute(HttpCommandExecutor.java:158)
at org.openqa.selenium.remote.service.DriverCommandExecutor.execute(DriverCommandExecutor.java:83)
at org.openqa.selenium.remote.RemoteWebDriver.execute(RemoteWebDriver.java:552)
at org.openqa.selenium.remote.RemoteWebDriver.findElement(RemoteWebDriver.java:323)
at org.openqa.selenium.remote.RemoteWebDriver.findElementByXPath(RemoteWebDriver.java:428)
at org.openqa.selenium.By$ByXPath.findElement(By.java:353)
at org.openqa.selenium.remote.RemoteWebDriver.findElement(RemoteWebDriver.java:315)
at com.cybertek.tests.day19_page_object_model.DragAndDropTest.cargurusPriceSliderTest(DragAndDropTest.java:29)
at java.util.ArrayList.forEach(ArrayList.java:1257)
... Removed 41 stack frames]]>
    </failure>
  </testcase> <!-- cargurusPriceSliderTest -->
  <testcase name="guru99DragAndDropTest" time="3.387" classname="com.cybertek.tests.day19_page_object_model.DragAndDropTest"/>
</testsuite> <!-- Command line test -->
