<!DOCTYPE html PUBLIC "-//W3C//DTD XHTML 1.1//EN" "https://www.w3.org/TR/xhtml11/DTD/xhtml11.dtd">
<html xmlns="https://www.w3.org/1999/xhtml">
<head>
<meta http-equiv="content-type" content="text/html; charset=UTF-8"/>
<title>TestNG Report</title>
<style type="text/css">table {margin-bottom:10px;border-collapse:collapse;empty-cells:show}th,td {border:1px solid #009;padding:.25em .5em}th {vertical-align:bottom}td {vertical-align:top}table a {font-weight:bold}.stripe td {background-color: #E6EBF9}.num {text-align:right}.passedodd td {background-color: #3F3}.passedeven td {background-color: #0A0}.skippedodd td {background-color: #DDD}.skippedeven td {background-color: #CCC}.failedodd td,.attn {background-color: #F33}.failedeven td,.stripe .attn {background-color: #D00}.stacktrace {white-space:pre;font-family:monospace}.totop {font-size:85%;text-align:center;border-bottom:2px solid #000}.invisible {display:none}</style>
</head>
<body>
<table>
<tr><th>Test</th><th># Passed</th><th># Skipped</th><th># Retried</th><th># Failed</th><th>Time (ms)</th><th>Included Groups</th><th>Excluded Groups</th></tr>
<tr><th colspan="8">Command line suite</th></tr>
<tr><td><a href="#t0">Command line test</a></td><td class="num">45</td><td class="num">0</td><td class="num">0</td><td class="num attn">4</td><td class="num">353,797</td><td></td><td></td></tr>
</table>
<table id='summary'><thead><tr><th>Class</th><th>Method</th><th>Start</th><th>Time (ms)</th></tr></thead><tbody><tr><th colspan="4">Command line suite</th></tr></tbody><tbody id="t0"><tr><th colspan="4">Command line test &#8212; failed</th></tr><tr class="failedeven"><td rowspan="1">com.cybertek.tests.day08_implicitwait_checkbox_radio_testing.TestNgIntro</td><td><a href="#m0">test2</a></td><td rowspan="1">1639844828004</td><td rowspan="1">1</td></tr><tr class="failedodd"><td rowspan="1">com.cybertek.tests.day13_faker_practice_browserutil_properties.RegistrationFormNegativeTest</td><td><a href="#m1">invalidFirstNameTest</a></td><td rowspan="1">1639844927174</td><td rowspan="1">5043</td></tr><tr class="failedeven"><td rowspan="1">com.cybertek.tests.day17_upload_js_executer.ScrollToElementTest</td><td><a href="#m2">scrollTest</a></td><td rowspan="1">1639844848217</td><td rowspan="1">4270</td></tr><tr class="failedodd"><td rowspan="1">com.cybertek.tests.day19_page_object_model.DragAndDropTest</td><td><a href="#m3">cargurusPriceSliderTest</a></td><td rowspan="1">1639845150768</td><td rowspan="1">25286</td></tr><tr><th colspan="4">Command line test &#8212; passed</th></tr><tr class="passedeven"><td rowspan="1">com.cybertek.tests.day08_implicitwait_checkbox_radio_testing.TestNgIntro</td><td><a href="#m4">test1</a></td><td rowspan="1">1639844827991</td><td rowspan="1">6</td></tr><tr class="passedodd"><td rowspan="2">com.cybertek.tests.day09_testing_dropdowns.TestNGIntro</td><td><a href="#m5">myTest2</a></td><td rowspan="1">1639845069433</td><td rowspan="1">0</td></tr><tr class="passedodd"><td><a href="#m6">test1</a></td><td rowspan="1">1639845069433</td><td rowspan="1">0</td></tr><tr class="passedeven"><td rowspan="2">com.cybertek.tests.day10_dropdown_alerts_iframes_windows.AmazonDepartmentsNamesListTest</td><td><a href="#m7">amazonDepartmentTest</a></td><td rowspan="1">1639844940565</td><td rowspan="1">44898</td></tr><tr class="passedeven"><td><a href="#m8">runMethod</a></td><td rowspan="1">1639844995727</td><td rowspan="1">2</td></tr><tr class="passedodd"><td rowspan="1">com.cybertek.tests.day10_dropdown_alerts_iframes_windows.CarGurusUsedCarSearchTest</td><td><a href="#m9">searchForMinivanTest</a></td><td rowspan="1">1639845015317</td><td rowspan="1">15625</td></tr><tr class="passedeven"><td rowspan="2">com.cybertek.tests.day10_dropdown_alerts_iframes_windows.HandlingAlertTest</td><td><a href="#m10">confirmAlertTest</a></td><td rowspan="1">1639845003200</td><td rowspan="1">1457</td></tr><tr class="passedeven"><td><a href="#m11">jSAlertTest</a></td><td rowspan="1">1639845004660</td><td rowspan="1">1405</td></tr><tr class="passedodd"><td rowspan="5">com.cybertek.tests.day11_alerts_iframe_windows.AlertExampleTest</td><td><a href="#m12">jSAlert</a></td><td rowspan="1">1639844884389</td><td rowspan="1">2254</td></tr><tr class="passedodd"><td><a href="#m13">jSConfirm</a></td><td rowspan="1">1639844890264</td><td rowspan="1">2265</td></tr><tr class="passedodd"><td><a href="#m14">jSPrompt</a></td><td rowspan="1">1639844896204</td><td rowspan="1">2330</td></tr><tr class="passedodd"><td><a href="#m15">jSPromptMessageRequest</a></td><td rowspan="1">1639844902151</td><td rowspan="1">434</td></tr><tr class="passedodd"><td><a href="#m16">jsConfirmCancelTest</a></td><td rowspan="1">1639844906098</td><td rowspan="1">446</td></tr><tr class="passedeven"><td rowspan="1">com.cybertek.tests.day11_alerts_iframe_windows.IFramesExampleTest</td><td><a href="#m17">multipleFramesTest</a></td><td rowspan="1">1639844881813</td><td rowspan="1">323</td></tr><tr class="passedodd"><td rowspan="2">com.cybertek.tests.day11_alerts_iframe_windows.MultipleWindowsExampleTest</td><td><a href="#m18">demoQAMultipleWindows</a></td><td rowspan="1">1639844910097</td><td rowspan="1">5298</td></tr><tr class="passedodd"><td><a href="#m19">windowsTest</a></td><td rowspan="1">1639844923844</td><td rowspan="1">647</td></tr><tr class="passedeven"><td rowspan="1">com.cybertek.tests.day12_windows_practice_faker.DemoQAMultipleWindowTest</td><td><a href="#m20">newWindowTest</a></td><td rowspan="1">1639845136224</td><td rowspan="1">772</td></tr><tr class="passedodd"><td rowspan="1">com.cybertek.tests.day14_webtables_properties.SmartBearProductTest</td><td><a href="#m21">smartBearTest</a></td><td rowspan="1">1639845044057</td><td rowspan="1">2241</td></tr><tr class="passedeven"><td rowspan="4">com.cybertek.tests.day14_webtables_properties.WebTableDemoTest</td><td><a href="#m22">getAllColumnData</a></td><td rowspan="1">1639845033632</td><td rowspan="1">223</td></tr><tr class="passedeven"><td><a href="#m23">printAllTableData</a></td><td rowspan="1">1639845036331</td><td rowspan="1">561</td></tr><tr class="passedeven"><td><a href="#m24">readFromTableTest</a></td><td rowspan="1">1639845039229</td><td rowspan="1">495</td></tr><tr class="passedeven"><td><a href="#m25">readNextCell</a></td><td rowspan="1">1639845042168</td><td rowspan="1">5</td></tr><tr class="passedodd"><td rowspan="1">com.cybertek.tests.day15_properites_driverutil_testbase.DriverUtilTest</td><td><a href="#m26">driverClassTest</a></td><td rowspan="1">1639845046308</td><td rowspan="1">9559</td></tr><tr class="passedeven"><td rowspan="2">com.cybertek.tests.day15_properites_driverutil_testbase.PropertiesFileTest</td><td><a href="#m27">configurationReaderUnitTest</a></td><td rowspan="1">1639845046304</td><td rowspan="1">0</td></tr><tr class="passedeven"><td><a href="#m28">readValuesFromPropertiesFile</a></td><td rowspan="1">1639845046304</td><td rowspan="1">4</td></tr><tr class="passedodd"><td rowspan="1">com.cybertek.tests.day15_properites_driverutil_testbase.SystemPropertiesTest</td><td><a href="#m29">readingSystemProperties</a></td><td rowspan="1">1639845055872</td><td rowspan="1">1</td></tr><tr class="passedeven"><td rowspan="1">com.cybertek.tests.day15_properites_driverutil_testbase.TechlisticWebTableTest</td><td><a href="#m30">tallBuildingsTableTest</a></td><td rowspan="1">1639845055877</td><td rowspan="1">13342</td></tr><tr class="passedodd"><td rowspan="1">com.cybertek.tests.day16_download_upload_js_executor.FileDownLoadTest</td><td><a href="#m31">fileDownLoadTest</a></td><td rowspan="1">1639844833224</td><td rowspan="1">3124</td></tr><tr class="passedeven"><td rowspan="1">com.cybertek.tests.day16_download_upload_js_executor.FileUpLoadTest</td><td><a href="#m32">upLoadFileTest</a></td><td rowspan="1">1639844838074</td><td rowspan="1">1330</td></tr><tr class="passedodd"><td rowspan="1">com.cybertek.tests.day17_upload_js_executer.Guru99UploadTest</td><td><a href="#m33">guruUpLoadTest</a></td><td rowspan="1">1639844841059</td><td rowspan="1">5552</td></tr><tr class="passedeven"><td rowspan="2">com.cybertek.tests.day17_upload_js_executer.JavaScriptExecutorTest</td><td><a href="#m34">alertExampleTest</a></td><td rowspan="1">1639844854082</td><td rowspan="1">3111</td></tr><tr class="passedeven"><td><a href="#m35">scrollTest</a></td><td rowspan="1">1639844858764</td><td rowspan="1">21176</td></tr><tr class="passedodd"><td rowspan="3">com.cybertek.tests.day18_actions_pom_intro.ActionsDemoTest</td><td><a href="#m36">googleFeelingLuckyHoverBtnTest</a></td><td rowspan="1">1639845071002</td><td rowspan="1">10988</td></tr><tr class="passedodd"><td><a href="#m37">hoverElementTest</a></td><td rowspan="1">1639845083492</td><td rowspan="1">2027</td></tr><tr class="passedodd"><td><a href="#m38">hoverOverGroupOfElm</a></td><td rowspan="1">1639845087051</td><td rowspan="1">2245</td></tr><tr class="passedeven"><td rowspan="1">com.cybertek.tests.day18_actions_pom_intro.ActionsDoubleClickTest</td><td><a href="#m39">doubleClickTest</a></td><td rowspan="1">1639845090760</td><td rowspan="1">4049</td></tr><tr class="passedodd"><td rowspan="1">com.cybertek.tests.day18_actions_pom_intro.ActionsDragAndDropTest</td><td><a href="#m40">dragAndDropTest</a></td><td rowspan="1">1639845111125</td><td rowspan="1">2228</td></tr><tr class="passedeven"><td rowspan="2">com.cybertek.tests.day18_actions_pom_intro.ActionsSendKeysTest</td><td><a href="#m41">rightClickTest</a></td><td rowspan="1">1639845114845</td><td rowspan="1">4370</td></tr><tr class="passedeven"><td><a href="#m42">scrollWithKeysTest</a></td><td rowspan="1">1639845120669</td><td rowspan="1">3295</td></tr><tr class="passedodd"><td rowspan="1">com.cybertek.tests.day18_actions_pom_intro.EtsySubscribeTest</td><td><a href="#m43">EtsySubTest</a></td><td rowspan="1">1639845096293</td><td rowspan="1">13294</td></tr><tr class="passedeven"><td rowspan="1">com.cybertek.tests.day19_page_object_model.ContextClickTest</td><td><a href="#m44">contextClickTest</a></td><td rowspan="1">1639845138441</td><td rowspan="1">3973</td></tr><tr class="passedodd"><td rowspan="1">com.cybertek.tests.day19_page_object_model.DragAndDropTest</td><td><a href="#m45">guru99DragAndDropTest</a></td><td rowspan="1">1639845178209</td><td rowspan="1">3387</td></tr><tr class="passedeven"><td rowspan="2">com.cybertek.tests.day19_page_object_model.LibraryLoginPOMTest</td><td><a href="#m46">invalidCredentialsTest</a></td><td rowspan="1">1639845143926</td><td rowspan="1">1458</td></tr><tr class="passedeven"><td><a href="#m47">positiveLoginPage</a></td><td rowspan="1">1639845146781</td><td rowspan="1">2567</td></tr><tr class="passedodd"><td rowspan="1">com.cybertek.tests.day20_review_wait.IframeActionsTest</td><td><a href="#m48">test</a></td><td rowspan="1">1639845125490</td><td rowspan="1">7075</td></tr></tbody>
</table>
<h2>Command line test</h2><h3 id="m0">com.cybertek.tests.day08_implicitwait_checkbox_radio_testing.TestNgIntro#test2</h3><table class="result"><tr><th>Exception</th></tr><tr><td><div class="stacktrace">java.lang.ArithmeticException: / by zero
	at com.cybertek.tests.day08_implicitwait_checkbox_radio_testing.TestNgIntro.test2(TestNgIntro.java:14)
	at java.util.ArrayList.forEach(ArrayList.java:1257)
... Removed 37 stack frames</div></td></tr></table><p class="totop"><a href="#summary">back to summary</a></p>
<h3 id="m1">com.cybertek.tests.day13_faker_practice_browserutil_properties.RegistrationFormNegativeTest#invalidFirstNameTest</h3><table class="result"><tr><th>Exception</th></tr><tr><td><div class="stacktrace">org.openqa.selenium.NoSuchElementException: no such element: Unable to locate element: {&quot;method&quot;:&quot;css selector&quot;,&quot;selector&quot;:&quot;#Wooden_spoon&quot;}
  (Session info: chrome=96.0.4664.110)
For documentation on this error, please visit: https://www.seleniumhq.org/exceptions/no_such_element.html
Build info: version: &apos;3.141.59&apos;, revision: &apos;e82be7d358&apos;, time: &apos;2018-11-14T08:17:03&apos;
System info: host: &apos;Juans-MBP.fios-router.home&apos;, ip: &apos;fe80:0:0:0:14b3:ad2e:936a:44fd%en0&apos;, os.name: &apos;Mac OS X&apos;, os.arch: &apos;x86_64&apos;, os.version: &apos;10.16&apos;, java.version: &apos;1.8.0_231&apos;
Driver info: org.openqa.selenium.chrome.ChromeDriver
Capabilities {acceptInsecureCerts: false, browserName: chrome, browserVersion: 96.0.4664.110, chrome: {chromedriverVersion: 96.0.4664.45 (76e4c1bb2ab46..., userDataDir: /var/folders/6p/tpncg1t9257...}, goog:chromeOptions: {debuggerAddress: localhost:49854}, javascriptEnabled: true, networkConnectionEnabled: false, pageLoadStrategy: normal, platform: MAC, platformName: MAC, proxy: Proxy(), setWindowRect: true, strictFileInteractability: false, timeouts: {implicit: 0, pageLoad: 300000, script: 30000}, unhandledPromptBehavior: dismiss and notify, webauthn:extension:credBlob: true, webauthn:extension:largeBlob: true, webauthn:virtualAuthenticators: true}
Session ID: 9c406efcc7c75e2ce62c9d8671f8c4ed
*** Element info: {Using=id, value=Wooden_spoon}
	at org.openqa.selenium.remote.http.W3CHttpResponseCodec.createException(W3CHttpResponseCodec.java:187)
	at org.openqa.selenium.remote.http.W3CHttpResponseCodec.decode(W3CHttpResponseCodec.java:122)
	at org.openqa.selenium.remote.http.W3CHttpResponseCodec.decode(W3CHttpResponseCodec.java:49)
	at org.openqa.selenium.remote.HttpCommandExecutor.execute(HttpCommandExecutor.java:158)
	at org.openqa.selenium.remote.service.DriverCommandExecutor.execute(DriverCommandExecutor.java:83)
	at org.openqa.selenium.remote.RemoteWebDriver.execute(RemoteWebDriver.java:552)
	at org.openqa.selenium.remote.RemoteWebDriver.findElement(RemoteWebDriver.java:323)
	at org.openqa.selenium.remote.RemoteWebDriver.findElementById(RemoteWebDriver.java:372)
	at org.openqa.selenium.By$ById.findElement(By.java:188)
	at org.openqa.selenium.remote.RemoteWebDriver.findElement(RemoteWebDriver.java:315)
	at com.cybertek.tests.day13_faker_practice_browserutil_properties.RegistrationFormNegativeTest.invalidFirstNameTest(RegistrationFormNegativeTest.java:15)
	at java.util.ArrayList.forEach(ArrayList.java:1257)
... Removed 41 stack frames</div></td></tr></table><p class="totop"><a href="#summary">back to summary</a></p>
<h3 id="m2">com.cybertek.tests.day17_upload_js_executer.ScrollToElementTest#scrollTest</h3><table class="result"><tr><th>Exception</th></tr><tr><td><div class="stacktrace">org.openqa.selenium.InvalidSelectorException: invalid selector: Unable to locate an element with the xpath expression //a[@href=&apos;/contact] because of the following error:
SyntaxError: Failed to execute &apos;evaluate&apos; on &apos;Document&apos;: The string &apos;//a[@href=&apos;/contact]&apos; is not a valid XPath expression.
  (Session info: chrome=96.0.4664.110)
For documentation on this error, please visit: https://www.seleniumhq.org/exceptions/invalid_selector_exception.html
Build info: version: &apos;3.141.59&apos;, revision: &apos;e82be7d358&apos;, time: &apos;2018-11-14T08:17:03&apos;
System info: host: &apos;Juans-MBP.fios-router.home&apos;, ip: &apos;fe80:0:0:0:14b3:ad2e:936a:44fd%en0&apos;, os.name: &apos;Mac OS X&apos;, os.arch: &apos;x86_64&apos;, os.version: &apos;10.16&apos;, java.version: &apos;1.8.0_231&apos;
Driver info: org.openqa.selenium.chrome.ChromeDriver
Capabilities {acceptInsecureCerts: false, browserName: chrome, browserVersion: 96.0.4664.110, chrome: {chromedriverVersion: 96.0.4664.45 (76e4c1bb2ab46..., userDataDir: /var/folders/6p/tpncg1t9257...}, goog:chromeOptions: {debuggerAddress: localhost:49559}, javascriptEnabled: true, networkConnectionEnabled: false, pageLoadStrategy: normal, platform: MAC, platformName: MAC, proxy: Proxy(), setWindowRect: true, strictFileInteractability: false, timeouts: {implicit: 0, pageLoad: 300000, script: 30000}, unhandledPromptBehavior: dismiss and notify, webauthn:extension:credBlob: true, webauthn:extension:largeBlob: true, webauthn:virtualAuthenticators: true}
Session ID: 28170ee26e20fbe796730cb6ba4f4d17
*** Element info: {Using=xpath, value=//a[@href=&apos;/contact]}
	at org.openqa.selenium.remote.http.W3CHttpResponseCodec.createException(W3CHttpResponseCodec.java:187)
	at org.openqa.selenium.remote.http.W3CHttpResponseCodec.decode(W3CHttpResponseCodec.java:122)
	at org.openqa.selenium.remote.http.W3CHttpResponseCodec.decode(W3CHttpResponseCodec.java:49)
	at org.openqa.selenium.remote.HttpCommandExecutor.execute(HttpCommandExecutor.java:158)
	at org.openqa.selenium.remote.service.DriverCommandExecutor.execute(DriverCommandExecutor.java:83)
	at org.openqa.selenium.remote.RemoteWebDriver.execute(RemoteWebDriver.java:552)
	at org.openqa.selenium.remote.RemoteWebDriver.findElement(RemoteWebDriver.java:323)
	at org.openqa.selenium.remote.RemoteWebDriver.findElementByXPath(RemoteWebDriver.java:428)
	at org.openqa.selenium.By$ByXPath.findElement(By.java:353)
	at org.openqa.selenium.remote.RemoteWebDriver.findElement(RemoteWebDriver.java:315)
	at com.cybertek.tests.day17_upload_js_executer.ScrollToElementTest.scrollTest(ScrollToElementTest.java:23)
	at java.util.ArrayList.forEach(ArrayList.java:1257)
... Removed 41 stack frames</div></td></tr></table><p class="totop"><a href="#summary">back to summary</a></p>
<h3 id="m3">com.cybertek.tests.day19_page_object_model.DragAndDropTest#cargurusPriceSliderTest</h3><table class="result"><tr><th>Exception</th></tr><tr><td><div class="stacktrace">org.openqa.selenium.NoSuchElementException: no such element: Unable to locate element: {&quot;method&quot;:&quot;xpath&quot;,&quot;selector&quot;:&quot;(//button[@aria-valuemin=&apos;3000&apos;])[1]&quot;}
  (Session info: chrome=96.0.4664.110)
For documentation on this error, please visit: https://www.seleniumhq.org/exceptions/no_such_element.html
Build info: version: &apos;3.141.59&apos;, revision: &apos;e82be7d358&apos;, time: &apos;2018-11-14T08:17:03&apos;
System info: host: &apos;Juans-MBP.fios-router.home&apos;, ip: &apos;fe80:0:0:0:14b3:ad2e:936a:44fd%en0&apos;, os.name: &apos;Mac OS X&apos;, os.arch: &apos;x86_64&apos;, os.version: &apos;10.16&apos;, java.version: &apos;1.8.0_231&apos;
Driver info: org.openqa.selenium.chrome.ChromeDriver
Capabilities {acceptInsecureCerts: false, browserName: chrome, browserVersion: 96.0.4664.110, chrome: {chromedriverVersion: 96.0.4664.45 (76e4c1bb2ab46..., userDataDir: /var/folders/6p/tpncg1t9257...}, goog:chromeOptions: {debuggerAddress: localhost:51137}, javascriptEnabled: true, networkConnectionEnabled: false, pageLoadStrategy: normal, platform: MAC, platformName: MAC, proxy: Proxy(), setWindowRect: true, strictFileInteractability: false, timeouts: {implicit: 0, pageLoad: 300000, script: 30000}, unhandledPromptBehavior: dismiss and notify, webauthn:extension:credBlob: true, webauthn:extension:largeBlob: true, webauthn:virtualAuthenticators: true}
Session ID: 468b7080eb17f6d0b2160275aee0a6f5
*** Element info: {Using=xpath, value=(//button[@aria-valuemin=&apos;3000&apos;])[1]}
	at org.openqa.selenium.remote.http.W3CHttpResponseCodec.createException(W3CHttpResponseCodec.java:187)
	at org.openqa.selenium.remote.http.W3CHttpResponseCodec.decode(W3CHttpResponseCodec.java:122)
	at org.openqa.selenium.remote.http.W3CHttpResponseCodec.decode(W3CHttpResponseCodec.java:49)
	at org.openqa.selenium.remote.HttpCommandExecutor.execute(HttpCommandExecutor.java:158)
	at org.openqa.selenium.remote.service.DriverCommandExecutor.execute(DriverCommandExecutor.java:83)
	at org.openqa.selenium.remote.RemoteWebDriver.execute(RemoteWebDriver.java:552)
	at org.openqa.selenium.remote.RemoteWebDriver.findElement(RemoteWebDriver.java:323)
	at org.openqa.selenium.remote.RemoteWebDriver.findElementByXPath(RemoteWebDriver.java:428)
	at org.openqa.selenium.By$ByXPath.findElement(By.java:353)
	at org.openqa.selenium.remote.RemoteWebDriver.findElement(RemoteWebDriver.java:315)
	at com.cybertek.tests.day19_page_object_model.DragAndDropTest.cargurusPriceSliderTest(DragAndDropTest.java:29)
	at java.util.ArrayList.forEach(ArrayList.java:1257)
... Removed 41 stack frames</div></td></tr></table><p class="totop"><a href="#summary">back to summary</a></p>
<h3 id="m4">com.cybertek.tests.day08_implicitwait_checkbox_radio_testing.TestNgIntro#test1</h3><table class="result"><tr><th class="invisible"/></tr></table><p class="totop"><a href="#summary">back to summary</a></p>
<h3 id="m5">com.cybertek.tests.day09_testing_dropdowns.TestNGIntro#myTest2</h3><table class="result"><tr><th class="invisible"/></tr></table><p class="totop"><a href="#summary">back to summary</a></p>
<h3 id="m6">com.cybertek.tests.day09_testing_dropdowns.TestNGIntro#test1</h3><table class="result"><tr><th class="invisible"/></tr></table><p class="totop"><a href="#summary">back to summary</a></p>
<h3 id="m7">com.cybertek.tests.day10_dropdown_alerts_iframes_windows.AmazonDepartmentsNamesListTest#amazonDepartmentTest</h3><table class="result"><tr><th class="invisible"/></tr></table><p class="totop"><a href="#summary">back to summary</a></p>
<h3 id="m8">com.cybertek.tests.day10_dropdown_alerts_iframes_windows.AmazonDepartmentsNamesListTest#runMethod</h3><table class="result"><tr><th class="invisible"/></tr></table><p class="totop"><a href="#summary">back to summary</a></p>
<h3 id="m9">com.cybertek.tests.day10_dropdown_alerts_iframes_windows.CarGurusUsedCarSearchTest#searchForMinivanTest</h3><table class="result"><tr><th class="invisible"/></tr></table><p class="totop"><a href="#summary">back to summary</a></p>
<h3 id="m10">com.cybertek.tests.day10_dropdown_alerts_iframes_windows.HandlingAlertTest#confirmAlertTest</h3><table class="result"><tr><th class="invisible"/></tr></table><p class="totop"><a href="#summary">back to summary</a></p>
<h3 id="m11">com.cybertek.tests.day10_dropdown_alerts_iframes_windows.HandlingAlertTest#jSAlertTest</h3><table class="result"><tr><th class="invisible"/></tr></table><p class="totop"><a href="#summary">back to summary</a></p>
<h3 id="m12">com.cybertek.tests.day11_alerts_iframe_windows.AlertExampleTest#jSAlert</h3><table class="result"><tr><th class="invisible"/></tr></table><p class="totop"><a href="#summary">back to summary</a></p>
<h3 id="m13">com.cybertek.tests.day11_alerts_iframe_windows.AlertExampleTest#jSConfirm</h3><table class="result"><tr><th class="invisible"/></tr></table><p class="totop"><a href="#summary">back to summary</a></p>
<h3 id="m14">com.cybertek.tests.day11_alerts_iframe_windows.AlertExampleTest#jSPrompt</h3><table class="result"><tr><th class="invisible"/></tr></table><p class="totop"><a href="#summary">back to summary</a></p>
<h3 id="m15">com.cybertek.tests.day11_alerts_iframe_windows.AlertExampleTest#jSPromptMessageRequest</h3><table class="result"><tr><th class="invisible"/></tr></table><p class="totop"><a href="#summary">back to summary</a></p>
<h3 id="m16">com.cybertek.tests.day11_alerts_iframe_windows.AlertExampleTest#jsConfirmCancelTest</h3><table class="result"><tr><th class="invisible"/></tr></table><p class="totop"><a href="#summary">back to summary</a></p>
<h3 id="m17">com.cybertek.tests.day11_alerts_iframe_windows.IFramesExampleTest#multipleFramesTest</h3><table class="result"><tr><th class="invisible"/></tr></table><p class="totop"><a href="#summary">back to summary</a></p>
<h3 id="m18">com.cybertek.tests.day11_alerts_iframe_windows.MultipleWindowsExampleTest#demoQAMultipleWindows</h3><table class="result"><tr><th class="invisible"/></tr></table><p class="totop"><a href="#summary">back to summary</a></p>
<h3 id="m19">com.cybertek.tests.day11_alerts_iframe_windows.MultipleWindowsExampleTest#windowsTest</h3><table class="result"><tr><th class="invisible"/></tr></table><p class="totop"><a href="#summary">back to summary</a></p>
<h3 id="m20">com.cybertek.tests.day12_windows_practice_faker.DemoQAMultipleWindowTest#newWindowTest</h3><table class="result"><tr><th class="invisible"/></tr></table><p class="totop"><a href="#summary">back to summary</a></p>
<h3 id="m21">com.cybertek.tests.day14_webtables_properties.SmartBearProductTest#smartBearTest</h3><table class="result"><tr><th class="invisible"/></tr></table><p class="totop"><a href="#summary">back to summary</a></p>
<h3 id="m22">com.cybertek.tests.day14_webtables_properties.WebTableDemoTest#getAllColumnData</h3><table class="result"><tr><th class="invisible"/></tr></table><p class="totop"><a href="#summary">back to summary</a></p>
<h3 id="m23">com.cybertek.tests.day14_webtables_properties.WebTableDemoTest#printAllTableData</h3><table class="result"><tr><th class="invisible"/></tr></table><p class="totop"><a href="#summary">back to summary</a></p>
<h3 id="m24">com.cybertek.tests.day14_webtables_properties.WebTableDemoTest#readFromTableTest</h3><table class="result"><tr><th class="invisible"/></tr></table><p class="totop"><a href="#summary">back to summary</a></p>
<h3 id="m25">com.cybertek.tests.day14_webtables_properties.WebTableDemoTest#readNextCell</h3><table class="result"><tr><th class="invisible"/></tr></table><p class="totop"><a href="#summary">back to summary</a></p>
<h3 id="m26">com.cybertek.tests.day15_properites_driverutil_testbase.DriverUtilTest#driverClassTest</h3><table class="result"><tr><th class="invisible"/></tr></table><p class="totop"><a href="#summary">back to summary</a></p>
<h3 id="m27">com.cybertek.tests.day15_properites_driverutil_testbase.PropertiesFileTest#configurationReaderUnitTest</h3><table class="result"><tr><th class="invisible"/></tr></table><p class="totop"><a href="#summary">back to summary</a></p>
<h3 id="m28">com.cybertek.tests.day15_properites_driverutil_testbase.PropertiesFileTest#readValuesFromPropertiesFile</h3><table class="result"><tr><th class="invisible"/></tr></table><p class="totop"><a href="#summary">back to summary</a></p>
<h3 id="m29">com.cybertek.tests.day15_properites_driverutil_testbase.SystemPropertiesTest#readingSystemProperties</h3><table class="result"><tr><th class="invisible"/></tr></table><p class="totop"><a href="#summary">back to summary</a></p>
<h3 id="m30">com.cybertek.tests.day15_properites_driverutil_testbase.TechlisticWebTableTest#tallBuildingsTableTest</h3><table class="result"><tr><th class="invisible"/></tr></table><p class="totop"><a href="#summary">back to summary</a></p>
<h3 id="m31">com.cybertek.tests.day16_download_upload_js_executor.FileDownLoadTest#fileDownLoadTest</h3><table class="result"><tr><th class="invisible"/></tr></table><p class="totop"><a href="#summary">back to summary</a></p>
<h3 id="m32">com.cybertek.tests.day16_download_upload_js_executor.FileUpLoadTest#upLoadFileTest</h3><table class="result"><tr><th class="invisible"/></tr></table><p class="totop"><a href="#summary">back to summary</a></p>
<h3 id="m33">com.cybertek.tests.day17_upload_js_executer.Guru99UploadTest#guruUpLoadTest</h3><table class="result"><tr><th class="invisible"/></tr></table><p class="totop"><a href="#summary">back to summary</a></p>
<h3 id="m34">com.cybertek.tests.day17_upload_js_executer.JavaScriptExecutorTest#alertExampleTest</h3><table class="result"><tr><th class="invisible"/></tr></table><p class="totop"><a href="#summary">back to summary</a></p>
<h3 id="m35">com.cybertek.tests.day17_upload_js_executer.JavaScriptExecutorTest#scrollTest</h3><table class="result"><tr><th class="invisible"/></tr></table><p class="totop"><a href="#summary">back to summary</a></p>
<h3 id="m36">com.cybertek.tests.day18_actions_pom_intro.ActionsDemoTest#googleFeelingLuckyHoverBtnTest</h3><table class="result"><tr><th class="invisible"/></tr></table><p class="totop"><a href="#summary">back to summary</a></p>
<h3 id="m37">com.cybertek.tests.day18_actions_pom_intro.ActionsDemoTest#hoverElementTest</h3><table class="result"><tr><th class="invisible"/></tr></table><p class="totop"><a href="#summary">back to summary</a></p>
<h3 id="m38">com.cybertek.tests.day18_actions_pom_intro.ActionsDemoTest#hoverOverGroupOfElm</h3><table class="result"><tr><th class="invisible"/></tr></table><p class="totop"><a href="#summary">back to summary</a></p>
<h3 id="m39">com.cybertek.tests.day18_actions_pom_intro.ActionsDoubleClickTest#doubleClickTest</h3><table class="result"><tr><th class="invisible"/></tr></table><p class="totop"><a href="#summary">back to summary</a></p>
<h3 id="m40">com.cybertek.tests.day18_actions_pom_intro.ActionsDragAndDropTest#dragAndDropTest</h3><table class="result"><tr><th class="invisible"/></tr></table><p class="totop"><a href="#summary">back to summary</a></p>
<h3 id="m41">com.cybertek.tests.day18_actions_pom_intro.ActionsSendKeysTest#rightClickTest</h3><table class="result"><tr><th class="invisible"/></tr></table><p class="totop"><a href="#summary">back to summary</a></p>
<h3 id="m42">com.cybertek.tests.day18_actions_pom_intro.ActionsSendKeysTest#scrollWithKeysTest</h3><table class="result"><tr><th class="invisible"/></tr></table><p class="totop"><a href="#summary">back to summary</a></p>
<h3 id="m43">com.cybertek.tests.day18_actions_pom_intro.EtsySubscribeTest#EtsySubTest</h3><table class="result"><tr><th class="invisible"/></tr></table><p class="totop"><a href="#summary">back to summary</a></p>
<h3 id="m44">com.cybertek.tests.day19_page_object_model.ContextClickTest#contextClickTest</h3><table class="result"><tr><th class="invisible"/></tr></table><p class="totop"><a href="#summary">back to summary</a></p>
<h3 id="m45">com.cybertek.tests.day19_page_object_model.DragAndDropTest#guru99DragAndDropTest</h3><table class="result"><tr><th class="invisible"/></tr></table><p class="totop"><a href="#summary">back to summary</a></p>
<h3 id="m46">com.cybertek.tests.day19_page_object_model.LibraryLoginPOMTest#invalidCredentialsTest</h3><table class="result"><tr><th class="invisible"/></tr></table><p class="totop"><a href="#summary">back to summary</a></p>
<h3 id="m47">com.cybertek.tests.day19_page_object_model.LibraryLoginPOMTest#positiveLoginPage</h3><table class="result"><tr><th class="invisible"/></tr></table><p class="totop"><a href="#summary">back to summary</a></p>
<h3 id="m48">com.cybertek.tests.day20_review_wait.IframeActionsTest#test</h3><table class="result"><tr><th class="invisible"/></tr></table><p class="totop"><a href="#summary">back to summary</a></p>
</body>
</html>
