<?xml version="1.0" encoding="UTF-8"?>
<testng-results skipped="0" failed="4" ignored="0" total="49" passed="45">
  <reporter-output>
  </reporter-output>
  <suite name="Command line suite" duration-ms="353797" started-at="2021-12-18T11:27:07 EST" finished-at="2021-12-18T11:33:01 EST">
    <groups>
    </groups>
    <test name="Command line test" duration-ms="353797" started-at="2021-12-18T11:27:07 EST" finished-at="2021-12-18T11:33:01 EST">
      <class name="com.cybertek.tests.day16_download_upload_js_executor.FileDownLoadTest">
        <test-method status="PASS" signature="setUp()[pri:0, instance:com.cybertek.tests.day16_download_upload_js_executor.FileDownLoadTest@58c1670b]" name="setUp" is-config="true" duration-ms="5210" started-at="2021-12-18T11:27:08 EST" finished-at="2021-12-18T11:27:13 EST">
          <reporter-output>
          </reporter-output>
        </test-method> <!-- setUp -->
        <test-method status="PASS" signature="fileDownLoadTest()[pri:0, instance:com.cybertek.tests.day16_download_upload_js_executor.FileDownLoadTest@58c1670b]" name="fileDownLoadTest" duration-ms="3124" started-at="2021-12-18T11:27:13 EST" finished-at="2021-12-18T11:27:16 EST">
          <reporter-output>
          </reporter-output>
        </test-method> <!-- fileDownLoadTest -->
        <test-method status="PASS" signature="tearDown()[pri:0, instance:com.cybertek.tests.day16_download_upload_js_executor.FileDownLoadTest@58c1670b]" name="tearDown" is-config="true" duration-ms="82" started-at="2021-12-18T11:27:16 EST" finished-at="2021-12-18T11:27:16 EST">
          <reporter-output>
          </reporter-output>
        </test-method> <!-- tearDown -->
      </class> <!-- com.cybertek.tests.day16_download_upload_js_executor.FileDownLoadTest -->
      <class name="com.cybertek.tests.day18_actions_pom_intro.EtsySubscribeTest">
        <test-method status="PASS" signature="setUp()[pri:0, instance:com.cybertek.tests.day18_actions_pom_intro.EtsySubscribeTest@6a1aab78]" name="setUp" is-config="true" duration-ms="1391" started-at="2021-12-18T11:31:34 EST" finished-at="2021-12-18T11:31:36 EST">
          <reporter-output>
          </reporter-output>
        </test-method> <!-- setUp -->
        <test-method status="PASS" signature="EtsySubTest()[pri:0, instance:com.cybertek.tests.day18_actions_pom_intro.EtsySubscribeTest@6a1aab78]" name="EtsySubTest" duration-ms="13294" started-at="2021-12-18T11:31:36 EST" finished-at="2021-12-18T11:31:49 EST">
          <reporter-output>
          </reporter-output>
        </test-method> <!-- EtsySubTest -->
        <test-method status="PASS" signature="tearDown()[pri:0, instance:com.cybertek.tests.day18_actions_pom_intro.EtsySubscribeTest@6a1aab78]" name="tearDown" is-config="true" duration-ms="93" started-at="2021-12-18T11:31:49 EST" finished-at="2021-12-18T11:31:49 EST">
          <reporter-output>
          </reporter-output>
        </test-method> <!-- tearDown -->
      </class> <!-- com.cybertek.tests.day18_actions_pom_intro.EtsySubscribeTest -->
      <class name="com.cybertek.tests.day14_webtables_properties.SmartBearProductTest">
        <test-method status="PASS" signature="setUp()[pri:0, instance:com.cybertek.tests.day14_webtables_properties.SmartBearProductTest@612fc6eb]" name="setUp" is-config="true" duration-ms="1879" started-at="2021-12-18T11:30:42 EST" finished-at="2021-12-18T11:30:44 EST">
          <reporter-output>
          </reporter-output>
        </test-method> <!-- setUp -->
        <test-method status="PASS" signature="smartBearTest()[pri:0, instance:com.cybertek.tests.day14_webtables_properties.SmartBearProductTest@612fc6eb]" name="smartBearTest" duration-ms="2241" started-at="2021-12-18T11:30:44 EST" finished-at="2021-12-18T11:30:46 EST">
          <reporter-output>
          </reporter-output>
        </test-method> <!-- smartBearTest -->
        <test-method status="PASS" signature="tearDown()[pri:0, instance:com.cybertek.tests.day14_webtables_properties.SmartBearProductTest@612fc6eb]" name="tearDown" is-config="true" duration-ms="1" started-at="2021-12-18T11:30:46 EST" finished-at="2021-12-18T11:30:46 EST">
          <reporter-output>
          </reporter-output>
        </test-method> <!-- tearDown -->
      </class> <!-- com.cybertek.tests.day14_webtables_properties.SmartBearProductTest -->
      <class name="com.cybertek.tests.day08_implicitwait_checkbox_radio_testing.TestNgIntro">
        <test-method status="PASS" signature="test1()[pri:0, instance:com.cybertek.tests.day08_implicitwait_checkbox_radio_testing.TestNgIntro@6ddf90b0]" name="test1" duration-ms="6" started-at="2021-12-18T11:27:07 EST" finished-at="2021-12-18T11:27:07 EST">
          <reporter-output>
          </reporter-output>
        </test-method> <!-- test1 -->
        <test-method status="FAIL" signature="test2()[pri:0, instance:com.cybertek.tests.day08_implicitwait_checkbox_radio_testing.TestNgIntro@6ddf90b0]" name="test2" duration-ms="1" started-at="2021-12-18T11:27:08 EST" finished-at="2021-12-18T11:27:08 EST">
          <exception class="java.lang.ArithmeticException">
            <message>
              <![CDATA[/ by zero]]>
            </message>
            <full-stacktrace>
              <![CDATA[java.lang.ArithmeticException: / by zero
at com.cybertek.tests.day08_implicitwait_checkbox_radio_testing.TestNgIntro.test2(TestNgIntro.java:14)
at sun.reflect.NativeMethodAccessorImpl.invoke0(Native Method)
at sun.reflect.NativeMethodAccessorImpl.invoke(NativeMethodAccessorImpl.java:62)
at sun.reflect.DelegatingMethodAccessorImpl.invoke(DelegatingMethodAccessorImpl.java:43)
at java.lang.reflect.Method.invoke(Method.java:498)
at org.testng.internal.MethodInvocationHelper.invokeMethod(MethodInvocationHelper.java:133)
at org.testng.internal.TestInvoker.invokeMethod(TestInvoker.java:598)
at org.testng.internal.TestInvoker.invokeTestMethod(TestInvoker.java:173)
at org.testng.internal.MethodRunner.runInSequence(MethodRunner.java:46)
at org.testng.internal.TestInvoker$MethodInvocationAgent.invoke(TestInvoker.java:824)
at org.testng.internal.TestInvoker.invokeTestMethods(TestInvoker.java:146)
at org.testng.internal.TestMethodWorker.invokeTestMethods(TestMethodWorker.java:146)
at org.testng.internal.TestMethodWorker.run(TestMethodWorker.java:128)
at java.util.ArrayList.forEach(ArrayList.java:1257)
at org.testng.TestRunner.privateRun(TestRunner.java:794)
at org.testng.TestRunner.run(TestRunner.java:596)
at org.testng.SuiteRunner.runTest(SuiteRunner.java:377)
at org.testng.SuiteRunner.runSequentially(SuiteRunner.java:371)
at org.testng.SuiteRunner.privateRun(SuiteRunner.java:332)
at org.testng.SuiteRunner.run(SuiteRunner.java:276)
at org.testng.SuiteRunnerWorker.runSuite(SuiteRunnerWorker.java:53)
at org.testng.SuiteRunnerWorker.run(SuiteRunnerWorker.java:96)
at org.testng.TestNG.runSuitesSequentially(TestNG.java:1212)
at org.testng.TestNG.runSuitesLocally(TestNG.java:1134)
at org.testng.TestNG.runSuites(TestNG.java:1063)
at org.testng.TestNG.run(TestNG.java:1031)
at org.apache.maven.surefire.testng.TestNGExecutor.run(TestNGExecutor.java:77)
at org.apache.maven.surefire.testng.TestNGDirectoryTestSuite.executeMulti(TestNGDirectoryTestSuite.java:159)
at org.apache.maven.surefire.testng.TestNGDirectoryTestSuite.execute(TestNGDirectoryTestSuite.java:99)
at org.apache.maven.surefire.testng.TestNGProvider.invoke(TestNGProvider.java:106)
at sun.reflect.NativeMethodAccessorImpl.invoke0(Native Method)
at sun.reflect.NativeMethodAccessorImpl.invoke(NativeMethodAccessorImpl.java:62)
at sun.reflect.DelegatingMethodAccessorImpl.invoke(DelegatingMethodAccessorImpl.java:43)
at java.lang.reflect.Method.invoke(Method.java:498)
at org.apache.maven.surefire.util.ReflectionUtils.invokeMethodWithArray(ReflectionUtils.java:189)
at org.apache.maven.surefire.booter.ProviderFactory$ProviderProxy.invoke(ProviderFactory.java:165)
at org.apache.maven.surefire.booter.ProviderFactory.invokeProvider(ProviderFactory.java:85)
at org.apache.maven.surefire.booter.ForkedBooter.runSuitesInProcess(ForkedBooter.java:115)
at org.apache.maven.surefire.booter.ForkedBooter.main(ForkedBooter.java:75)
]]>
            </full-stacktrace>
          </exception> <!-- java.lang.ArithmeticException -->
          <reporter-output>
          </reporter-output>
        </test-method> <!-- test2 -->
      </class> <!-- com.cybertek.tests.day08_implicitwait_checkbox_radio_testing.TestNgIntro -->
      <class name="com.cybertek.tests.day12_windows_practice_faker.DemoQAMultipleWindowTest">
        <test-method status="PASS" signature="setUp()[pri:0, instance:com.cybertek.tests.day12_windows_practice_faker.DemoQAMultipleWindowTest@4a87761d]" name="setUp" is-config="true" duration-ms="3568" started-at="2021-12-18T11:32:12 EST" finished-at="2021-12-18T11:32:16 EST">
          <reporter-output>
          </reporter-output>
        </test-method> <!-- setUp -->
        <test-method status="PASS" signature="newWindowTest()[pri:0, instance:com.cybertek.tests.day12_windows_practice_faker.DemoQAMultipleWindowTest@4a87761d]" name="newWindowTest" duration-ms="772" started-at="2021-12-18T11:32:16 EST" finished-at="2021-12-18T11:32:16 EST">
          <reporter-output>
          </reporter-output>
        </test-method> <!-- newWindowTest -->
        <test-method status="PASS" signature="tearDown()[pri:0, instance:com.cybertek.tests.day12_windows_practice_faker.DemoQAMultipleWindowTest@4a87761d]" name="tearDown" is-config="true" duration-ms="137" started-at="2021-12-18T11:32:17 EST" finished-at="2021-12-18T11:32:17 EST">
          <reporter-output>
          </reporter-output>
        </test-method> <!-- tearDown -->
      </class> <!-- com.cybertek.tests.day12_windows_practice_faker.DemoQAMultipleWindowTest -->
      <class name="com.cybertek.tests.day11_alerts_iframe_windows.AlertExampleTest">
        <test-method status="PASS" signature="setUp()[pri:0, instance:com.cybertek.tests.day11_alerts_iframe_windows.AlertExampleTest@76a3e297]" name="setUp" is-config="true" duration-ms="2248" started-at="2021-12-18T11:28:02 EST" finished-at="2021-12-18T11:28:04 EST">
          <reporter-output>
          </reporter-output>
        </test-method> <!-- setUp -->
        <test-method status="PASS" signature="jSAlert()[pri:0, instance:com.cybertek.tests.day11_alerts_iframe_windows.AlertExampleTest@76a3e297]" name="jSAlert" duration-ms="2254" started-at="2021-12-18T11:28:04 EST" finished-at="2021-12-18T11:28:06 EST">
          <reporter-output>
          </reporter-output>
        </test-method> <!-- jSAlert -->
        <test-method status="PASS" signature="tearDown()[pri:0, instance:com.cybertek.tests.day11_alerts_iframe_windows.AlertExampleTest@76a3e297]" name="tearDown" is-config="true" duration-ms="1314" started-at="2021-12-18T11:28:06 EST" finished-at="2021-12-18T11:28:07 EST">
          <reporter-output>
          </reporter-output>
        </test-method> <!-- tearDown -->
        <test-method status="PASS" signature="setUp()[pri:0, instance:com.cybertek.tests.day11_alerts_iframe_windows.AlertExampleTest@76a3e297]" name="setUp" is-config="true" duration-ms="2301" started-at="2021-12-18T11:28:07 EST" finished-at="2021-12-18T11:28:10 EST">
          <reporter-output>
          </reporter-output>
        </test-method> <!-- setUp -->
        <test-method status="PASS" signature="jSConfirm()[pri:0, instance:com.cybertek.tests.day11_alerts_iframe_windows.AlertExampleTest@76a3e297]" name="jSConfirm" duration-ms="2265" started-at="2021-12-18T11:28:10 EST" finished-at="2021-12-18T11:28:12 EST">
          <reporter-output>
          </reporter-output>
        </test-method> <!-- jSConfirm -->
        <test-method status="PASS" signature="tearDown()[pri:0, instance:com.cybertek.tests.day11_alerts_iframe_windows.AlertExampleTest@76a3e297]" name="tearDown" is-config="true" duration-ms="1364" started-at="2021-12-18T11:28:12 EST" finished-at="2021-12-18T11:28:13 EST">
          <reporter-output>
          </reporter-output>
        </test-method> <!-- tearDown -->
        <test-method status="PASS" signature="setUp()[pri:0, instance:com.cybertek.tests.day11_alerts_iframe_windows.AlertExampleTest@76a3e297]" name="setUp" is-config="true" duration-ms="2302" started-at="2021-12-18T11:28:13 EST" finished-at="2021-12-18T11:28:16 EST">
          <reporter-output>
          </reporter-output>
        </test-method> <!-- setUp -->
        <test-method status="PASS" signature="jSPrompt()[pri:0, instance:com.cybertek.tests.day11_alerts_iframe_windows.AlertExampleTest@76a3e297]" name="jSPrompt" duration-ms="2330" started-at="2021-12-18T11:28:16 EST" finished-at="2021-12-18T11:28:18 EST">
          <reporter-output>
          </reporter-output>
        </test-method> <!-- jSPrompt -->
        <test-method status="PASS" signature="tearDown()[pri:0, instance:com.cybertek.tests.day11_alerts_iframe_windows.AlertExampleTest@76a3e297]" name="tearDown" is-config="true" duration-ms="1321" started-at="2021-12-18T11:28:18 EST" finished-at="2021-12-18T11:28:19 EST">
          <reporter-output>
          </reporter-output>
        </test-method> <!-- tearDown -->
        <test-method status="PASS" signature="setUp()[pri:0, instance:com.cybertek.tests.day11_alerts_iframe_windows.AlertExampleTest@76a3e297]" name="setUp" is-config="true" duration-ms="2290" started-at="2021-12-18T11:28:19 EST" finished-at="2021-12-18T11:28:22 EST">
          <reporter-output>
          </reporter-output>
        </test-method> <!-- setUp -->
        <test-method status="PASS" signature="jSPromptMessageRequest()[pri:0, instance:com.cybertek.tests.day11_alerts_iframe_windows.AlertExampleTest@76a3e297]" name="jSPromptMessageRequest" duration-ms="434" started-at="2021-12-18T11:28:22 EST" finished-at="2021-12-18T11:28:22 EST">
          <reporter-output>
          </reporter-output>
        </test-method> <!-- jSPromptMessageRequest -->
        <test-method status="PASS" signature="tearDown()[pri:0, instance:com.cybertek.tests.day11_alerts_iframe_windows.AlertExampleTest@76a3e297]" name="tearDown" is-config="true" duration-ms="1322" started-at="2021-12-18T11:28:22 EST" finished-at="2021-12-18T11:28:23 EST">
          <reporter-output>
          </reporter-output>
        </test-method> <!-- tearDown -->
        <test-method status="PASS" signature="setUp()[pri:0, instance:com.cybertek.tests.day11_alerts_iframe_windows.AlertExampleTest@76a3e297]" name="setUp" is-config="true" duration-ms="2189" started-at="2021-12-18T11:28:23 EST" finished-at="2021-12-18T11:28:26 EST">
          <reporter-output>
          </reporter-output>
        </test-method> <!-- setUp -->
        <test-method status="PASS" signature="jsConfirmCancelTest()[pri:0, instance:com.cybertek.tests.day11_alerts_iframe_windows.AlertExampleTest@76a3e297]" name="jsConfirmCancelTest" duration-ms="446" started-at="2021-12-18T11:28:26 EST" finished-at="2021-12-18T11:28:26 EST">
          <reporter-output>
          </reporter-output>
        </test-method> <!-- jsConfirmCancelTest -->
        <test-method status="PASS" signature="tearDown()[pri:0, instance:com.cybertek.tests.day11_alerts_iframe_windows.AlertExampleTest@76a3e297]" name="tearDown" is-config="true" duration-ms="1321" started-at="2021-12-18T11:28:26 EST" finished-at="2021-12-18T11:28:27 EST">
          <reporter-output>
          </reporter-output>
        </test-method> <!-- tearDown -->
      </class> <!-- com.cybertek.tests.day11_alerts_iframe_windows.AlertExampleTest -->
      <class name="com.cybertek.tests.day10_dropdown_alerts_iframes_windows.HandlingAlertTest">
        <test-method status="PASS" signature="setUp()[pri:0, instance:com.cybertek.tests.day10_dropdown_alerts_iframes_windows.HandlingAlertTest@87f383f]" name="setUp" is-config="true" duration-ms="2237" started-at="2021-12-18T11:30:00 EST" finished-at="2021-12-18T11:30:03 EST">
          <reporter-output>
          </reporter-output>
        </test-method> <!-- setUp -->
        <test-method status="PASS" signature="confirmAlertTest()[pri:0, instance:com.cybertek.tests.day10_dropdown_alerts_iframes_windows.HandlingAlertTest@87f383f]" name="confirmAlertTest" duration-ms="1457" started-at="2021-12-18T11:30:03 EST" finished-at="2021-12-18T11:30:04 EST">
          <reporter-output>
          </reporter-output>
        </test-method> <!-- confirmAlertTest -->
        <test-method status="PASS" signature="jSAlertTest()[pri:0, instance:com.cybertek.tests.day10_dropdown_alerts_iframes_windows.HandlingAlertTest@87f383f]" name="jSAlertTest" duration-ms="1405" started-at="2021-12-18T11:30:04 EST" finished-at="2021-12-18T11:30:06 EST">
          <reporter-output>
          </reporter-output>
        </test-method> <!-- jSAlertTest -->
        <test-method status="PASS" signature="tearDown()[pri:0, instance:com.cybertek.tests.day10_dropdown_alerts_iframes_windows.HandlingAlertTest@87f383f]" name="tearDown" is-config="true" duration-ms="2084" started-at="2021-12-18T11:30:06 EST" finished-at="2021-12-18T11:30:08 EST">
          <reporter-output>
          </reporter-output>
        </test-method> <!-- tearDown -->
      </class> <!-- com.cybertek.tests.day10_dropdown_alerts_iframes_windows.HandlingAlertTest -->
      <class name="com.cybertek.tests.day17_upload_js_executer.Guru99UploadTest">
        <test-method status="PASS" signature="setUp()[pri:0, instance:com.cybertek.tests.day17_upload_js_executer.Guru99UploadTest@1a3869f4]" name="setUp" is-config="true" duration-ms="1562" started-at="2021-12-18T11:27:19 EST" finished-at="2021-12-18T11:27:21 EST">
          <reporter-output>
          </reporter-output>
        </test-method> <!-- setUp -->
        <test-method status="PASS" signature="guruUpLoadTest()[pri:0, instance:com.cybertek.tests.day17_upload_js_executer.Guru99UploadTest@1a3869f4]" name="guruUpLoadTest" duration-ms="5552" started-at="2021-12-18T11:27:21 EST" finished-at="2021-12-18T11:27:26 EST">
          <reporter-output>
          </reporter-output>
        </test-method> <!-- guruUpLoadTest -->
        <test-method status="PASS" signature="tearDown()[pri:0, instance:com.cybertek.tests.day17_upload_js_executer.Guru99UploadTest@1a3869f4]" name="tearDown" is-config="true" duration-ms="84" started-at="2021-12-18T11:27:26 EST" finished-at="2021-12-18T11:27:26 EST">
          <reporter-output>
          </reporter-output>
        </test-method> <!-- tearDown -->
      </class> <!-- com.cybertek.tests.day17_upload_js_executer.Guru99UploadTest -->
      <class name="com.cybertek.tests.day11_alerts_iframe_windows.IFramesExampleTest">
        <test-method status="PASS" signature="setUp()[pri:0, instance:com.cybertek.tests.day11_alerts_iframe_windows.IFramesExampleTest@3aeaafa6]" name="setUp" is-config="true" duration-ms="1773" started-at="2021-12-18T11:28:00 EST" finished-at="2021-12-18T11:28:01 EST">
          <reporter-output>
          </reporter-output>
        </test-method> <!-- setUp -->
        <test-method status="PASS" signature="multipleFramesTest()[pri:0, instance:com.cybertek.tests.day11_alerts_iframe_windows.IFramesExampleTest@3aeaafa6]" name="multipleFramesTest" duration-ms="323" started-at="2021-12-18T11:28:01 EST" finished-at="2021-12-18T11:28:02 EST">
          <reporter-output>
          </reporter-output>
        </test-method> <!-- multipleFramesTest -->
      </class> <!-- com.cybertek.tests.day11_alerts_iframe_windows.IFramesExampleTest -->
      <class name="com.cybertek.tests.day19_page_object_model.ContextClickTest">
        <test-method status="PASS" signature="setUp()[pri:0, instance:com.cybertek.tests.day19_page_object_model.ContextClickTest@66d1af89]" name="setUp" is-config="true" duration-ms="1303" started-at="2021-12-18T11:32:17 EST" finished-at="2021-12-18T11:32:18 EST">
          <reporter-output>
          </reporter-output>
        </test-method> <!-- setUp -->
        <test-method status="PASS" signature="contextClickTest()[pri:0, instance:com.cybertek.tests.day19_page_object_model.ContextClickTest@66d1af89]" name="contextClickTest" duration-ms="3973" started-at="2021-12-18T11:32:18 EST" finished-at="2021-12-18T11:32:22 EST">
          <reporter-output>
          </reporter-output>
        </test-method> <!-- contextClickTest -->
        <test-method status="PASS" signature="tearDown()[pri:0, instance:com.cybertek.tests.day19_page_object_model.ContextClickTest@66d1af89]" name="tearDown" is-config="true" duration-ms="75" started-at="2021-12-18T11:32:22 EST" finished-at="2021-12-18T11:32:22 EST">
          <reporter-output>
          </reporter-output>
        </test-method> <!-- tearDown -->
      </class> <!-- com.cybertek.tests.day19_page_object_model.ContextClickTest -->
      <class name="com.cybertek.tests.day14_webtables_properties.WebTableDemoTest">
        <test-method status="PASS" signature="setUp()[pri:0, instance:com.cybertek.tests.day14_webtables_properties.WebTableDemoTest@eafc191]" name="setUp" is-config="true" duration-ms="2498" started-at="2021-12-18T11:30:31 EST" finished-at="2021-12-18T11:30:33 EST">
          <reporter-output>
          </reporter-output>
        </test-method> <!-- setUp -->
        <test-method status="PASS" signature="getAllColumnData()[pri:0, instance:com.cybertek.tests.day14_webtables_properties.WebTableDemoTest@eafc191]" name="getAllColumnData" duration-ms="223" started-at="2021-12-18T11:30:33 EST" finished-at="2021-12-18T11:30:33 EST">
          <reporter-output>
          </reporter-output>
        </test-method> <!-- getAllColumnData -->
        <test-method status="PASS" signature="setUp()[pri:0, instance:com.cybertek.tests.day14_webtables_properties.WebTableDemoTest@eafc191]" name="setUp" is-config="true" duration-ms="2471" started-at="2021-12-18T11:30:33 EST" finished-at="2021-12-18T11:30:36 EST">
          <reporter-output>
          </reporter-output>
        </test-method> <!-- setUp -->
        <test-method status="PASS" signature="printAllTableData()[pri:0, instance:com.cybertek.tests.day14_webtables_properties.WebTableDemoTest@eafc191]" name="printAllTableData" duration-ms="561" started-at="2021-12-18T11:30:36 EST" finished-at="2021-12-18T11:30:36 EST">
          <reporter-output>
          </reporter-output>
        </test-method> <!-- printAllTableData -->
        <test-method status="PASS" signature="setUp()[pri:0, instance:com.cybertek.tests.day14_webtables_properties.WebTableDemoTest@eafc191]" name="setUp" is-config="true" duration-ms="2335" started-at="2021-12-18T11:30:36 EST" finished-at="2021-12-18T11:30:39 EST">
          <reporter-output>
          </reporter-output>
        </test-method> <!-- setUp -->
        <test-method status="PASS" signature="readFromTableTest()[pri:0, instance:com.cybertek.tests.day14_webtables_properties.WebTableDemoTest@eafc191]" name="readFromTableTest" duration-ms="495" started-at="2021-12-18T11:30:39 EST" finished-at="2021-12-18T11:30:39 EST">
          <reporter-output>
          </reporter-output>
        </test-method> <!-- readFromTableTest -->
        <test-method status="PASS" signature="setUp()[pri:0, instance:com.cybertek.tests.day14_webtables_properties.WebTableDemoTest@eafc191]" name="setUp" is-config="true" duration-ms="2440" started-at="2021-12-18T11:30:39 EST" finished-at="2021-12-18T11:30:42 EST">
          <reporter-output>
          </reporter-output>
        </test-method> <!-- setUp -->
        <test-method status="PASS" signature="readNextCell()[pri:0, instance:com.cybertek.tests.day14_webtables_properties.WebTableDemoTest@eafc191]" name="readNextCell" duration-ms="5" started-at="2021-12-18T11:30:42 EST" finished-at="2021-12-18T11:30:42 EST">
          <reporter-output>
          </reporter-output>
        </test-method> <!-- readNextCell -->
      </class> <!-- com.cybertek.tests.day14_webtables_properties.WebTableDemoTest -->
      <class name="com.cybertek.tests.day18_actions_pom_intro.ActionsSendKeysTest">
        <test-method status="PASS" signature="setUp()[pri:0, instance:com.cybertek.tests.day18_actions_pom_intro.ActionsSendKeysTest@69b0fd6f]" name="setUp" is-config="true" duration-ms="1410" started-at="2021-12-18T11:31:53 EST" finished-at="2021-12-18T11:31:54 EST">
          <reporter-output>
          </reporter-output>
        </test-method> <!-- setUp -->
        <test-method status="PASS" signature="rightClickTest()[pri:0, instance:com.cybertek.tests.day18_actions_pom_intro.ActionsSendKeysTest@69b0fd6f]" name="rightClickTest" duration-ms="4370" started-at="2021-12-18T11:31:54 EST" finished-at="2021-12-18T11:31:59 EST">
          <reporter-output>
          </reporter-output>
        </test-method> <!-- rightClickTest -->
        <test-method status="PASS" signature="tearDown()[pri:0, instance:com.cybertek.tests.day18_actions_pom_intro.ActionsSendKeysTest@69b0fd6f]" name="tearDown" is-config="true" duration-ms="85" started-at="2021-12-18T11:31:59 EST" finished-at="2021-12-18T11:31:59 EST">
          <reporter-output>
          </reporter-output>
        </test-method> <!-- tearDown -->
        <test-method status="PASS" signature="setUp()[pri:0, instance:com.cybertek.tests.day18_actions_pom_intro.ActionsSendKeysTest@69b0fd6f]" name="setUp" is-config="true" duration-ms="1363" started-at="2021-12-18T11:31:59 EST" finished-at="2021-12-18T11:32:00 EST">
          <reporter-output>
          </reporter-output>
        </test-method> <!-- setUp -->
        <test-method status="PASS" signature="scrollWithKeysTest()[pri:0, instance:com.cybertek.tests.day18_actions_pom_intro.ActionsSendKeysTest@69b0fd6f]" name="scrollWithKeysTest" duration-ms="3295" started-at="2021-12-18T11:32:00 EST" finished-at="2021-12-18T11:32:03 EST">
          <reporter-output>
          </reporter-output>
        </test-method> <!-- scrollWithKeysTest -->
        <test-method status="PASS" signature="tearDown()[pri:0, instance:com.cybertek.tests.day18_actions_pom_intro.ActionsSendKeysTest@69b0fd6f]" name="tearDown" is-config="true" duration-ms="78" started-at="2021-12-18T11:32:03 EST" finished-at="2021-12-18T11:32:04 EST">
          <reporter-output>
          </reporter-output>
        </test-method> <!-- tearDown -->
      </class> <!-- com.cybertek.tests.day18_actions_pom_intro.ActionsSendKeysTest -->
      <class name="com.cybertek.tests.day19_page_object_model.LibraryLoginPOMTest">
        <test-method status="PASS" signature="setUp()[pri:0, instance:com.cybertek.tests.day19_page_object_model.LibraryLoginPOMTest@8646db9]" name="setUp" is-config="true" duration-ms="1434" started-at="2021-12-18T11:32:22 EST" finished-at="2021-12-18T11:32:23 EST">
          <reporter-output>
          </reporter-output>
        </test-method> <!-- setUp -->
        <test-method status="PASS" signature="invalidCredentialsTest()[pri:0, instance:com.cybertek.tests.day19_page_object_model.LibraryLoginPOMTest@8646db9]" name="invalidCredentialsTest" duration-ms="1458" started-at="2021-12-18T11:32:23 EST" finished-at="2021-12-18T11:32:25 EST">
          <reporter-output>
          </reporter-output>
        </test-method> <!-- invalidCredentialsTest -->
        <test-method status="PASS" signature="tearDown()[pri:0, instance:com.cybertek.tests.day19_page_object_model.LibraryLoginPOMTest@8646db9]" name="tearDown" is-config="true" duration-ms="76" started-at="2021-12-18T11:32:25 EST" finished-at="2021-12-18T11:32:25 EST">
          <reporter-output>
          </reporter-output>
        </test-method> <!-- tearDown -->
        <test-method status="PASS" signature="setUp()[pri:0, instance:com.cybertek.tests.day19_page_object_model.LibraryLoginPOMTest@8646db9]" name="setUp" is-config="true" duration-ms="1317" started-at="2021-12-18T11:32:25 EST" finished-at="2021-12-18T11:32:26 EST">
          <reporter-output>
          </reporter-output>
        </test-method> <!-- setUp -->
        <test-method status="PASS" signature="positiveLoginPage()[pri:0, instance:com.cybertek.tests.day19_page_object_model.LibraryLoginPOMTest@8646db9]" name="positiveLoginPage" duration-ms="2567" started-at="2021-12-18T11:32:26 EST" finished-at="2021-12-18T11:32:29 EST">
          <reporter-output>
          </reporter-output>
        </test-method> <!-- positiveLoginPage -->
        <test-method status="PASS" signature="tearDown()[pri:0, instance:com.cybertek.tests.day19_page_object_model.LibraryLoginPOMTest@8646db9]" name="tearDown" is-config="true" duration-ms="81" started-at="2021-12-18T11:32:29 EST" finished-at="2021-12-18T11:32:29 EST">
          <reporter-output>
          </reporter-output>
        </test-method> <!-- tearDown -->
      </class> <!-- com.cybertek.tests.day19_page_object_model.LibraryLoginPOMTest -->
      <class name="com.cybertek.tests.day15_properites_driverutil_testbase.PropertiesFileTest">
        <test-method status="PASS" signature="configurationReaderUnitTest()[pri:0, instance:com.cybertek.tests.day15_properites_driverutil_testbase.PropertiesFileTest@1060b431]" name="configurationReaderUnitTest" duration-ms="0" started-at="2021-12-18T11:30:46 EST" finished-at="2021-12-18T11:30:46 EST">
          <reporter-output>
          </reporter-output>
        </test-method> <!-- configurationReaderUnitTest -->
        <test-method status="PASS" signature="readValuesFromPropertiesFile()[pri:0, instance:com.cybertek.tests.day15_properites_driverutil_testbase.PropertiesFileTest@1060b431]" name="readValuesFromPropertiesFile" duration-ms="4" started-at="2021-12-18T11:30:46 EST" finished-at="2021-12-18T11:30:46 EST">
          <reporter-output>
          </reporter-output>
        </test-method> <!-- readValuesFromPropertiesFile -->
      </class> <!-- com.cybertek.tests.day15_properites_driverutil_testbase.PropertiesFileTest -->
      <class name="com.cybertek.tests.day09_testing_dropdowns.TestNGIntro">
        <test-method status="PASS" signature="setUp()[pri:0, instance:com.cybertek.tests.day09_testing_dropdowns.TestNGIntro@1b26f7b2]" name="setUp" is-config="true" duration-ms="0" started-at="2021-12-18T11:31:09 EST" finished-at="2021-12-18T11:31:09 EST">
          <reporter-output>
          </reporter-output>
        </test-method> <!-- setUp -->
        <test-method status="PASS" signature="setUpApp()[pri:0, instance:com.cybertek.tests.day09_testing_dropdowns.TestNGIntro@1b26f7b2]" name="setUpApp" is-config="true" duration-ms="1" started-at="2021-12-18T11:31:09 EST" finished-at="2021-12-18T11:31:09 EST">
          <reporter-output>
          </reporter-output>
        </test-method> <!-- setUpApp -->
        <test-method status="PASS" signature="myTest2()[pri:2, instance:com.cybertek.tests.day09_testing_dropdowns.TestNGIntro@1b26f7b2]" name="myTest2" duration-ms="0" started-at="2021-12-18T11:31:09 EST" finished-at="2021-12-18T11:31:09 EST">
          <reporter-output>
          </reporter-output>
        </test-method> <!-- myTest2 -->
        <test-method status="PASS" signature="test1()[pri:1, instance:com.cybertek.tests.day09_testing_dropdowns.TestNGIntro@1b26f7b2]" name="test1" duration-ms="0" started-at="2021-12-18T11:31:09 EST" finished-at="2021-12-18T11:31:09 EST">
          <reporter-output>
          </reporter-output>
        </test-method> <!-- test1 -->
        <test-method status="PASS" signature="tearDown()[pri:0, instance:com.cybertek.tests.day09_testing_dropdowns.TestNGIntro@1b26f7b2]" name="tearDown" is-config="true" duration-ms="0" started-at="2021-12-18T11:31:09 EST" finished-at="2021-12-18T11:31:09 EST">
          <reporter-output>
          </reporter-output>
        </test-method> <!-- tearDown -->
        <test-method status="PASS" signature="tearDown()[pri:0, instance:com.cybertek.tests.day09_testing_dropdowns.TestNGIntro@1b26f7b2]" name="tearDown" is-config="true" duration-ms="0" started-at="2021-12-18T11:31:09 EST" finished-at="2021-12-18T11:31:09 EST">
          <reporter-output>
          </reporter-output>
        </test-method> <!-- tearDown -->
        <test-method status="PASS" signature="setUpApp()[pri:0, instance:com.cybertek.tests.day09_testing_dropdowns.TestNGIntro@1b26f7b2]" name="setUpApp" is-config="true" duration-ms="0" started-at="2021-12-18T11:31:09 EST" finished-at="2021-12-18T11:31:09 EST">
          <reporter-output>
          </reporter-output>
        </test-method> <!-- setUpApp -->
        <test-method status="PASS" signature="cleanUp()[pri:0, instance:com.cybertek.tests.day09_testing_dropdowns.TestNGIntro@1b26f7b2]" name="cleanUp" is-config="true" duration-ms="0" started-at="2021-12-18T11:31:09 EST" finished-at="2021-12-18T11:31:09 EST">
          <reporter-output>
          </reporter-output>
        </test-method> <!-- cleanUp -->
      </class> <!-- com.cybertek.tests.day09_testing_dropdowns.TestNGIntro -->
      <class name="com.cybertek.tests.day15_properites_driverutil_testbase.TechlisticWebTableTest">
        <test-method status="PASS" signature="setUp()[pri:0, instance:com.cybertek.tests.day15_properites_driverutil_testbase.TechlisticWebTableTest@e720b71]" name="setUp" is-config="true" duration-ms="2" started-at="2021-12-18T11:30:55 EST" finished-at="2021-12-18T11:30:55 EST">
          <reporter-output>
          </reporter-output>
        </test-method> <!-- setUp -->
        <test-method status="PASS" signature="tallBuildingsTableTest()[pri:0, instance:com.cybertek.tests.day15_properites_driverutil_testbase.TechlisticWebTableTest@e720b71]" name="tallBuildingsTableTest" duration-ms="13342" started-at="2021-12-18T11:30:55 EST" finished-at="2021-12-18T11:31:09 EST">
          <reporter-output>
          </reporter-output>
        </test-method> <!-- tallBuildingsTableTest -->
        <test-method status="PASS" signature="tearDown()[pri:0, instance:com.cybertek.tests.day15_properites_driverutil_testbase.TechlisticWebTableTest@e720b71]" name="tearDown" is-config="true" duration-ms="211" started-at="2021-12-18T11:31:09 EST" finished-at="2021-12-18T11:31:09 EST">
          <reporter-output>
          </reporter-output>
        </test-method> <!-- tearDown -->
      </class> <!-- com.cybertek.tests.day15_properites_driverutil_testbase.TechlisticWebTableTest -->
      <class name="com.cybertek.tests.day18_actions_pom_intro.ActionsDoubleClickTest">
        <test-method status="PASS" signature="setUp()[pri:0, instance:com.cybertek.tests.day18_actions_pom_intro.ActionsDoubleClickTest@74ad1f1f]" name="setUp" is-config="true" duration-ms="1381" started-at="2021-12-18T11:31:29 EST" finished-at="2021-12-18T11:31:30 EST">
          <reporter-output>
          </reporter-output>
        </test-method> <!-- setUp -->
        <test-method status="PASS" signature="doubleClickTest()[pri:0, instance:com.cybertek.tests.day18_actions_pom_intro.ActionsDoubleClickTest@74ad1f1f]" name="doubleClickTest" duration-ms="4049" started-at="2021-12-18T11:31:30 EST" finished-at="2021-12-18T11:31:34 EST">
          <reporter-output>
          </reporter-output>
        </test-method> <!-- doubleClickTest -->
        <test-method status="PASS" signature="tearDown()[pri:0, instance:com.cybertek.tests.day18_actions_pom_intro.ActionsDoubleClickTest@74ad1f1f]" name="tearDown" is-config="true" duration-ms="87" started-at="2021-12-18T11:31:34 EST" finished-at="2021-12-18T11:31:34 EST">
          <reporter-output>
          </reporter-output>
        </test-method> <!-- tearDown -->
      </class> <!-- com.cybertek.tests.day18_actions_pom_intro.ActionsDoubleClickTest -->
      <class name="com.cybertek.tests.day16_download_upload_js_executor.FileUpLoadTest">
        <test-method status="PASS" signature="setUp()[pri:0, instance:com.cybertek.tests.day16_download_upload_js_executor.FileUpLoadTest@77ec78b9]" name="setUp" is-config="true" duration-ms="1634" started-at="2021-12-18T11:27:16 EST" finished-at="2021-12-18T11:27:18 EST">
          <reporter-output>
          </reporter-output>
        </test-method> <!-- setUp -->
        <test-method status="PASS" signature="upLoadFileTest()[pri:0, instance:com.cybertek.tests.day16_download_upload_js_executor.FileUpLoadTest@77ec78b9]" name="upLoadFileTest" duration-ms="1330" started-at="2021-12-18T11:27:18 EST" finished-at="2021-12-18T11:27:19 EST">
          <reporter-output>
          </reporter-output>
        </test-method> <!-- upLoadFileTest -->
        <test-method status="PASS" signature="tearDown()[pri:0, instance:com.cybertek.tests.day16_download_upload_js_executor.FileUpLoadTest@77ec78b9]" name="tearDown" is-config="true" duration-ms="87" started-at="2021-12-18T11:27:19 EST" finished-at="2021-12-18T11:27:19 EST">
          <reporter-output>
          </reporter-output>
        </test-method> <!-- tearDown -->
      </class> <!-- com.cybertek.tests.day16_download_upload_js_executor.FileUpLoadTest -->
      <class name="com.cybertek.tests.day18_actions_pom_intro.ActionsDemoTest">
        <test-method status="PASS" signature="setUp()[pri:0, instance:com.cybertek.tests.day18_actions_pom_intro.ActionsDemoTest@491cc5c9]" name="setUp" is-config="true" duration-ms="1566" started-at="2021-12-18T11:31:09 EST" finished-at="2021-12-18T11:31:11 EST">
          <reporter-output>
          </reporter-output>
        </test-method> <!-- setUp -->
        <test-method status="PASS" signature="googleFeelingLuckyHoverBtnTest()[pri:0, instance:com.cybertek.tests.day18_actions_pom_intro.ActionsDemoTest@491cc5c9]" name="googleFeelingLuckyHoverBtnTest" duration-ms="10988" started-at="2021-12-18T11:31:11 EST" finished-at="2021-12-18T11:31:21 EST">
          <reporter-output>
          </reporter-output>
        </test-method> <!-- googleFeelingLuckyHoverBtnTest -->
        <test-method status="PASS" signature="tearDown()[pri:0, instance:com.cybertek.tests.day18_actions_pom_intro.ActionsDemoTest@491cc5c9]" name="tearDown" is-config="true" duration-ms="86" started-at="2021-12-18T11:31:21 EST" finished-at="2021-12-18T11:31:22 EST">
          <reporter-output>
          </reporter-output>
        </test-method> <!-- tearDown -->
        <test-method status="PASS" signature="setUp()[pri:0, instance:com.cybertek.tests.day18_actions_pom_intro.ActionsDemoTest@491cc5c9]" name="setUp" is-config="true" duration-ms="1404" started-at="2021-12-18T11:31:22 EST" finished-at="2021-12-18T11:31:23 EST">
          <reporter-output>
          </reporter-output>
        </test-method> <!-- setUp -->
        <test-method status="PASS" signature="hoverElementTest()[pri:0, instance:com.cybertek.tests.day18_actions_pom_intro.ActionsDemoTest@491cc5c9]" name="hoverElementTest" duration-ms="2027" started-at="2021-12-18T11:31:23 EST" finished-at="2021-12-18T11:31:25 EST">
          <reporter-output>
          </reporter-output>
        </test-method> <!-- hoverElementTest -->
        <test-method status="PASS" signature="tearDown()[pri:0, instance:com.cybertek.tests.day18_actions_pom_intro.ActionsDemoTest@491cc5c9]" name="tearDown" is-config="true" duration-ms="89" started-at="2021-12-18T11:31:25 EST" finished-at="2021-12-18T11:31:25 EST">
          <reporter-output>
          </reporter-output>
        </test-method> <!-- tearDown -->
        <test-method status="PASS" signature="setUp()[pri:0, instance:com.cybertek.tests.day18_actions_pom_intro.ActionsDemoTest@491cc5c9]" name="setUp" is-config="true" duration-ms="1434" started-at="2021-12-18T11:31:25 EST" finished-at="2021-12-18T11:31:27 EST">
          <reporter-output>
          </reporter-output>
        </test-method> <!-- setUp -->
        <test-method status="PASS" signature="hoverOverGroupOfElm()[pri:0, instance:com.cybertek.tests.day18_actions_pom_intro.ActionsDemoTest@491cc5c9]" name="hoverOverGroupOfElm" duration-ms="2245" started-at="2021-12-18T11:31:27 EST" finished-at="2021-12-18T11:31:29 EST">
          <reporter-output>
          </reporter-output>
        </test-method> <!-- hoverOverGroupOfElm -->
        <test-method status="PASS" signature="tearDown()[pri:0, instance:com.cybertek.tests.day18_actions_pom_intro.ActionsDemoTest@491cc5c9]" name="tearDown" is-config="true" duration-ms="80" started-at="2021-12-18T11:31:29 EST" finished-at="2021-12-18T11:31:29 EST">
          <reporter-output>
          </reporter-output>
        </test-method> <!-- tearDown -->
      </class> <!-- com.cybertek.tests.day18_actions_pom_intro.ActionsDemoTest -->
      <class name="com.cybertek.tests.day10_dropdown_alerts_iframes_windows.AmazonDepartmentsNamesListTest">
        <test-method status="PASS" signature="setUp()[pri:0, instance:com.cybertek.tests.day10_dropdown_alerts_iframes_windows.AmazonDepartmentsNamesListTest@6121c9d6]" name="setUp" is-config="true" duration-ms="5231" started-at="2021-12-18T11:28:55 EST" finished-at="2021-12-18T11:29:00 EST">
          <reporter-output>
          </reporter-output>
        </test-method> <!-- setUp -->
        <test-method status="PASS" signature="amazonDepartmentTest()[pri:0, instance:com.cybertek.tests.day10_dropdown_alerts_iframes_windows.AmazonDepartmentsNamesListTest@6121c9d6]" name="amazonDepartmentTest" duration-ms="44898" started-at="2021-12-18T11:29:00 EST" finished-at="2021-12-18T11:29:45 EST">
          <reporter-output>
          </reporter-output>
        </test-method> <!-- amazonDepartmentTest -->
        <test-method status="PASS" signature="cleanUp()[pri:0, instance:com.cybertek.tests.day10_dropdown_alerts_iframes_windows.AmazonDepartmentsNamesListTest@6121c9d6]" name="cleanUp" is-config="true" duration-ms="5152" started-at="2021-12-18T11:29:45 EST" finished-at="2021-12-18T11:29:50 EST">
          <reporter-output>
          </reporter-output>
        </test-method> <!-- cleanUp -->
        <test-method status="PASS" signature="setUp()[pri:0, instance:com.cybertek.tests.day10_dropdown_alerts_iframes_windows.AmazonDepartmentsNamesListTest@6121c9d6]" name="setUp" is-config="true" duration-ms="5096" started-at="2021-12-18T11:29:50 EST" finished-at="2021-12-18T11:29:55 EST">
          <reporter-output>
          </reporter-output>
        </test-method> <!-- setUp -->
        <test-method status="PASS" signature="runMethod()[pri:0, instance:com.cybertek.tests.day10_dropdown_alerts_iframes_windows.AmazonDepartmentsNamesListTest@6121c9d6]" name="runMethod" duration-ms="2" started-at="2021-12-18T11:29:55 EST" finished-at="2021-12-18T11:29:55 EST">
          <reporter-output>
          </reporter-output>
        </test-method> <!-- runMethod -->
        <test-method status="PASS" signature="cleanUp()[pri:0, instance:com.cybertek.tests.day10_dropdown_alerts_iframes_windows.AmazonDepartmentsNamesListTest@6121c9d6]" name="cleanUp" is-config="true" duration-ms="5225" started-at="2021-12-18T11:29:55 EST" finished-at="2021-12-18T11:30:00 EST">
          <reporter-output>
          </reporter-output>
        </test-method> <!-- cleanUp -->
      </class> <!-- com.cybertek.tests.day10_dropdown_alerts_iframes_windows.AmazonDepartmentsNamesListTest -->
      <class name="com.cybertek.tests.day10_dropdown_alerts_iframes_windows.CarGurusUsedCarSearchTest">
        <test-method status="PASS" signature="setUp()[pri:0, instance:com.cybertek.tests.day10_dropdown_alerts_iframes_windows.CarGurusUsedCarSearchTest@4eb7f003]" name="setUp" is-config="true" duration-ms="7160" started-at="2021-12-18T11:30:08 EST" finished-at="2021-12-18T11:30:15 EST">
          <reporter-output>
          </reporter-output>
        </test-method> <!-- setUp -->
        <test-method status="PASS" signature="searchForMinivanTest()[pri:0, instance:com.cybertek.tests.day10_dropdown_alerts_iframes_windows.CarGurusUsedCarSearchTest@4eb7f003]" name="searchForMinivanTest" duration-ms="15625" started-at="2021-12-18T11:30:15 EST" finished-at="2021-12-18T11:30:30 EST">
          <reporter-output>
          </reporter-output>
        </test-method> <!-- searchForMinivanTest -->
        <test-method status="PASS" signature="tearDown()[pri:0, instance:com.cybertek.tests.day10_dropdown_alerts_iframes_windows.CarGurusUsedCarSearchTest@4eb7f003]" name="tearDown" is-config="true" duration-ms="184" started-at="2021-12-18T11:30:30 EST" finished-at="2021-12-18T11:30:31 EST">
          <reporter-output>
          </reporter-output>
        </test-method> <!-- tearDown -->
      </class> <!-- com.cybertek.tests.day10_dropdown_alerts_iframes_windows.CarGurusUsedCarSearchTest -->
      <class name="com.cybertek.tests.day19_page_object_model.DragAndDropTest">
        <test-method status="PASS" signature="setUp()[pri:0, instance:com.cybertek.tests.day19_page_object_model.DragAndDropTest@37374a5e]" name="setUp" is-config="true" duration-ms="1332" started-at="2021-12-18T11:32:29 EST" finished-at="2021-12-18T11:32:30 EST">
          <reporter-output>
          </reporter-output>
        </test-method> <!-- setUp -->
        <test-method status="FAIL" signature="cargurusPriceSliderTest()[pri:0, instance:com.cybertek.tests.day19_page_object_model.DragAndDropTest@37374a5e]" name="cargurusPriceSliderTest" duration-ms="25286" started-at="2021-12-18T11:32:30 EST" finished-at="2021-12-18T11:32:56 EST">
          <exception class="org.openqa.selenium.NoSuchElementException">
            <message>
              <![CDATA[no such element: Unable to locate element: {"method":"xpath","selector":"(//button[@aria-valuemin='3000'])[1]"}
  (Session info: chrome=96.0.4664.110)
For documentation on this error, please visit: https://www.seleniumhq.org/exceptions/no_such_element.html
Build info: version: '3.141.59', revision: 'e82be7d358', time: '2018-11-14T08:17:03'
System info: host: 'Juans-MBP.fios-router.home', ip: 'fe80:0:0:0:14b3:ad2e:936a:44fd%en0', os.name: 'Mac OS X', os.arch: 'x86_64', os.version: '10.16', java.version: '1.8.0_231'
Driver info: org.openqa.selenium.chrome.ChromeDriver
Capabilities {acceptInsecureCerts: false, browserName: chrome, browserVersion: 96.0.4664.110, chrome: {chromedriverVersion: 96.0.4664.45 (76e4c1bb2ab46..., userDataDir: /var/folders/6p/tpncg1t9257...}, goog:chromeOptions: {debuggerAddress: localhost:51137}, javascriptEnabled: true, networkConnectionEnabled: false, pageLoadStrategy: normal, platform: MAC, platformName: MAC, proxy: Proxy(), setWindowRect: true, strictFileInteractability: false, timeouts: {implicit: 0, pageLoad: 300000, script: 30000}, unhandledPromptBehavior: dismiss and notify, webauthn:extension:credBlob: true, webauthn:extension:largeBlob: true, webauthn:virtualAuthenticators: true}
Session ID: 468b7080eb17f6d0b2160275aee0a6f5
*** Element info: {Using=xpath, value=(//button[@aria-valuemin='3000'])[1]}]]>
            </message>
            <full-stacktrace>
              <![CDATA[org.openqa.selenium.NoSuchElementException: no such element: Unable to locate element: {"method":"xpath","selector":"(//button[@aria-valuemin='3000'])[1]"}
  (Session info: chrome=96.0.4664.110)
For documentation on this error, please visit: https://www.seleniumhq.org/exceptions/no_such_element.html
Build info: version: '3.141.59', revision: 'e82be7d358', time: '2018-11-14T08:17:03'
System info: host: 'Juans-MBP.fios-router.home', ip: 'fe80:0:0:0:14b3:ad2e:936a:44fd%en0', os.name: 'Mac OS X', os.arch: 'x86_64', os.version: '10.16', java.version: '1.8.0_231'
Driver info: org.openqa.selenium.chrome.ChromeDriver
Capabilities {acceptInsecureCerts: false, browserName: chrome, browserVersion: 96.0.4664.110, chrome: {chromedriverVersion: 96.0.4664.45 (76e4c1bb2ab46..., userDataDir: /var/folders/6p/tpncg1t9257...}, goog:chromeOptions: {debuggerAddress: localhost:51137}, javascriptEnabled: true, networkConnectionEnabled: false, pageLoadStrategy: normal, platform: MAC, platformName: MAC, proxy: Proxy(), setWindowRect: true, strictFileInteractability: false, timeouts: {implicit: 0, pageLoad: 300000, script: 30000}, unhandledPromptBehavior: dismiss and notify, webauthn:extension:credBlob: true, webauthn:extension:largeBlob: true, webauthn:virtualAuthenticators: true}
Session ID: 468b7080eb17f6d0b2160275aee0a6f5
*** Element info: {Using=xpath, value=(//button[@aria-valuemin='3000'])[1]}
at sun.reflect.NativeConstructorAccessorImpl.newInstance0(Native Method)
at sun.reflect.NativeConstructorAccessorImpl.newInstance(NativeConstructorAccessorImpl.java:62)
at sun.reflect.DelegatingConstructorAccessorImpl.newInstance(DelegatingConstructorAccessorImpl.java:45)
at java.lang.reflect.Constructor.newInstance(Constructor.java:423)
at org.openqa.selenium.remote.http.W3CHttpResponseCodec.createException(W3CHttpResponseCodec.java:187)
at org.openqa.selenium.remote.http.W3CHttpResponseCodec.decode(W3CHttpResponseCodec.java:122)
at org.openqa.selenium.remote.http.W3CHttpResponseCodec.decode(W3CHttpResponseCodec.java:49)
at org.openqa.selenium.remote.HttpCommandExecutor.execute(HttpCommandExecutor.java:158)
at org.openqa.selenium.remote.service.DriverCommandExecutor.execute(DriverCommandExecutor.java:83)
at org.openqa.selenium.remote.RemoteWebDriver.execute(RemoteWebDriver.java:552)
at org.openqa.selenium.remote.RemoteWebDriver.findElement(RemoteWebDriver.java:323)
at org.openqa.selenium.remote.RemoteWebDriver.findElementByXPath(RemoteWebDriver.java:428)
at org.openqa.selenium.By$ByXPath.findElement(By.java:353)
at org.openqa.selenium.remote.RemoteWebDriver.findElement(RemoteWebDriver.java:315)
at com.cybertek.tests.day19_page_object_model.DragAndDropTest.cargurusPriceSliderTest(DragAndDropTest.java:29)
at sun.reflect.NativeMethodAccessorImpl.invoke0(Native Method)
at sun.reflect.NativeMethodAccessorImpl.invoke(NativeMethodAccessorImpl.java:62)
at sun.reflect.DelegatingMethodAccessorImpl.invoke(DelegatingMethodAccessorImpl.java:43)
at java.lang.reflect.Method.invoke(Method.java:498)
at org.testng.internal.MethodInvocationHelper.invokeMethod(MethodInvocationHelper.java:133)
at org.testng.internal.TestInvoker.invokeMethod(TestInvoker.java:598)
at org.testng.internal.TestInvoker.invokeTestMethod(TestInvoker.java:173)
at org.testng.internal.MethodRunner.runInSequence(MethodRunner.java:46)
at org.testng.internal.TestInvoker$MethodInvocationAgent.invoke(TestInvoker.java:824)
at org.testng.internal.TestInvoker.invokeTestMethods(TestInvoker.java:146)
at org.testng.internal.TestMethodWorker.invokeTestMethods(TestMethodWorker.java:146)
at org.testng.internal.TestMethodWorker.run(TestMethodWorker.java:128)
at java.util.ArrayList.forEach(ArrayList.java:1257)
at org.testng.TestRunner.privateRun(TestRunner.java:794)
at org.testng.TestRunner.run(TestRunner.java:596)
at org.testng.SuiteRunner.runTest(SuiteRunner.java:377)
at org.testng.SuiteRunner.runSequentially(SuiteRunner.java:371)
at org.testng.SuiteRunner.privateRun(SuiteRunner.java:332)
at org.testng.SuiteRunner.run(SuiteRunner.java:276)
at org.testng.SuiteRunnerWorker.runSuite(SuiteRunnerWorker.java:53)
at org.testng.SuiteRunnerWorker.run(SuiteRunnerWorker.java:96)
at org.testng.TestNG.runSuitesSequentially(TestNG.java:1212)
at org.testng.TestNG.runSuitesLocally(TestNG.java:1134)
at org.testng.TestNG.runSuites(TestNG.java:1063)
at org.testng.TestNG.run(TestNG.java:1031)
at org.apache.maven.surefire.testng.TestNGExecutor.run(TestNGExecutor.java:77)
at org.apache.maven.surefire.testng.TestNGDirectoryTestSuite.executeMulti(TestNGDirectoryTestSuite.java:159)
at org.apache.maven.surefire.testng.TestNGDirectoryTestSuite.execute(TestNGDirectoryTestSuite.java:99)
at org.apache.maven.surefire.testng.TestNGProvider.invoke(TestNGProvider.java:106)
at sun.reflect.NativeMethodAccessorImpl.invoke0(Native Method)
at sun.reflect.NativeMethodAccessorImpl.invoke(NativeMethodAccessorImpl.java:62)
at sun.reflect.DelegatingMethodAccessorImpl.invoke(DelegatingMethodAccessorImpl.java:43)
at java.lang.reflect.Method.invoke(Method.java:498)
at org.apache.maven.surefire.util.ReflectionUtils.invokeMethodWithArray(ReflectionUtils.java:189)
at org.apache.maven.surefire.booter.ProviderFactory$ProviderProxy.invoke(ProviderFactory.java:165)
at org.apache.maven.surefire.booter.ProviderFactory.invokeProvider(ProviderFactory.java:85)
at org.apache.maven.surefire.booter.ForkedBooter.runSuitesInProcess(ForkedBooter.java:115)
at org.apache.maven.surefire.booter.ForkedBooter.main(ForkedBooter.java:75)
]]>
            </full-stacktrace>
          </exception> <!-- org.openqa.selenium.NoSuchElementException -->
          <reporter-output>
          </reporter-output>
        </test-method> <!-- cargurusPriceSliderTest -->
        <test-method status="PASS" signature="tearDown()[pri:0, instance:com.cybertek.tests.day19_page_object_model.DragAndDropTest@37374a5e]" name="tearDown" is-config="true" duration-ms="197" started-at="2021-12-18T11:32:56 EST" finished-at="2021-12-18T11:32:56 EST">
          <reporter-output>
          </reporter-output>
        </test-method> <!-- tearDown -->
        <test-method status="PASS" signature="setUp()[pri:0, instance:com.cybertek.tests.day19_page_object_model.DragAndDropTest@37374a5e]" name="setUp" is-config="true" duration-ms="1944" started-at="2021-12-18T11:32:56 EST" finished-at="2021-12-18T11:32:58 EST">
          <reporter-output>
          </reporter-output>
        </test-method> <!-- setUp -->
        <test-method status="PASS" signature="guru99DragAndDropTest()[pri:0, instance:com.cybertek.tests.day19_page_object_model.DragAndDropTest@37374a5e]" name="guru99DragAndDropTest" duration-ms="3387" started-at="2021-12-18T11:32:58 EST" finished-at="2021-12-18T11:33:01 EST">
          <reporter-output>
          </reporter-output>
        </test-method> <!-- guru99DragAndDropTest -->
        <test-method status="PASS" signature="tearDown()[pri:0, instance:com.cybertek.tests.day19_page_object_model.DragAndDropTest@37374a5e]" name="tearDown" is-config="true" duration-ms="140" started-at="2021-12-18T11:33:01 EST" finished-at="2021-12-18T11:33:01 EST">
          <reporter-output>
          </reporter-output>
        </test-method> <!-- tearDown -->
      </class> <!-- com.cybertek.tests.day19_page_object_model.DragAndDropTest -->
      <class name="com.cybertek.tests.day17_upload_js_executer.ScrollToElementTest">
        <test-method status="PASS" signature="setUp()[pri:0, instance:com.cybertek.tests.day17_upload_js_executer.ScrollToElementTest@a38d7a3]" name="setUp" is-config="true" duration-ms="1517" started-at="2021-12-18T11:27:26 EST" finished-at="2021-12-18T11:27:28 EST">
          <reporter-output>
          </reporter-output>
        </test-method> <!-- setUp -->
        <test-method status="FAIL" signature="scrollTest()[pri:0, instance:com.cybertek.tests.day17_upload_js_executer.ScrollToElementTest@a38d7a3]" name="scrollTest" duration-ms="4270" started-at="2021-12-18T11:27:28 EST" finished-at="2021-12-18T11:27:32 EST">
          <exception class="org.openqa.selenium.InvalidSelectorException">
            <message>
              <![CDATA[invalid selector: Unable to locate an element with the xpath expression //a[@href='/contact] because of the following error:
SyntaxError: Failed to execute 'evaluate' on 'Document': The string '//a[@href='/contact]' is not a valid XPath expression.
  (Session info: chrome=96.0.4664.110)
For documentation on this error, please visit: https://www.seleniumhq.org/exceptions/invalid_selector_exception.html
Build info: version: '3.141.59', revision: 'e82be7d358', time: '2018-11-14T08:17:03'
System info: host: 'Juans-MBP.fios-router.home', ip: 'fe80:0:0:0:14b3:ad2e:936a:44fd%en0', os.name: 'Mac OS X', os.arch: 'x86_64', os.version: '10.16', java.version: '1.8.0_231'
Driver info: org.openqa.selenium.chrome.ChromeDriver
Capabilities {acceptInsecureCerts: false, browserName: chrome, browserVersion: 96.0.4664.110, chrome: {chromedriverVersion: 96.0.4664.45 (76e4c1bb2ab46..., userDataDir: /var/folders/6p/tpncg1t9257...}, goog:chromeOptions: {debuggerAddress: localhost:49559}, javascriptEnabled: true, networkConnectionEnabled: false, pageLoadStrategy: normal, platform: MAC, platformName: MAC, proxy: Proxy(), setWindowRect: true, strictFileInteractability: false, timeouts: {implicit: 0, pageLoad: 300000, script: 30000}, unhandledPromptBehavior: dismiss and notify, webauthn:extension:credBlob: true, webauthn:extension:largeBlob: true, webauthn:virtualAuthenticators: true}
Session ID: 28170ee26e20fbe796730cb6ba4f4d17
*** Element info: {Using=xpath, value=//a[@href='/contact]}]]>
            </message>
            <full-stacktrace>
              <![CDATA[org.openqa.selenium.InvalidSelectorException: invalid selector: Unable to locate an element with the xpath expression //a[@href='/contact] because of the following error:
SyntaxError: Failed to execute 'evaluate' on 'Document': The string '//a[@href='/contact]' is not a valid XPath expression.
  (Session info: chrome=96.0.4664.110)
For documentation on this error, please visit: https://www.seleniumhq.org/exceptions/invalid_selector_exception.html
Build info: version: '3.141.59', revision: 'e82be7d358', time: '2018-11-14T08:17:03'
System info: host: 'Juans-MBP.fios-router.home', ip: 'fe80:0:0:0:14b3:ad2e:936a:44fd%en0', os.name: 'Mac OS X', os.arch: 'x86_64', os.version: '10.16', java.version: '1.8.0_231'
Driver info: org.openqa.selenium.chrome.ChromeDriver
Capabilities {acceptInsecureCerts: false, browserName: chrome, browserVersion: 96.0.4664.110, chrome: {chromedriverVersion: 96.0.4664.45 (76e4c1bb2ab46..., userDataDir: /var/folders/6p/tpncg1t9257...}, goog:chromeOptions: {debuggerAddress: localhost:49559}, javascriptEnabled: true, networkConnectionEnabled: false, pageLoadStrategy: normal, platform: MAC, platformName: MAC, proxy: Proxy(), setWindowRect: true, strictFileInteractability: false, timeouts: {implicit: 0, pageLoad: 300000, script: 30000}, unhandledPromptBehavior: dismiss and notify, webauthn:extension:credBlob: true, webauthn:extension:largeBlob: true, webauthn:virtualAuthenticators: true}
Session ID: 28170ee26e20fbe796730cb6ba4f4d17
*** Element info: {Using=xpath, value=//a[@href='/contact]}
at sun.reflect.NativeConstructorAccessorImpl.newInstance0(Native Method)
at sun.reflect.NativeConstructorAccessorImpl.newInstance(NativeConstructorAccessorImpl.java:62)
at sun.reflect.DelegatingConstructorAccessorImpl.newInstance(DelegatingConstructorAccessorImpl.java:45)
at java.lang.reflect.Constructor.newInstance(Constructor.java:423)
at org.openqa.selenium.remote.http.W3CHttpResponseCodec.createException(W3CHttpResponseCodec.java:187)
at org.openqa.selenium.remote.http.W3CHttpResponseCodec.decode(W3CHttpResponseCodec.java:122)
at org.openqa.selenium.remote.http.W3CHttpResponseCodec.decode(W3CHttpResponseCodec.java:49)
at org.openqa.selenium.remote.HttpCommandExecutor.execute(HttpCommandExecutor.java:158)
at org.openqa.selenium.remote.service.DriverCommandExecutor.execute(DriverCommandExecutor.java:83)
at org.openqa.selenium.remote.RemoteWebDriver.execute(RemoteWebDriver.java:552)
at org.openqa.selenium.remote.RemoteWebDriver.findElement(RemoteWebDriver.java:323)
at org.openqa.selenium.remote.RemoteWebDriver.findElementByXPath(RemoteWebDriver.java:428)
at org.openqa.selenium.By$ByXPath.findElement(By.java:353)
at org.openqa.selenium.remote.RemoteWebDriver.findElement(RemoteWebDriver.java:315)
at com.cybertek.tests.day17_upload_js_executer.ScrollToElementTest.scrollTest(ScrollToElementTest.java:23)
at sun.reflect.NativeMethodAccessorImpl.invoke0(Native Method)
at sun.reflect.NativeMethodAccessorImpl.invoke(NativeMethodAccessorImpl.java:62)
at sun.reflect.DelegatingMethodAccessorImpl.invoke(DelegatingMethodAccessorImpl.java:43)
at java.lang.reflect.Method.invoke(Method.java:498)
at org.testng.internal.MethodInvocationHelper.invokeMethod(MethodInvocationHelper.java:133)
at org.testng.internal.TestInvoker.invokeMethod(TestInvoker.java:598)
at org.testng.internal.TestInvoker.invokeTestMethod(TestInvoker.java:173)
at org.testng.internal.MethodRunner.runInSequence(MethodRunner.java:46)
at org.testng.internal.TestInvoker$MethodInvocationAgent.invoke(TestInvoker.java:824)
at org.testng.internal.TestInvoker.invokeTestMethods(TestInvoker.java:146)
at org.testng.internal.TestMethodWorker.invokeTestMethods(TestMethodWorker.java:146)
at org.testng.internal.TestMethodWorker.run(TestMethodWorker.java:128)
at java.util.ArrayList.forEach(ArrayList.java:1257)
at org.testng.TestRunner.privateRun(TestRunner.java:794)
at org.testng.TestRunner.run(TestRunner.java:596)
at org.testng.SuiteRunner.runTest(SuiteRunner.java:377)
at org.testng.SuiteRunner.runSequentially(SuiteRunner.java:371)
at org.testng.SuiteRunner.privateRun(SuiteRunner.java:332)
at org.testng.SuiteRunner.run(SuiteRunner.java:276)
at org.testng.SuiteRunnerWorker.runSuite(SuiteRunnerWorker.java:53)
at org.testng.SuiteRunnerWorker.run(SuiteRunnerWorker.java:96)
at org.testng.TestNG.runSuitesSequentially(TestNG.java:1212)
at org.testng.TestNG.runSuitesLocally(TestNG.java:1134)
at org.testng.TestNG.runSuites(TestNG.java:1063)
at org.testng.TestNG.run(TestNG.java:1031)
at org.apache.maven.surefire.testng.TestNGExecutor.run(TestNGExecutor.java:77)
at org.apache.maven.surefire.testng.TestNGDirectoryTestSuite.executeMulti(TestNGDirectoryTestSuite.java:159)
at org.apache.maven.surefire.testng.TestNGDirectoryTestSuite.execute(TestNGDirectoryTestSuite.java:99)
at org.apache.maven.surefire.testng.TestNGProvider.invoke(TestNGProvider.java:106)
at sun.reflect.NativeMethodAccessorImpl.invoke0(Native Method)
at sun.reflect.NativeMethodAccessorImpl.invoke(NativeMethodAccessorImpl.java:62)
at sun.reflect.DelegatingMethodAccessorImpl.invoke(DelegatingMethodAccessorImpl.java:43)
at java.lang.reflect.Method.invoke(Method.java:498)
at org.apache.maven.surefire.util.ReflectionUtils.invokeMethodWithArray(ReflectionUtils.java:189)
at org.apache.maven.surefire.booter.ProviderFactory$ProviderProxy.invoke(ProviderFactory.java:165)
at org.apache.maven.surefire.booter.ProviderFactory.invokeProvider(ProviderFactory.java:85)
at org.apache.maven.surefire.booter.ForkedBooter.runSuitesInProcess(ForkedBooter.java:115)
at org.apache.maven.surefire.booter.ForkedBooter.main(ForkedBooter.java:75)
]]>
            </full-stacktrace>
          </exception> <!-- org.openqa.selenium.InvalidSelectorException -->
          <reporter-output>
          </reporter-output>
        </test-method> <!-- scrollTest -->
        <test-method status="PASS" signature="tearDown()[pri:0, instance:com.cybertek.tests.day17_upload_js_executer.ScrollToElementTest@a38d7a3]" name="tearDown" is-config="true" duration-ms="77" started-at="2021-12-18T11:27:32 EST" finished-at="2021-12-18T11:27:32 EST">
          <reporter-output>
          </reporter-output>
        </test-method> <!-- tearDown -->
      </class> <!-- com.cybertek.tests.day17_upload_js_executer.ScrollToElementTest -->
      <class name="com.cybertek.tests.day15_properites_driverutil_testbase.SystemPropertiesTest">
        <test-method status="PASS" signature="readingSystemProperties()[pri:0, instance:com.cybertek.tests.day15_properites_driverutil_testbase.SystemPropertiesTest@11758f2a]" name="readingSystemProperties" duration-ms="1" started-at="2021-12-18T11:30:55 EST" finished-at="2021-12-18T11:30:55 EST">
          <reporter-output>
          </reporter-output>
        </test-method> <!-- readingSystemProperties -->
      </class> <!-- com.cybertek.tests.day15_properites_driverutil_testbase.SystemPropertiesTest -->
      <class name="com.cybertek.tests.day17_upload_js_executer.JavaScriptExecutorTest">
        <test-method status="PASS" signature="setUp()[pri:0, instance:com.cybertek.tests.day17_upload_js_executer.JavaScriptExecutorTest@63440df3]" name="setUp" is-config="true" duration-ms="1509" started-at="2021-12-18T11:27:32 EST" finished-at="2021-12-18T11:27:34 EST">
          <reporter-output>
          </reporter-output>
        </test-method> <!-- setUp -->
        <test-method status="PASS" signature="alertExampleTest()[pri:0, instance:com.cybertek.tests.day17_upload_js_executer.JavaScriptExecutorTest@63440df3]" name="alertExampleTest" duration-ms="3111" started-at="2021-12-18T11:27:34 EST" finished-at="2021-12-18T11:27:37 EST">
          <reporter-output>
          </reporter-output>
        </test-method> <!-- alertExampleTest -->
        <test-method status="PASS" signature="tearDown()[pri:0, instance:com.cybertek.tests.day17_upload_js_executer.JavaScriptExecutorTest@63440df3]" name="tearDown" is-config="true" duration-ms="78" started-at="2021-12-18T11:27:37 EST" finished-at="2021-12-18T11:27:37 EST">
          <reporter-output>
          </reporter-output>
        </test-method> <!-- tearDown -->
        <test-method status="PASS" signature="setUp()[pri:0, instance:com.cybertek.tests.day17_upload_js_executer.JavaScriptExecutorTest@63440df3]" name="setUp" is-config="true" duration-ms="1484" started-at="2021-12-18T11:27:37 EST" finished-at="2021-12-18T11:27:38 EST">
          <reporter-output>
          </reporter-output>
        </test-method> <!-- setUp -->
        <test-method status="PASS" signature="scrollTest()[pri:0, instance:com.cybertek.tests.day17_upload_js_executer.JavaScriptExecutorTest@63440df3]" name="scrollTest" duration-ms="21176" started-at="2021-12-18T11:27:38 EST" finished-at="2021-12-18T11:27:59 EST">
          <reporter-output>
          </reporter-output>
        </test-method> <!-- scrollTest -->
        <test-method status="PASS" signature="tearDown()[pri:0, instance:com.cybertek.tests.day17_upload_js_executer.JavaScriptExecutorTest@63440df3]" name="tearDown" is-config="true" duration-ms="85" started-at="2021-12-18T11:27:59 EST" finished-at="2021-12-18T11:28:00 EST">
          <reporter-output>
          </reporter-output>
        </test-method> <!-- tearDown -->
      </class> <!-- com.cybertek.tests.day17_upload_js_executer.JavaScriptExecutorTest -->
      <class name="com.cybertek.tests.day11_alerts_iframe_windows.MultipleWindowsExampleTest">
        <test-method status="PASS" signature="setUp()[pri:0, instance:com.cybertek.tests.day11_alerts_iframe_windows.MultipleWindowsExampleTest@4d3167f4]" name="setUp" is-config="true" duration-ms="2224" started-at="2021-12-18T11:28:27 EST" finished-at="2021-12-18T11:28:30 EST">
          <reporter-output>
          </reporter-output>
        </test-method> <!-- setUp -->
        <test-method status="PASS" signature="demoQAMultipleWindows()[pri:0, instance:com.cybertek.tests.day11_alerts_iframe_windows.MultipleWindowsExampleTest@4d3167f4]" name="demoQAMultipleWindows" duration-ms="5298" started-at="2021-12-18T11:28:30 EST" finished-at="2021-12-18T11:28:35 EST">
          <reporter-output>
          </reporter-output>
        </test-method> <!-- demoQAMultipleWindows -->
        <test-method status="PASS" signature="setUp()[pri:0, instance:com.cybertek.tests.day11_alerts_iframe_windows.MultipleWindowsExampleTest@4d3167f4]" name="setUp" is-config="true" duration-ms="8444" started-at="2021-12-18T11:28:35 EST" finished-at="2021-12-18T11:28:43 EST">
          <reporter-output>
          </reporter-output>
        </test-method> <!-- setUp -->
        <test-method status="PASS" signature="windowsTest()[pri:0, instance:com.cybertek.tests.day11_alerts_iframe_windows.MultipleWindowsExampleTest@4d3167f4]" name="windowsTest" duration-ms="647" started-at="2021-12-18T11:28:43 EST" finished-at="2021-12-18T11:28:44 EST">
          <reporter-output>
          </reporter-output>
        </test-method> <!-- windowsTest -->
      </class> <!-- com.cybertek.tests.day11_alerts_iframe_windows.MultipleWindowsExampleTest -->
      <class name="com.cybertek.tests.day18_actions_pom_intro.ActionsDragAndDropTest">
        <test-method status="PASS" signature="setUp()[pri:0, instance:com.cybertek.tests.day18_actions_pom_intro.ActionsDragAndDropTest@462d5aee]" name="setUp" is-config="true" duration-ms="1438" started-at="2021-12-18T11:31:49 EST" finished-at="2021-12-18T11:31:51 EST">
          <reporter-output>
          </reporter-output>
        </test-method> <!-- setUp -->
        <test-method status="PASS" signature="dragAndDropTest()[pri:0, instance:com.cybertek.tests.day18_actions_pom_intro.ActionsDragAndDropTest@462d5aee]" name="dragAndDropTest" duration-ms="2228" started-at="2021-12-18T11:31:51 EST" finished-at="2021-12-18T11:31:53 EST">
          <reporter-output>
          </reporter-output>
        </test-method> <!-- dragAndDropTest -->
        <test-method status="PASS" signature="tearDown()[pri:0, instance:com.cybertek.tests.day18_actions_pom_intro.ActionsDragAndDropTest@462d5aee]" name="tearDown" is-config="true" duration-ms="79" started-at="2021-12-18T11:31:53 EST" finished-at="2021-12-18T11:31:53 EST">
          <reporter-output>
          </reporter-output>
        </test-method> <!-- tearDown -->
      </class> <!-- com.cybertek.tests.day18_actions_pom_intro.ActionsDragAndDropTest -->
      <class name="com.cybertek.tests.day20_review_wait.IframeActionsTest">
        <test-method status="PASS" signature="setUp()[pri:0, instance:com.cybertek.tests.day20_review_wait.IframeActionsTest@757942a1]" name="setUp" is-config="true" duration-ms="1444" started-at="2021-12-18T11:32:04 EST" finished-at="2021-12-18T11:32:05 EST">
          <reporter-output>
          </reporter-output>
        </test-method> <!-- setUp -->
        <test-method status="PASS" signature="test()[pri:0, instance:com.cybertek.tests.day20_review_wait.IframeActionsTest@757942a1]" name="test" duration-ms="7075" started-at="2021-12-18T11:32:05 EST" finished-at="2021-12-18T11:32:12 EST">
          <reporter-output>
          </reporter-output>
        </test-method> <!-- test -->
        <test-method status="PASS" signature="tearDown()[pri:0, instance:com.cybertek.tests.day20_review_wait.IframeActionsTest@757942a1]" name="tearDown" is-config="true" duration-ms="86" started-at="2021-12-18T11:32:12 EST" finished-at="2021-12-18T11:32:12 EST">
          <reporter-output>
          </reporter-output>
        </test-method> <!-- tearDown -->
      </class> <!-- com.cybertek.tests.day20_review_wait.IframeActionsTest -->
      <class name="com.cybertek.tests.day15_properites_driverutil_testbase.DriverUtilTest">
        <test-method status="PASS" signature="driverClassTest()[pri:0, instance:com.cybertek.tests.day15_properites_driverutil_testbase.DriverUtilTest@612679d6]" name="driverClassTest" duration-ms="9559" started-at="2021-12-18T11:30:46 EST" finished-at="2021-12-18T11:30:55 EST">
          <reporter-output>
          </reporter-output>
        </test-method> <!-- driverClassTest -->
      </class> <!-- com.cybertek.tests.day15_properites_driverutil_testbase.DriverUtilTest -->
      <class name="com.cybertek.tests.day13_faker_practice_browserutil_properties.RegistrationFormNegativeTest">
        <test-method status="PASS" signature="setUp()[pri:0, instance:com.cybertek.tests.day13_faker_practice_browserutil_properties.RegistrationFormNegativeTest@ed9d034]" name="setUp" is-config="true" duration-ms="2679" started-at="2021-12-18T11:28:44 EST" finished-at="2021-12-18T11:28:47 EST">
          <reporter-output>
          </reporter-output>
        </test-method> <!-- setUp -->
        <test-method status="FAIL" signature="invalidFirstNameTest()[pri:0, instance:com.cybertek.tests.day13_faker_practice_browserutil_properties.RegistrationFormNegativeTest@ed9d034]" name="invalidFirstNameTest" duration-ms="5043" started-at="2021-12-18T11:28:47 EST" finished-at="2021-12-18T11:28:52 EST">
          <exception class="org.openqa.selenium.NoSuchElementException">
            <message>
              <![CDATA[no such element: Unable to locate element: {"method":"css selector","selector":"#Wooden_spoon"}
  (Session info: chrome=96.0.4664.110)
For documentation on this error, please visit: https://www.seleniumhq.org/exceptions/no_such_element.html
Build info: version: '3.141.59', revision: 'e82be7d358', time: '2018-11-14T08:17:03'
System info: host: 'Juans-MBP.fios-router.home', ip: 'fe80:0:0:0:14b3:ad2e:936a:44fd%en0', os.name: 'Mac OS X', os.arch: 'x86_64', os.version: '10.16', java.version: '1.8.0_231'
Driver info: org.openqa.selenium.chrome.ChromeDriver
Capabilities {acceptInsecureCerts: false, browserName: chrome, browserVersion: 96.0.4664.110, chrome: {chromedriverVersion: 96.0.4664.45 (76e4c1bb2ab46..., userDataDir: /var/folders/6p/tpncg1t9257...}, goog:chromeOptions: {debuggerAddress: localhost:49854}, javascriptEnabled: true, networkConnectionEnabled: false, pageLoadStrategy: normal, platform: MAC, platformName: MAC, proxy: Proxy(), setWindowRect: true, strictFileInteractability: false, timeouts: {implicit: 0, pageLoad: 300000, script: 30000}, unhandledPromptBehavior: dismiss and notify, webauthn:extension:credBlob: true, webauthn:extension:largeBlob: true, webauthn:virtualAuthenticators: true}
Session ID: 9c406efcc7c75e2ce62c9d8671f8c4ed
*** Element info: {Using=id, value=Wooden_spoon}]]>
            </message>
            <full-stacktrace>
              <![CDATA[org.openqa.selenium.NoSuchElementException: no such element: Unable to locate element: {"method":"css selector","selector":"#Wooden_spoon"}
  (Session info: chrome=96.0.4664.110)
For documentation on this error, please visit: https://www.seleniumhq.org/exceptions/no_such_element.html
Build info: version: '3.141.59', revision: 'e82be7d358', time: '2018-11-14T08:17:03'
System info: host: 'Juans-MBP.fios-router.home', ip: 'fe80:0:0:0:14b3:ad2e:936a:44fd%en0', os.name: 'Mac OS X', os.arch: 'x86_64', os.version: '10.16', java.version: '1.8.0_231'
Driver info: org.openqa.selenium.chrome.ChromeDriver
Capabilities {acceptInsecureCerts: false, browserName: chrome, browserVersion: 96.0.4664.110, chrome: {chromedriverVersion: 96.0.4664.45 (76e4c1bb2ab46..., userDataDir: /var/folders/6p/tpncg1t9257...}, goog:chromeOptions: {debuggerAddress: localhost:49854}, javascriptEnabled: true, networkConnectionEnabled: false, pageLoadStrategy: normal, platform: MAC, platformName: MAC, proxy: Proxy(), setWindowRect: true, strictFileInteractability: false, timeouts: {implicit: 0, pageLoad: 300000, script: 30000}, unhandledPromptBehavior: dismiss and notify, webauthn:extension:credBlob: true, webauthn:extension:largeBlob: true, webauthn:virtualAuthenticators: true}
Session ID: 9c406efcc7c75e2ce62c9d8671f8c4ed
*** Element info: {Using=id, value=Wooden_spoon}
at sun.reflect.NativeConstructorAccessorImpl.newInstance0(Native Method)
at sun.reflect.NativeConstructorAccessorImpl.newInstance(NativeConstructorAccessorImpl.java:62)
at sun.reflect.DelegatingConstructorAccessorImpl.newInstance(DelegatingConstructorAccessorImpl.java:45)
at java.lang.reflect.Constructor.newInstance(Constructor.java:423)
at org.openqa.selenium.remote.http.W3CHttpResponseCodec.createException(W3CHttpResponseCodec.java:187)
at org.openqa.selenium.remote.http.W3CHttpResponseCodec.decode(W3CHttpResponseCodec.java:122)
at org.openqa.selenium.remote.http.W3CHttpResponseCodec.decode(W3CHttpResponseCodec.java:49)
at org.openqa.selenium.remote.HttpCommandExecutor.execute(HttpCommandExecutor.java:158)
at org.openqa.selenium.remote.service.DriverCommandExecutor.execute(DriverCommandExecutor.java:83)
at org.openqa.selenium.remote.RemoteWebDriver.execute(RemoteWebDriver.java:552)
at org.openqa.selenium.remote.RemoteWebDriver.findElement(RemoteWebDriver.java:323)
at org.openqa.selenium.remote.RemoteWebDriver.findElementById(RemoteWebDriver.java:372)
at org.openqa.selenium.By$ById.findElement(By.java:188)
at org.openqa.selenium.remote.RemoteWebDriver.findElement(RemoteWebDriver.java:315)
at com.cybertek.tests.day13_faker_practice_browserutil_properties.RegistrationFormNegativeTest.invalidFirstNameTest(RegistrationFormNegativeTest.java:15)
at sun.reflect.NativeMethodAccessorImpl.invoke0(Native Method)
at sun.reflect.NativeMethodAccessorImpl.invoke(NativeMethodAccessorImpl.java:62)
at sun.reflect.DelegatingMethodAccessorImpl.invoke(DelegatingMethodAccessorImpl.java:43)
at java.lang.reflect.Method.invoke(Method.java:498)
at org.testng.internal.MethodInvocationHelper.invokeMethod(MethodInvocationHelper.java:133)
at org.testng.internal.TestInvoker.invokeMethod(TestInvoker.java:598)
at org.testng.internal.TestInvoker.invokeTestMethod(TestInvoker.java:173)
at org.testng.internal.MethodRunner.runInSequence(MethodRunner.java:46)
at org.testng.internal.TestInvoker$MethodInvocationAgent.invoke(TestInvoker.java:824)
at org.testng.internal.TestInvoker.invokeTestMethods(TestInvoker.java:146)
at org.testng.internal.TestMethodWorker.invokeTestMethods(TestMethodWorker.java:146)
at org.testng.internal.TestMethodWorker.run(TestMethodWorker.java:128)
at java.util.ArrayList.forEach(ArrayList.java:1257)
at org.testng.TestRunner.privateRun(TestRunner.java:794)
at org.testng.TestRunner.run(TestRunner.java:596)
at org.testng.SuiteRunner.runTest(SuiteRunner.java:377)
at org.testng.SuiteRunner.runSequentially(SuiteRunner.java:371)
at org.testng.SuiteRunner.privateRun(SuiteRunner.java:332)
at org.testng.SuiteRunner.run(SuiteRunner.java:276)
at org.testng.SuiteRunnerWorker.runSuite(SuiteRunnerWorker.java:53)
at org.testng.SuiteRunnerWorker.run(SuiteRunnerWorker.java:96)
at org.testng.TestNG.runSuitesSequentially(TestNG.java:1212)
at org.testng.TestNG.runSuitesLocally(TestNG.java:1134)
at org.testng.TestNG.runSuites(TestNG.java:1063)
at org.testng.TestNG.run(TestNG.java:1031)
at org.apache.maven.surefire.testng.TestNGExecutor.run(TestNGExecutor.java:77)
at org.apache.maven.surefire.testng.TestNGDirectoryTestSuite.executeMulti(TestNGDirectoryTestSuite.java:159)
at org.apache.maven.surefire.testng.TestNGDirectoryTestSuite.execute(TestNGDirectoryTestSuite.java:99)
at org.apache.maven.surefire.testng.TestNGProvider.invoke(TestNGProvider.java:106)
at sun.reflect.NativeMethodAccessorImpl.invoke0(Native Method)
at sun.reflect.NativeMethodAccessorImpl.invoke(NativeMethodAccessorImpl.java:62)
at sun.reflect.DelegatingMethodAccessorImpl.invoke(DelegatingMethodAccessorImpl.java:43)
at java.lang.reflect.Method.invoke(Method.java:498)
at org.apache.maven.surefire.util.ReflectionUtils.invokeMethodWithArray(ReflectionUtils.java:189)
at org.apache.maven.surefire.booter.ProviderFactory$ProviderProxy.invoke(ProviderFactory.java:165)
at org.apache.maven.surefire.booter.ProviderFactory.invokeProvider(ProviderFactory.java:85)
at org.apache.maven.surefire.booter.ForkedBooter.runSuitesInProcess(ForkedBooter.java:115)
at org.apache.maven.surefire.booter.ForkedBooter.main(ForkedBooter.java:75)
]]>
            </full-stacktrace>
          </exception> <!-- org.openqa.selenium.NoSuchElementException -->
          <reporter-output>
          </reporter-output>
        </test-method> <!-- invalidFirstNameTest -->
        <test-method status="PASS" signature="tearDown()[pri:0, instance:com.cybertek.tests.day13_faker_practice_browserutil_properties.RegistrationFormNegativeTest@ed9d034]" name="tearDown" is-config="true" duration-ms="3105" started-at="2021-12-18T11:28:52 EST" finished-at="2021-12-18T11:28:55 EST">
          <reporter-output>
          </reporter-output>
        </test-method> <!-- tearDown -->
      </class> <!-- com.cybertek.tests.day13_faker_practice_browserutil_properties.RegistrationFormNegativeTest -->
    </test> <!-- Command line test -->
  </suite> <!-- Command line suite -->
</testng-results>
